2021-10-27 10:16:01,039 Namespace(eval_interval=1, frequent=10, gpus='', num_workers=4, out_dir='out')
2021-10-27 10:16:01,052 => load 200 samples
2021-10-27 10:16:01,055 => load 200 samples
2021-10-27 10:16:01,626 Epoch: [0][0/200]	Time 0.570s (0.570s)	Speed 56.2 samples/s	Data 0.091s (0.091s)	Loss 2.53597 (2.53597)
2021-10-27 10:16:05,488 Epoch: [0][10/200]	Time 0.489s (0.403s)	Speed 65.5 samples/s	Data 0.001s (0.010s)	Loss 2.05252 (2.26275)
2021-10-27 10:16:09,600 Epoch: [0][20/200]	Time 0.343s (0.407s)	Speed 93.2 samples/s	Data 0.001s (0.006s)	Loss 1.76621 (2.08504)
2021-10-27 10:16:13,178 Epoch: [0][30/200]	Time 0.359s (0.391s)	Speed 89.2 samples/s	Data 0.001s (0.005s)	Loss 1.51209 (1.93444)
2021-10-27 10:16:16,734 Epoch: [0][40/200]	Time 0.339s (0.382s)	Speed 94.5 samples/s	Data 0.002s (0.004s)	Loss 1.28909 (1.80108)
2021-10-27 10:16:20,401 Epoch: [0][50/200]	Time 0.349s (0.379s)	Speed 91.6 samples/s	Data 0.001s (0.004s)	Loss 1.09655 (1.68019)
2021-10-27 10:16:24,229 Epoch: [0][60/200]	Time 0.418s (0.380s)	Speed 76.6 samples/s	Data 0.001s (0.003s)	Loss 0.92831 (1.56848)
2021-10-27 10:16:27,883 Epoch: [0][70/200]	Time 0.341s (0.378s)	Speed 94.0 samples/s	Data 0.001s (0.003s)	Loss 0.77061 (1.46663)
2021-10-27 10:16:31,396 Epoch: [0][80/200]	Time 0.353s (0.375s)	Speed 90.7 samples/s	Data 0.001s (0.003s)	Loss 0.65908 (1.37322)
2021-10-27 10:16:35,660 Epoch: [0][90/200]	Time 0.662s (0.380s)	Speed 48.3 samples/s	Data 0.002s (0.003s)	Loss 0.57869 (1.28903)
2021-10-27 10:16:40,350 Epoch: [0][100/200]	Time 0.411s (0.389s)	Speed 77.8 samples/s	Data 0.001s (0.003s)	Loss 0.48612 (1.21319)
2021-10-27 10:16:44,368 Epoch: [0][110/200]	Time 0.348s (0.390s)	Speed 92.1 samples/s	Data 0.001s (0.003s)	Loss 0.41599 (1.14464)
2021-10-27 10:16:47,971 Epoch: [0][120/200]	Time 0.341s (0.388s)	Speed 93.8 samples/s	Data 0.001s (0.003s)	Loss 0.36422 (1.08283)
2021-10-27 10:16:51,661 Epoch: [0][130/200]	Time 0.343s (0.386s)	Speed 93.3 samples/s	Data 0.001s (0.003s)	Loss 0.34672 (1.02680)
2021-10-27 10:16:55,282 Epoch: [0][140/200]	Time 0.346s (0.385s)	Speed 92.4 samples/s	Data 0.001s (0.003s)	Loss 0.30918 (0.97694)
2021-10-27 10:16:58,974 Epoch: [0][150/200]	Time 0.342s (0.384s)	Speed 93.6 samples/s	Data 0.002s (0.003s)	Loss 0.28733 (0.93140)
2021-10-27 10:17:02,614 Epoch: [0][160/200]	Time 0.369s (0.382s)	Speed 86.8 samples/s	Data 0.001s (0.002s)	Loss 0.26830 (0.89036)
2021-10-27 10:17:06,362 Epoch: [0][170/200]	Time 0.346s (0.382s)	Speed 92.4 samples/s	Data 0.001s (0.002s)	Loss 0.25985 (0.85309)
2021-10-27 10:17:10,025 Epoch: [0][180/200]	Time 0.336s (0.381s)	Speed 95.2 samples/s	Data 0.002s (0.002s)	Loss 0.23144 (0.81920)
2021-10-27 10:17:13,675 Epoch: [0][190/200]	Time 0.358s (0.380s)	Speed 89.4 samples/s	Data 0.001s (0.002s)	Loss 0.20636 (0.78763)
2021-10-27 10:17:17,238 Test: [0/200]	Time 0.084 (0.084)	Loss 0.4794 (0.4794)
2021-10-27 10:17:17,610 Test: [10/200]	Time 0.026 (0.042)	Loss 0.1507 (0.3859)
2021-10-27 10:17:18,055 Test: [20/200]	Time 0.041 (0.043)	Loss 0.2853 (0.3984)
2021-10-27 10:17:18,487 Test: [30/200]	Time 0.041 (0.043)	Loss 0.5993 (0.4074)
2021-10-27 10:17:18,911 Test: [40/200]	Time 0.041 (0.043)	Loss 0.4311 (0.4237)
2021-10-27 10:17:19,289 Test: [50/200]	Time 0.041 (0.042)	Loss 0.5194 (0.4282)
2021-10-27 10:17:19,639 Test: [60/200]	Time 0.027 (0.041)	Loss 0.4967 (0.4288)
2021-10-27 10:17:19,942 Test: [70/200]	Time 0.026 (0.039)	Loss 0.4127 (0.4273)
2021-10-27 10:17:20,260 Test: [80/200]	Time 0.038 (0.038)	Loss 0.4987 (0.4215)
2021-10-27 10:17:20,613 Test: [90/200]	Time 0.027 (0.038)	Loss 0.5107 (0.4252)
2021-10-27 10:17:21,024 Test: [100/200]	Time 0.041 (0.038)	Loss 0.5170 (0.4237)
2021-10-27 10:17:21,331 Test: [110/200]	Time 0.026 (0.038)	Loss 0.5047 (0.4253)
2021-10-27 10:17:21,767 Test: [120/200]	Time 0.041 (0.038)	Loss 0.4805 (0.4230)
2021-10-27 10:17:22,115 Test: [130/200]	Time 0.026 (0.038)	Loss 0.4096 (0.4280)
2021-10-27 10:17:22,428 Test: [140/200]	Time 0.026 (0.037)	Loss 0.3841 (0.4269)
2021-10-27 10:17:22,810 Test: [150/200]	Time 0.026 (0.037)	Loss 0.4748 (0.4257)
2021-10-27 10:17:23,121 Test: [160/200]	Time 0.025 (0.037)	Loss 0.4514 (0.4257)
2021-10-27 10:17:23,559 Test: [170/200]	Time 0.041 (0.037)	Loss 0.3068 (0.4229)
2021-10-27 10:17:23,876 Test: [180/200]	Time 0.026 (0.037)	Loss 0.3491 (0.4205)
2021-10-27 10:17:24,186 Test: [190/200]	Time 0.025 (0.037)	Loss 0.3770 (0.4220)
2021-10-27 10:17:25,599 Mean IoU score: 0.166
2021-10-27 10:17:25,602 => saving checkpoint to out
2021-10-27 10:17:26,361 Epoch: [1][0/200]	Time 0.734s (0.734s)	Speed 43.6 samples/s	Data 0.075s (0.075s)	Loss 0.20143 (0.20143)
2021-10-27 10:17:30,377 Epoch: [1][10/200]	Time 0.398s (0.432s)	Speed 80.3 samples/s	Data 0.002s (0.008s)	Loss 0.20041 (0.20827)
2021-10-27 10:17:34,203 Epoch: [1][20/200]	Time 0.405s (0.408s)	Speed 79.0 samples/s	Data 0.001s (0.005s)	Loss 0.25109 (0.20436)
2021-10-27 10:17:38,034 Epoch: [1][30/200]	Time 0.337s (0.400s)	Speed 95.0 samples/s	Data 0.001s (0.004s)	Loss 0.16522 (0.20093)
2021-10-27 10:17:41,643 Epoch: [1][40/200]	Time 0.375s (0.391s)	Speed 85.4 samples/s	Data 0.001s (0.003s)	Loss 0.17910 (0.19576)
2021-10-27 10:17:45,221 Epoch: [1][50/200]	Time 0.334s (0.384s)	Speed 95.8 samples/s	Data 0.001s (0.003s)	Loss 0.15364 (0.19176)
2021-10-27 10:17:49,289 Epoch: [1][60/200]	Time 0.394s (0.388s)	Speed 81.2 samples/s	Data 0.002s (0.003s)	Loss 0.16445 (0.18798)
2021-10-27 10:17:54,764 Epoch: [1][70/200]	Time 0.421s (0.410s)	Speed 76.1 samples/s	Data 0.002s (0.003s)	Loss 0.15681 (0.18391)
2021-10-27 10:17:59,697 Epoch: [1][80/200]	Time 0.334s (0.421s)	Speed 95.8 samples/s	Data 0.002s (0.003s)	Loss 0.12113 (0.17910)
2021-10-27 10:18:03,370 Epoch: [1][90/200]	Time 0.368s (0.415s)	Speed 87.0 samples/s	Data 0.002s (0.003s)	Loss 0.13719 (0.17436)
2021-10-27 10:18:07,049 Epoch: [1][100/200]	Time 0.340s (0.410s)	Speed 94.1 samples/s	Data 0.002s (0.002s)	Loss 0.12851 (0.17127)
2021-10-27 10:18:10,956 Epoch: [1][110/200]	Time 0.384s (0.408s)	Speed 83.4 samples/s	Data 0.002s (0.002s)	Loss 0.12097 (0.16781)
2021-10-27 10:18:14,754 Epoch: [1][120/200]	Time 0.431s (0.406s)	Speed 74.2 samples/s	Data 0.002s (0.002s)	Loss 0.10478 (0.16360)
2021-10-27 10:18:20,215 Epoch: [1][130/200]	Time 0.398s (0.417s)	Speed 80.3 samples/s	Data 0.002s (0.002s)	Loss 0.10457 (0.15968)
2021-10-27 10:18:24,242 Epoch: [1][140/200]	Time 0.392s (0.416s)	Speed 81.7 samples/s	Data 0.002s (0.002s)	Loss 0.12302 (0.15611)
2021-10-27 10:18:29,871 Epoch: [1][150/200]	Time 0.332s (0.425s)	Speed 96.5 samples/s	Data 0.001s (0.002s)	Loss 0.09355 (0.15261)
2021-10-27 10:18:35,083 Epoch: [1][160/200]	Time 0.361s (0.431s)	Speed 88.7 samples/s	Data 0.001s (0.002s)	Loss 0.10451 (0.14948)
2021-10-27 10:18:38,709 Epoch: [1][170/200]	Time 0.374s (0.427s)	Speed 85.7 samples/s	Data 0.001s (0.002s)	Loss 0.08841 (0.14644)
2021-10-27 10:18:42,567 Epoch: [1][180/200]	Time 0.442s (0.425s)	Speed 72.5 samples/s	Data 0.002s (0.002s)	Loss 0.09646 (0.14348)
2021-10-27 10:18:46,774 Epoch: [1][190/200]	Time 0.410s (0.425s)	Speed 78.1 samples/s	Data 0.002s (0.002s)	Loss 0.09332 (0.14070)
2021-10-27 10:18:51,559 Test: [0/200]	Time 0.099 (0.099)	Loss 0.2378 (0.2378)
2021-10-27 10:18:51,884 Test: [10/200]	Time 0.025 (0.039)	Loss 0.0617 (0.1809)
2021-10-27 10:18:52,185 Test: [20/200]	Time 0.026 (0.035)	Loss 0.1367 (0.1835)
2021-10-27 10:18:52,470 Test: [30/200]	Time 0.025 (0.033)	Loss 0.2542 (0.1915)
2021-10-27 10:18:52,852 Test: [40/200]	Time 0.041 (0.034)	Loss 0.1718 (0.1994)
2021-10-27 10:18:53,193 Test: [50/200]	Time 0.025 (0.034)	Loss 0.2557 (0.1997)
2021-10-27 10:18:53,477 Test: [60/200]	Time 0.026 (0.033)	Loss 0.2272 (0.2012)
2021-10-27 10:18:53,795 Test: [70/200]	Time 0.026 (0.033)	Loss 0.1795 (0.2007)
2021-10-27 10:18:54,092 Test: [80/200]	Time 0.025 (0.032)	Loss 0.2577 (0.1978)
2021-10-27 10:18:54,391 Test: [90/200]	Time 0.025 (0.032)	Loss 0.2620 (0.2004)
2021-10-27 10:18:54,699 Test: [100/200]	Time 0.025 (0.032)	Loss 0.2784 (0.1992)
2021-10-27 10:18:55,006 Test: [110/200]	Time 0.025 (0.032)	Loss 0.2784 (0.2003)
2021-10-27 10:18:55,284 Test: [120/200]	Time 0.025 (0.032)	Loss 0.2369 (0.1987)
2021-10-27 10:18:55,588 Test: [130/200]	Time 0.027 (0.032)	Loss 0.1822 (0.2013)
2021-10-27 10:18:55,874 Test: [140/200]	Time 0.025 (0.031)	Loss 0.1912 (0.2010)
2021-10-27 10:18:56,158 Test: [150/200]	Time 0.025 (0.031)	Loss 0.2019 (0.1994)
2021-10-27 10:18:56,468 Test: [160/200]	Time 0.027 (0.031)	Loss 0.2383 (0.1992)
2021-10-27 10:18:56,755 Test: [170/200]	Time 0.025 (0.031)	Loss 0.1619 (0.1977)
2021-10-27 10:18:57,060 Test: [180/200]	Time 0.025 (0.031)	Loss 0.1498 (0.1966)
2021-10-27 10:18:57,343 Test: [190/200]	Time 0.025 (0.031)	Loss 0.1379 (0.1974)
2021-10-27 10:18:58,501 Mean IoU score: 0.573
2021-10-27 10:18:58,502 => saving checkpoint to out
2021-10-27 10:18:59,122 Epoch: [2][0/200]	Time 0.551s (0.551s)	Speed 58.1 samples/s	Data 0.085s (0.085s)	Loss 0.07331 (0.07331)
2021-10-27 10:19:02,909 Epoch: [2][10/200]	Time 0.394s (0.394s)	Speed 81.1 samples/s	Data 0.002s (0.009s)	Loss 0.08177 (0.08071)
2021-10-27 10:19:06,530 Epoch: [2][20/200]	Time 0.361s (0.379s)	Speed 88.7 samples/s	Data 0.002s (0.006s)	Loss 0.07963 (0.07756)
2021-10-27 10:19:10,128 Epoch: [2][30/200]	Time 0.339s (0.373s)	Speed 94.5 samples/s	Data 0.002s (0.004s)	Loss 0.06827 (0.07453)
2021-10-27 10:19:13,985 Epoch: [2][40/200]	Time 0.398s (0.376s)	Speed 80.4 samples/s	Data 0.002s (0.004s)	Loss 0.06623 (0.07406)
2021-10-27 10:19:19,477 Epoch: [2][50/200]	Time 1.054s (0.410s)	Speed 30.3 samples/s	Data 0.002s (0.003s)	Loss 0.06057 (0.07246)
2021-10-27 10:19:23,125 Epoch: [2][60/200]	Time 0.346s (0.403s)	Speed 92.5 samples/s	Data 0.001s (0.003s)	Loss 0.05635 (0.07106)
2021-10-27 10:19:27,110 Epoch: [2][70/200]	Time 0.397s (0.402s)	Speed 80.5 samples/s	Data 0.002s (0.003s)	Loss 0.06856 (0.06954)
2021-10-27 10:19:31,218 Epoch: [2][80/200]	Time 0.418s (0.403s)	Speed 76.6 samples/s	Data 0.002s (0.003s)	Loss 0.06304 (0.06854)
2021-10-27 10:19:35,303 Epoch: [2][90/200]	Time 0.413s (0.404s)	Speed 77.5 samples/s	Data 0.002s (0.003s)	Loss 0.05277 (0.06731)
2021-10-27 10:19:39,384 Epoch: [2][100/200]	Time 0.398s (0.404s)	Speed 80.4 samples/s	Data 0.002s (0.003s)	Loss 0.05790 (0.06602)
2021-10-27 10:19:43,530 Epoch: [2][110/200]	Time 0.424s (0.405s)	Speed 75.5 samples/s	Data 0.002s (0.002s)	Loss 0.05370 (0.06551)
2021-10-27 10:19:49,588 Epoch: [2][120/200]	Time 0.422s (0.422s)	Speed 75.9 samples/s	Data 0.002s (0.003s)	Loss 0.06027 (0.06438)
2021-10-27 10:19:53,656 Epoch: [2][130/200]	Time 0.412s (0.420s)	Speed 77.6 samples/s	Data 0.002s (0.002s)	Loss 0.05760 (0.06348)
2021-10-27 10:19:57,741 Epoch: [2][140/200]	Time 0.414s (0.420s)	Speed 77.4 samples/s	Data 0.002s (0.002s)	Loss 0.05591 (0.06276)
2021-10-27 10:20:02,094 Epoch: [2][150/200]	Time 0.402s (0.421s)	Speed 79.5 samples/s	Data 0.002s (0.002s)	Loss 0.04314 (0.06212)
2021-10-27 10:20:06,454 Epoch: [2][160/200]	Time 0.363s (0.422s)	Speed 88.2 samples/s	Data 0.001s (0.002s)	Loss 0.03996 (0.06112)
2021-10-27 10:20:09,967 Epoch: [2][170/200]	Time 0.333s (0.418s)	Speed 96.0 samples/s	Data 0.002s (0.002s)	Loss 0.04498 (0.06023)
2021-10-27 10:20:14,831 Epoch: [2][180/200]	Time 0.371s (0.421s)	Speed 86.2 samples/s	Data 0.002s (0.002s)	Loss 0.04407 (0.05930)
2021-10-27 10:20:18,468 Epoch: [2][190/200]	Time 0.402s (0.418s)	Speed 79.6 samples/s	Data 0.002s (0.002s)	Loss 0.05017 (0.05852)
2021-10-27 10:20:22,327 Test: [0/200]	Time 0.108 (0.108)	Loss 0.1175 (0.1175)
2021-10-27 10:20:22,785 Test: [10/200]	Time 0.029 (0.052)	Loss 0.0331 (0.1096)
2021-10-27 10:20:23,118 Test: [20/200]	Time 0.031 (0.043)	Loss 0.0673 (0.1110)
2021-10-27 10:20:23,499 Test: [30/200]	Time 0.049 (0.041)	Loss 0.1886 (0.1190)
2021-10-27 10:20:23,859 Test: [40/200]	Time 0.029 (0.040)	Loss 0.1008 (0.1229)
2021-10-27 10:20:24,147 Test: [50/200]	Time 0.026 (0.038)	Loss 0.1613 (0.1237)
2021-10-27 10:20:24,442 Test: [60/200]	Time 0.025 (0.036)	Loss 0.1407 (0.1264)
2021-10-27 10:20:24,737 Test: [70/200]	Time 0.025 (0.035)	Loss 0.0996 (0.1259)
2021-10-27 10:20:25,136 Test: [80/200]	Time 0.026 (0.036)	Loss 0.1426 (0.1238)
2021-10-27 10:20:25,433 Test: [90/200]	Time 0.026 (0.035)	Loss 0.1863 (0.1252)
2021-10-27 10:20:25,726 Test: [100/200]	Time 0.026 (0.035)	Loss 0.1856 (0.1244)
2021-10-27 10:20:26,028 Test: [110/200]	Time 0.025 (0.034)	Loss 0.1973 (0.1252)
2021-10-27 10:20:26,338 Test: [120/200]	Time 0.028 (0.034)	Loss 0.1594 (0.1235)
2021-10-27 10:20:26,670 Test: [130/200]	Time 0.027 (0.034)	Loss 0.1226 (0.1248)
2021-10-27 10:20:26,962 Test: [140/200]	Time 0.028 (0.034)	Loss 0.1031 (0.1239)
2021-10-27 10:20:27,267 Test: [150/200]	Time 0.026 (0.033)	Loss 0.1125 (0.1226)
2021-10-27 10:20:27,695 Test: [160/200]	Time 0.041 (0.034)	Loss 0.1365 (0.1225)
2021-10-27 10:20:28,082 Test: [170/200]	Time 0.025 (0.034)	Loss 0.1213 (0.1214)
2021-10-27 10:20:28,366 Test: [180/200]	Time 0.025 (0.034)	Loss 0.1090 (0.1203)
2021-10-27 10:20:28,685 Test: [190/200]	Time 0.025 (0.034)	Loss 0.0724 (0.1203)
2021-10-27 10:20:29,810 Mean IoU score: 0.734
2021-10-27 10:20:29,811 => saving checkpoint to out
2021-10-27 10:20:30,425 Epoch: [3][0/200]	Time 0.537s (0.537s)	Speed 59.6 samples/s	Data 0.073s (0.073s)	Loss 0.03713 (0.03713)
2021-10-27 10:20:34,421 Epoch: [3][10/200]	Time 0.398s (0.412s)	Speed 80.3 samples/s	Data 0.002s (0.008s)	Loss 0.04131 (0.04001)
2021-10-27 10:20:39,058 Epoch: [3][20/200]	Time 0.409s (0.437s)	Speed 78.3 samples/s	Data 0.002s (0.005s)	Loss 0.06019 (0.03944)
2021-10-27 10:20:44,895 Epoch: [3][30/200]	Time 0.402s (0.484s)	Speed 79.6 samples/s	Data 0.004s (0.004s)	Loss 0.02655 (0.03899)
2021-10-27 10:20:48,708 Epoch: [3][40/200]	Time 0.382s (0.459s)	Speed 83.8 samples/s	Data 0.001s (0.004s)	Loss 0.03640 (0.03825)
2021-10-27 10:20:52,772 Epoch: [3][50/200]	Time 0.420s (0.449s)	Speed 76.2 samples/s	Data 0.002s (0.003s)	Loss 0.03067 (0.03748)
2021-10-27 10:20:57,864 Epoch: [3][60/200]	Time 0.398s (0.459s)	Speed 80.5 samples/s	Data 0.002s (0.003s)	Loss 0.03044 (0.03666)
2021-10-27 10:21:02,004 Epoch: [3][70/200]	Time 0.401s (0.452s)	Speed 79.7 samples/s	Data 0.002s (0.003s)	Loss 0.03488 (0.03626)
2021-10-27 10:21:07,746 Epoch: [3][80/200]	Time 0.355s (0.467s)	Speed 90.3 samples/s	Data 0.001s (0.003s)	Loss 0.02503 (0.03595)
2021-10-27 10:21:11,609 Epoch: [3][90/200]	Time 0.410s (0.458s)	Speed 78.1 samples/s	Data 0.002s (0.003s)	Loss 0.02960 (0.03562)
2021-10-27 10:21:17,632 Epoch: [3][100/200]	Time 0.335s (0.473s)	Speed 95.4 samples/s	Data 0.001s (0.003s)	Loss 0.03069 (0.03541)
2021-10-27 10:21:21,246 Epoch: [3][110/200]	Time 0.399s (0.463s)	Speed 80.1 samples/s	Data 0.002s (0.002s)	Loss 0.02763 (0.03515)
2021-10-27 10:21:25,840 Epoch: [3][120/200]	Time 0.341s (0.462s)	Speed 93.9 samples/s	Data 0.002s (0.002s)	Loss 0.03685 (0.03511)
2021-10-27 10:21:31,080 Epoch: [3][130/200]	Time 1.504s (0.467s)	Speed 21.3 samples/s	Data 0.002s (0.002s)	Loss 0.03292 (0.03505)
2021-10-27 10:21:35,646 Epoch: [3][140/200]	Time 0.422s (0.466s)	Speed 75.8 samples/s	Data 0.002s (0.002s)	Loss 0.03284 (0.03487)
2021-10-27 10:21:39,724 Epoch: [3][150/200]	Time 0.400s (0.462s)	Speed 80.1 samples/s	Data 0.002s (0.002s)	Loss 0.02775 (0.03484)
2021-10-27 10:21:43,851 Epoch: [3][160/200]	Time 0.348s (0.459s)	Speed 92.0 samples/s	Data 0.002s (0.002s)	Loss 0.03057 (0.03489)
2021-10-27 10:21:47,976 Epoch: [3][170/200]	Time 0.405s (0.457s)	Speed 79.0 samples/s	Data 0.002s (0.002s)	Loss 0.04007 (0.03481)
2021-10-27 10:21:52,899 Epoch: [3][180/200]	Time 0.341s (0.459s)	Speed 93.9 samples/s	Data 0.001s (0.002s)	Loss 0.03256 (0.03459)
2021-10-27 10:21:56,456 Epoch: [3][190/200]	Time 0.360s (0.453s)	Speed 89.0 samples/s	Data 0.001s (0.002s)	Loss 0.02332 (0.03439)
2021-10-27 10:22:00,133 Test: [0/200]	Time 0.112 (0.112)	Loss 0.1282 (0.1282)
2021-10-27 10:22:00,538 Test: [10/200]	Time 0.029 (0.047)	Loss 0.0200 (0.0895)
2021-10-27 10:22:00,874 Test: [20/200]	Time 0.030 (0.041)	Loss 0.0561 (0.0970)
2021-10-27 10:22:01,213 Test: [30/200]	Time 0.030 (0.038)	Loss 0.1350 (0.1031)
2021-10-27 10:22:01,634 Test: [40/200]	Time 0.026 (0.039)	Loss 0.1043 (0.1084)
2021-10-27 10:22:01,985 Test: [50/200]	Time 0.025 (0.039)	Loss 0.1551 (0.1079)
2021-10-27 10:22:02,269 Test: [60/200]	Time 0.025 (0.037)	Loss 0.1135 (0.1087)
2021-10-27 10:22:02,673 Test: [70/200]	Time 0.033 (0.037)	Loss 0.1064 (0.1092)
2021-10-27 10:22:02,991 Test: [80/200]	Time 0.025 (0.037)	Loss 0.1142 (0.1070)
2021-10-27 10:22:03,294 Test: [90/200]	Time 0.025 (0.036)	Loss 0.1322 (0.1087)
2021-10-27 10:22:03,636 Test: [100/200]	Time 0.026 (0.036)	Loss 0.1420 (0.1081)
2021-10-27 10:22:03,942 Test: [110/200]	Time 0.026 (0.035)	Loss 0.1897 (0.1095)
2021-10-27 10:22:04,230 Test: [120/200]	Time 0.025 (0.035)	Loss 0.1011 (0.1082)
2021-10-27 10:22:04,542 Test: [130/200]	Time 0.029 (0.035)	Loss 0.1172 (0.1095)
2021-10-27 10:22:04,852 Test: [140/200]	Time 0.025 (0.034)	Loss 0.1028 (0.1090)
2021-10-27 10:22:05,152 Test: [150/200]	Time 0.025 (0.034)	Loss 0.1058 (0.1078)
2021-10-27 10:22:05,469 Test: [160/200]	Time 0.025 (0.034)	Loss 0.1121 (0.1079)
2021-10-27 10:22:05,755 Test: [170/200]	Time 0.025 (0.034)	Loss 0.0836 (0.1069)
2021-10-27 10:22:06,035 Test: [180/200]	Time 0.025 (0.033)	Loss 0.0770 (0.1061)
2021-10-27 10:22:06,373 Test: [190/200]	Time 0.025 (0.033)	Loss 0.0716 (0.1063)
2021-10-27 10:22:07,519 Mean IoU score: 0.753
2021-10-27 10:22:07,520 => saving checkpoint to out
2021-10-27 10:22:08,153 Epoch: [4][0/200]	Time 0.567s (0.567s)	Speed 56.5 samples/s	Data 0.078s (0.078s)	Loss 0.03589 (0.03589)
2021-10-27 10:22:12,092 Epoch: [4][10/200]	Time 0.340s (0.410s)	Speed 94.3 samples/s	Data 0.001s (0.009s)	Loss 0.02675 (0.02908)
2021-10-27 10:22:15,946 Epoch: [4][20/200]	Time 0.376s (0.398s)	Speed 85.2 samples/s	Data 0.001s (0.005s)	Loss 0.02356 (0.02757)
2021-10-27 10:22:19,675 Epoch: [4][30/200]	Time 0.348s (0.390s)	Speed 92.0 samples/s	Data 0.001s (0.004s)	Loss 0.02527 (0.02733)
2021-10-27 10:22:23,368 Epoch: [4][40/200]	Time 0.418s (0.385s)	Speed 76.6 samples/s	Data 0.003s (0.003s)	Loss 0.02407 (0.02746)
2021-10-27 10:22:27,595 Epoch: [4][50/200]	Time 0.414s (0.392s)	Speed 77.3 samples/s	Data 0.002s (0.003s)	Loss 0.02464 (0.02713)
2021-10-27 10:22:31,969 Epoch: [4][60/200]	Time 0.394s (0.400s)	Speed 81.2 samples/s	Data 0.002s (0.003s)	Loss 0.02033 (0.02669)
2021-10-27 10:22:37,669 Epoch: [4][70/200]	Time 0.388s (0.424s)	Speed 82.6 samples/s	Data 0.001s (0.003s)	Loss 0.02571 (0.02667)
2021-10-27 10:22:41,356 Epoch: [4][80/200]	Time 0.411s (0.417s)	Speed 77.9 samples/s	Data 0.002s (0.003s)	Loss 0.02360 (0.02640)
2021-10-27 10:22:46,324 Epoch: [4][90/200]	Time 0.409s (0.426s)	Speed 78.2 samples/s	Data 0.002s (0.003s)	Loss 0.02581 (0.02612)
2021-10-27 10:22:50,356 Epoch: [4][100/200]	Time 0.397s (0.423s)	Speed 80.6 samples/s	Data 0.002s (0.003s)	Loss 0.02541 (0.02607)
2021-10-27 10:22:56,138 Epoch: [4][110/200]	Time 0.352s (0.437s)	Speed 91.0 samples/s	Data 0.002s (0.002s)	Loss 0.02752 (0.02616)
2021-10-27 10:23:01,180 Epoch: [4][120/200]	Time 0.335s (0.443s)	Speed 95.5 samples/s	Data 0.002s (0.002s)	Loss 0.02763 (0.02599)
2021-10-27 10:23:05,251 Epoch: [4][130/200]	Time 0.403s (0.440s)	Speed 79.4 samples/s	Data 0.002s (0.002s)	Loss 0.02534 (0.02600)
2021-10-27 10:23:09,572 Epoch: [4][140/200]	Time 0.407s (0.440s)	Speed 78.7 samples/s	Data 0.002s (0.002s)	Loss 0.02468 (0.02607)
2021-10-27 10:23:14,249 Epoch: [4][150/200]	Time 0.352s (0.441s)	Speed 90.9 samples/s	Data 0.001s (0.002s)	Loss 0.02193 (0.02600)
2021-10-27 10:23:18,291 Epoch: [4][160/200]	Time 0.426s (0.439s)	Speed 75.1 samples/s	Data 0.002s (0.002s)	Loss 0.02224 (0.02574)
2021-10-27 10:23:23,839 Epoch: [4][170/200]	Time 0.605s (0.446s)	Speed 52.8 samples/s	Data 0.005s (0.002s)	Loss 0.01939 (0.02563)
2021-10-27 10:23:27,668 Epoch: [4][180/200]	Time 0.400s (0.442s)	Speed 79.9 samples/s	Data 0.002s (0.002s)	Loss 0.03127 (0.02557)
2021-10-27 10:23:31,215 Epoch: [4][190/200]	Time 0.374s (0.438s)	Speed 85.5 samples/s	Data 0.002s (0.002s)	Loss 0.02641 (0.02544)
2021-10-27 10:23:34,497 Test: [0/200]	Time 0.075 (0.075)	Loss 0.0742 (0.0742)
2021-10-27 10:23:34,809 Test: [10/200]	Time 0.025 (0.035)	Loss 0.0174 (0.0648)
2021-10-27 10:23:35,142 Test: [20/200]	Time 0.025 (0.034)	Loss 0.0576 (0.0695)
2021-10-27 10:23:35,464 Test: [30/200]	Time 0.030 (0.034)	Loss 0.1135 (0.0773)
2021-10-27 10:23:35,879 Test: [40/200]	Time 0.030 (0.036)	Loss 0.0549 (0.0792)
2021-10-27 10:23:36,377 Test: [50/200]	Time 0.047 (0.038)	Loss 0.1045 (0.0786)
2021-10-27 10:23:36,765 Test: [60/200]	Time 0.031 (0.038)	Loss 0.1057 (0.0808)
2021-10-27 10:23:37,111 Test: [70/200]	Time 0.030 (0.038)	Loss 0.0643 (0.0801)
2021-10-27 10:23:37,409 Test: [80/200]	Time 0.025 (0.037)	Loss 0.0790 (0.0783)
2021-10-27 10:23:37,714 Test: [90/200]	Time 0.025 (0.036)	Loss 0.0925 (0.0795)
2021-10-27 10:23:38,058 Test: [100/200]	Time 0.041 (0.036)	Loss 0.1193 (0.0788)
2021-10-27 10:23:38,408 Test: [110/200]	Time 0.041 (0.036)	Loss 0.1607 (0.0797)
2021-10-27 10:23:38,730 Test: [120/200]	Time 0.025 (0.036)	Loss 0.1001 (0.0782)
2021-10-27 10:23:39,024 Test: [130/200]	Time 0.025 (0.035)	Loss 0.0712 (0.0785)
2021-10-27 10:23:39,338 Test: [140/200]	Time 0.025 (0.035)	Loss 0.0597 (0.0777)
2021-10-27 10:23:39,659 Test: [150/200]	Time 0.026 (0.035)	Loss 0.0637 (0.0768)
2021-10-27 10:23:39,964 Test: [160/200]	Time 0.025 (0.034)	Loss 0.0754 (0.0765)
2021-10-27 10:23:40,248 Test: [170/200]	Time 0.025 (0.034)	Loss 0.0768 (0.0758)
2021-10-27 10:23:40,582 Test: [180/200]	Time 0.041 (0.034)	Loss 0.0481 (0.0751)
2021-10-27 10:23:40,944 Test: [190/200]	Time 0.026 (0.034)	Loss 0.0372 (0.0752)
2021-10-27 10:23:42,101 Mean IoU score: 0.825
2021-10-27 10:23:42,102 => saving checkpoint to out
2021-10-27 10:23:42,753 Epoch: [5][0/200]	Time 0.599s (0.599s)	Speed 53.4 samples/s	Data 0.082s (0.082s)	Loss 0.01769 (0.01769)
2021-10-27 10:23:46,548 Epoch: [5][10/200]	Time 0.364s (0.400s)	Speed 87.8 samples/s	Data 0.001s (0.009s)	Loss 0.01617 (0.02075)
2021-10-27 10:23:50,868 Epoch: [5][20/200]	Time 0.592s (0.415s)	Speed 54.0 samples/s	Data 0.002s (0.005s)	Loss 0.02325 (0.02114)
2021-10-27 10:23:55,579 Epoch: [5][30/200]	Time 0.470s (0.433s)	Speed 68.1 samples/s	Data 0.001s (0.004s)	Loss 0.02620 (0.02093)
2021-10-27 10:23:59,301 Epoch: [5][40/200]	Time 0.404s (0.418s)	Speed 79.2 samples/s	Data 0.002s (0.004s)	Loss 0.01862 (0.02083)
2021-10-27 10:24:03,404 Epoch: [5][50/200]	Time 0.405s (0.417s)	Speed 79.1 samples/s	Data 0.002s (0.003s)	Loss 0.02128 (0.02063)
2021-10-27 10:24:08,627 Epoch: [5][60/200]	Time 0.364s (0.434s)	Speed 87.9 samples/s	Data 0.001s (0.003s)	Loss 0.01411 (0.02020)
2021-10-27 10:24:12,279 Epoch: [5][70/200]	Time 0.355s (0.424s)	Speed 90.1 samples/s	Data 0.002s (0.003s)	Loss 0.01731 (0.02000)
2021-10-27 10:24:16,101 Epoch: [5][80/200]	Time 0.402s (0.419s)	Speed 79.6 samples/s	Data 0.002s (0.003s)	Loss 0.01876 (0.01985)
2021-10-27 10:24:21,478 Epoch: [5][90/200]	Time 0.412s (0.432s)	Speed 77.6 samples/s	Data 0.002s (0.003s)	Loss 0.01406 (0.01988)
2021-10-27 10:24:25,626 Epoch: [5][100/200]	Time 0.410s (0.430s)	Speed 78.0 samples/s	Data 0.002s (0.003s)	Loss 0.02078 (0.01989)
2021-10-27 10:24:29,711 Epoch: [5][110/200]	Time 0.402s (0.428s)	Speed 79.6 samples/s	Data 0.002s (0.003s)	Loss 0.02151 (0.01995)
2021-10-27 10:24:35,266 Epoch: [5][120/200]	Time 0.397s (0.439s)	Speed 80.6 samples/s	Data 0.002s (0.003s)	Loss 0.02319 (0.01987)
2021-10-27 10:24:41,163 Epoch: [5][130/200]	Time 0.721s (0.450s)	Speed 44.4 samples/s	Data 0.002s (0.003s)	Loss 0.02352 (0.01996)
2021-10-27 10:24:45,280 Epoch: [5][140/200]	Time 0.370s (0.448s)	Speed 86.5 samples/s	Data 0.002s (0.003s)	Loss 0.02139 (0.02002)
2021-10-27 10:24:50,941 Epoch: [5][150/200]	Time 0.343s (0.456s)	Speed 93.2 samples/s	Data 0.002s (0.002s)	Loss 0.02451 (0.02001)
2021-10-27 10:24:56,098 Epoch: [5][160/200]	Time 1.234s (0.459s)	Speed 25.9 samples/s	Data 0.004s (0.002s)	Loss 0.02105 (0.01989)
2021-10-27 10:25:00,516 Epoch: [5][170/200]	Time 0.351s (0.458s)	Speed 91.2 samples/s	Data 0.001s (0.002s)	Loss 0.01810 (0.01983)
2021-10-27 10:25:04,297 Epoch: [5][180/200]	Time 0.405s (0.454s)	Speed 79.0 samples/s	Data 0.002s (0.002s)	Loss 0.01744 (0.01984)
2021-10-27 10:25:08,352 Epoch: [5][190/200]	Time 0.398s (0.451s)	Speed 80.4 samples/s	Data 0.002s (0.002s)	Loss 0.01776 (0.01993)
2021-10-27 10:25:13,137 Test: [0/200]	Time 0.073 (0.073)	Loss 0.0990 (0.0990)
2021-10-27 10:25:13,446 Test: [10/200]	Time 0.026 (0.035)	Loss 0.0218 (0.0839)
2021-10-27 10:25:13,744 Test: [20/200]	Time 0.025 (0.032)	Loss 0.0691 (0.0876)
2021-10-27 10:25:14,047 Test: [30/200]	Time 0.026 (0.032)	Loss 0.2126 (0.0990)
2021-10-27 10:25:14,333 Test: [40/200]	Time 0.026 (0.031)	Loss 0.0667 (0.1028)
2021-10-27 10:25:14,623 Test: [50/200]	Time 0.025 (0.031)	Loss 0.1405 (0.1030)
2021-10-27 10:25:14,905 Test: [60/200]	Time 0.026 (0.030)	Loss 0.1301 (0.1059)
2021-10-27 10:25:15,192 Test: [70/200]	Time 0.025 (0.030)	Loss 0.0835 (0.1049)
2021-10-27 10:25:15,476 Test: [80/200]	Time 0.025 (0.030)	Loss 0.1450 (0.1035)
2021-10-27 10:25:15,771 Test: [90/200]	Time 0.025 (0.030)	Loss 0.1359 (0.1048)
2021-10-27 10:25:16,081 Test: [100/200]	Time 0.027 (0.030)	Loss 0.1627 (0.1040)
2021-10-27 10:25:16,370 Test: [110/200]	Time 0.025 (0.030)	Loss 0.1739 (0.1038)
2021-10-27 10:25:16,700 Test: [120/200]	Time 0.026 (0.030)	Loss 0.1376 (0.1016)
2021-10-27 10:25:17,013 Test: [130/200]	Time 0.027 (0.030)	Loss 0.0822 (0.1020)
2021-10-27 10:25:17,382 Test: [140/200]	Time 0.025 (0.031)	Loss 0.0873 (0.1012)
2021-10-27 10:25:17,671 Test: [150/200]	Time 0.025 (0.031)	Loss 0.0990 (0.1000)
2021-10-27 10:25:17,976 Test: [160/200]	Time 0.025 (0.031)	Loss 0.0977 (0.1001)
2021-10-27 10:25:18,297 Test: [170/200]	Time 0.026 (0.031)	Loss 0.0886 (0.0988)
2021-10-27 10:25:18,609 Test: [180/200]	Time 0.025 (0.031)	Loss 0.0717 (0.0978)
2021-10-27 10:25:18,896 Test: [190/200]	Time 0.025 (0.031)	Loss 0.0591 (0.0974)
2021-10-27 10:25:20,019 Mean IoU score: 0.768
2021-10-27 10:25:20,020 => saving checkpoint to out
2021-10-27 10:25:20,639 Epoch: [6][0/200]	Time 0.565s (0.565s)	Speed 56.7 samples/s	Data 0.077s (0.077s)	Loss 0.01717 (0.01717)
2021-10-27 10:25:24,524 Epoch: [6][10/200]	Time 0.350s (0.405s)	Speed 91.4 samples/s	Data 0.001s (0.008s)	Loss 0.02067 (0.01703)
2021-10-27 10:25:29,788 Epoch: [6][20/200]	Time 0.402s (0.463s)	Speed 79.5 samples/s	Data 0.002s (0.005s)	Loss 0.01730 (0.01799)
2021-10-27 10:25:33,939 Epoch: [6][30/200]	Time 0.397s (0.447s)	Speed 80.7 samples/s	Data 0.002s (0.004s)	Loss 0.01635 (0.01818)
2021-10-27 10:25:38,029 Epoch: [6][40/200]	Time 0.393s (0.438s)	Speed 81.5 samples/s	Data 0.002s (0.004s)	Loss 0.01618 (0.01783)
2021-10-27 10:25:42,086 Epoch: [6][50/200]	Time 0.405s (0.432s)	Speed 79.1 samples/s	Data 0.002s (0.003s)	Loss 0.01564 (0.01768)
2021-10-27 10:25:47,066 Epoch: [6][60/200]	Time 0.341s (0.442s)	Speed 93.9 samples/s	Data 0.001s (0.003s)	Loss 0.01377 (0.01737)
2021-10-27 10:25:52,793 Epoch: [6][70/200]	Time 0.368s (0.461s)	Speed 87.0 samples/s	Data 0.001s (0.003s)	Loss 0.01474 (0.01705)
2021-10-27 10:25:56,788 Epoch: [6][80/200]	Time 0.417s (0.453s)	Speed 76.8 samples/s	Data 0.002s (0.003s)	Loss 0.01490 (0.01694)
2021-10-27 10:26:02,711 Epoch: [6][90/200]	Time 0.398s (0.469s)	Speed 80.4 samples/s	Data 0.001s (0.003s)	Loss 0.01657 (0.01685)
2021-10-27 10:26:06,414 Epoch: [6][100/200]	Time 0.346s (0.459s)	Speed 92.6 samples/s	Data 0.001s (0.003s)	Loss 0.01595 (0.01679)
2021-10-27 10:26:10,174 Epoch: [6][110/200]	Time 0.360s (0.451s)	Speed 88.9 samples/s	Data 0.001s (0.003s)	Loss 0.01338 (0.01669)
2021-10-27 10:26:14,018 Epoch: [6][120/200]	Time 0.403s (0.446s)	Speed 79.4 samples/s	Data 0.002s (0.003s)	Loss 0.01702 (0.01662)
2021-10-27 10:26:19,054 Epoch: [6][130/200]	Time 0.343s (0.450s)	Speed 93.3 samples/s	Data 0.001s (0.003s)	Loss 0.01156 (0.01647)
2021-10-27 10:26:22,755 Epoch: [6][140/200]	Time 0.349s (0.445s)	Speed 91.8 samples/s	Data 0.001s (0.002s)	Loss 0.01359 (0.01638)
2021-10-27 10:26:28,056 Epoch: [6][150/200]	Time 0.365s (0.450s)	Speed 87.6 samples/s	Data 0.001s (0.002s)	Loss 0.01580 (0.01631)
2021-10-27 10:26:31,774 Epoch: [6][160/200]	Time 0.374s (0.445s)	Speed 85.6 samples/s	Data 0.001s (0.002s)	Loss 0.01947 (0.01631)
2021-10-27 10:26:35,558 Epoch: [6][170/200]	Time 0.381s (0.441s)	Speed 84.0 samples/s	Data 0.001s (0.002s)	Loss 0.01536 (0.01620)
2021-10-27 10:26:40,489 Epoch: [6][180/200]	Time 0.414s (0.444s)	Speed 77.3 samples/s	Data 0.001s (0.002s)	Loss 0.01121 (0.01617)
2021-10-27 10:26:45,847 Epoch: [6][190/200]	Time 0.370s (0.449s)	Speed 86.6 samples/s	Data 0.002s (0.002s)	Loss 0.01470 (0.01610)
2021-10-27 10:26:49,853 Test: [0/200]	Time 0.079 (0.079)	Loss 0.0714 (0.0714)
2021-10-27 10:26:50,187 Test: [10/200]	Time 0.026 (0.037)	Loss 0.0169 (0.0535)
2021-10-27 10:26:50,524 Test: [20/200]	Time 0.046 (0.036)	Loss 0.0318 (0.0586)
2021-10-27 10:26:50,832 Test: [30/200]	Time 0.026 (0.034)	Loss 0.0980 (0.0629)
2021-10-27 10:26:51,139 Test: [40/200]	Time 0.026 (0.033)	Loss 0.0446 (0.0656)
2021-10-27 10:26:51,441 Test: [50/200]	Time 0.026 (0.033)	Loss 0.0980 (0.0653)
2021-10-27 10:26:51,748 Test: [60/200]	Time 0.026 (0.032)	Loss 0.0776 (0.0663)
2021-10-27 10:26:52,041 Test: [70/200]	Time 0.026 (0.032)	Loss 0.0496 (0.0655)
2021-10-27 10:26:52,344 Test: [80/200]	Time 0.029 (0.032)	Loss 0.0654 (0.0642)
2021-10-27 10:26:52,756 Test: [90/200]	Time 0.046 (0.033)	Loss 0.0788 (0.0659)
2021-10-27 10:26:53,110 Test: [100/200]	Time 0.032 (0.033)	Loss 0.0737 (0.0653)
2021-10-27 10:26:53,416 Test: [110/200]	Time 0.025 (0.033)	Loss 0.1639 (0.0665)
2021-10-27 10:26:53,728 Test: [120/200]	Time 0.027 (0.033)	Loss 0.0637 (0.0652)
2021-10-27 10:26:54,106 Test: [130/200]	Time 0.032 (0.033)	Loss 0.0563 (0.0659)
2021-10-27 10:26:54,408 Test: [140/200]	Time 0.025 (0.033)	Loss 0.0528 (0.0650)
2021-10-27 10:26:54,714 Test: [150/200]	Time 0.025 (0.033)	Loss 0.0599 (0.0643)
2021-10-27 10:26:55,017 Test: [160/200]	Time 0.025 (0.033)	Loss 0.0728 (0.0643)
2021-10-27 10:26:55,308 Test: [170/200]	Time 0.025 (0.032)	Loss 0.0778 (0.0638)
2021-10-27 10:26:55,715 Test: [180/200]	Time 0.025 (0.033)	Loss 0.0451 (0.0633)
2021-10-27 10:26:56,006 Test: [190/200]	Time 0.025 (0.033)	Loss 0.0328 (0.0632)
2021-10-27 10:26:57,130 Mean IoU score: 0.848
2021-10-27 10:26:57,132 => saving checkpoint to out
2021-10-27 10:26:57,758 Epoch: [7][0/200]	Time 0.588s (0.588s)	Speed 54.4 samples/s	Data 0.080s (0.080s)	Loss 0.01361 (0.01361)
2021-10-27 10:27:01,701 Epoch: [7][10/200]	Time 0.395s (0.412s)	Speed 81.0 samples/s	Data 0.002s (0.009s)	Loss 0.01261 (0.01428)
2021-10-27 10:27:06,147 Epoch: [7][20/200]	Time 0.389s (0.427s)	Speed 82.3 samples/s	Data 0.001s (0.005s)	Loss 0.01660 (0.01448)
2021-10-27 10:27:09,801 Epoch: [7][30/200]	Time 0.370s (0.407s)	Speed 86.5 samples/s	Data 0.001s (0.004s)	Loss 0.01529 (0.01417)
2021-10-27 10:27:15,848 Epoch: [7][40/200]	Time 0.399s (0.456s)	Speed 80.2 samples/s	Data 0.001s (0.004s)	Loss 0.01083 (0.01411)
2021-10-27 10:27:19,624 Epoch: [7][50/200]	Time 0.372s (0.440s)	Speed 85.9 samples/s	Data 0.001s (0.003s)	Loss 0.01353 (0.01395)
2021-10-27 10:27:23,344 Epoch: [7][60/200]	Time 0.341s (0.429s)	Speed 93.8 samples/s	Data 0.001s (0.003s)	Loss 0.01270 (0.01388)
2021-10-27 10:27:27,343 Epoch: [7][70/200]	Time 0.367s (0.425s)	Speed 87.2 samples/s	Data 0.001s (0.003s)	Loss 0.01207 (0.01371)
2021-10-27 10:27:31,144 Epoch: [7][80/200]	Time 0.393s (0.419s)	Speed 81.5 samples/s	Data 0.002s (0.003s)	Loss 0.01129 (0.01370)
2021-10-27 10:27:37,041 Epoch: [7][90/200]	Time 0.729s (0.438s)	Speed 43.9 samples/s	Data 0.002s (0.003s)	Loss 0.01520 (0.01353)
2021-10-27 10:27:41,834 Epoch: [7][100/200]	Time 0.391s (0.442s)	Speed 81.8 samples/s	Data 0.001s (0.003s)	Loss 0.01525 (0.01358)
2021-10-27 10:27:45,593 Epoch: [7][110/200]	Time 0.394s (0.436s)	Speed 81.2 samples/s	Data 0.001s (0.003s)	Loss 0.01011 (0.01352)
2021-10-27 10:27:50,182 Epoch: [7][120/200]	Time 0.399s (0.438s)	Speed 80.2 samples/s	Data 0.002s (0.002s)	Loss 0.01269 (0.01361)
2021-10-27 10:27:55,429 Epoch: [7][130/200]	Time 0.359s (0.445s)	Speed 89.1 samples/s	Data 0.002s (0.002s)	Loss 0.01223 (0.01360)
2021-10-27 10:27:59,069 Epoch: [7][140/200]	Time 0.345s (0.439s)	Speed 92.8 samples/s	Data 0.002s (0.002s)	Loss 0.01654 (0.01354)
2021-10-27 10:28:02,990 Epoch: [7][150/200]	Time 0.399s (0.436s)	Speed 80.2 samples/s	Data 0.002s (0.002s)	Loss 0.01132 (0.01348)
2021-10-27 10:28:07,650 Epoch: [7][160/200]	Time 0.379s (0.438s)	Speed 84.4 samples/s	Data 0.001s (0.002s)	Loss 0.01539 (0.01344)
2021-10-27 10:28:11,658 Epoch: [7][170/200]	Time 0.416s (0.436s)	Speed 76.9 samples/s	Data 0.002s (0.002s)	Loss 0.01474 (0.01346)
2021-10-27 10:28:17,670 Epoch: [7][180/200]	Time 0.404s (0.445s)	Speed 79.3 samples/s	Data 0.002s (0.002s)	Loss 0.01193 (0.01344)
2021-10-27 10:28:23,455 Epoch: [7][190/200]	Time 0.340s (0.452s)	Speed 94.0 samples/s	Data 0.001s (0.002s)	Loss 0.01275 (0.01347)
2021-10-27 10:28:26,893 Test: [0/200]	Time 0.070 (0.070)	Loss 0.0655 (0.0655)
2021-10-27 10:28:27,237 Test: [10/200]	Time 0.025 (0.038)	Loss 0.0200 (0.0608)
2021-10-27 10:28:27,546 Test: [20/200]	Time 0.025 (0.034)	Loss 0.0430 (0.0634)
2021-10-27 10:28:27,854 Test: [30/200]	Time 0.027 (0.033)	Loss 0.1195 (0.0705)
2021-10-27 10:28:28,161 Test: [40/200]	Time 0.025 (0.033)	Loss 0.0383 (0.0718)
2021-10-27 10:28:28,563 Test: [50/200]	Time 0.026 (0.034)	Loss 0.0965 (0.0715)
2021-10-27 10:28:28,857 Test: [60/200]	Time 0.025 (0.033)	Loss 0.0907 (0.0742)
2021-10-27 10:28:29,154 Test: [70/200]	Time 0.025 (0.033)	Loss 0.0568 (0.0735)
2021-10-27 10:28:29,457 Test: [80/200]	Time 0.027 (0.033)	Loss 0.0790 (0.0720)
2021-10-27 10:28:29,749 Test: [90/200]	Time 0.025 (0.032)	Loss 0.1006 (0.0731)
2021-10-27 10:28:30,045 Test: [100/200]	Time 0.025 (0.032)	Loss 0.1331 (0.0727)
2021-10-27 10:28:30,352 Test: [110/200]	Time 0.025 (0.032)	Loss 0.1743 (0.0739)
2021-10-27 10:28:30,665 Test: [120/200]	Time 0.027 (0.032)	Loss 0.0777 (0.0721)
2021-10-27 10:28:30,950 Test: [130/200]	Time 0.025 (0.032)	Loss 0.0488 (0.0722)
2021-10-27 10:28:31,295 Test: [140/200]	Time 0.028 (0.032)	Loss 0.0673 (0.0715)
2021-10-27 10:28:31,602 Test: [150/200]	Time 0.026 (0.032)	Loss 0.0722 (0.0704)
2021-10-27 10:28:31,912 Test: [160/200]	Time 0.025 (0.032)	Loss 0.0809 (0.0703)
2021-10-27 10:28:32,269 Test: [170/200]	Time 0.025 (0.032)	Loss 0.0762 (0.0696)
2021-10-27 10:28:32,574 Test: [180/200]	Time 0.025 (0.032)	Loss 0.0575 (0.0694)
2021-10-27 10:28:32,882 Test: [190/200]	Time 0.027 (0.032)	Loss 0.0296 (0.0692)
2021-10-27 10:28:34,001 Mean IoU score: 0.834
2021-10-27 10:28:34,002 => saving checkpoint to out
2021-10-27 10:28:34,617 Epoch: [8][0/200]	Time 0.563s (0.563s)	Speed 56.8 samples/s	Data 0.074s (0.074s)	Loss 0.01239 (0.01239)
2021-10-27 10:28:38,572 Epoch: [8][10/200]	Time 0.353s (0.411s)	Speed 90.6 samples/s	Data 0.001s (0.008s)	Loss 0.01055 (0.01190)
2021-10-27 10:28:42,221 Epoch: [8][20/200]	Time 0.358s (0.389s)	Speed 89.5 samples/s	Data 0.001s (0.005s)	Loss 0.01175 (0.01230)
2021-10-27 10:28:46,105 Epoch: [8][30/200]	Time 0.445s (0.389s)	Speed 71.9 samples/s	Data 0.002s (0.004s)	Loss 0.01188 (0.01225)
2021-10-27 10:28:49,742 Epoch: [8][40/200]	Time 0.391s (0.383s)	Speed 81.8 samples/s	Data 0.001s (0.003s)	Loss 0.00982 (0.01211)
2021-10-27 10:28:53,784 Epoch: [8][50/200]	Time 0.410s (0.387s)	Speed 78.1 samples/s	Data 0.001s (0.003s)	Loss 0.01251 (0.01221)
2021-10-27 10:28:58,930 Epoch: [8][60/200]	Time 0.396s (0.408s)	Speed 80.8 samples/s	Data 0.002s (0.003s)	Loss 0.01245 (0.01210)
2021-10-27 10:29:02,655 Epoch: [8][70/200]	Time 0.415s (0.403s)	Speed 77.1 samples/s	Data 0.002s (0.003s)	Loss 0.01187 (0.01195)
2021-10-27 10:29:08,369 Epoch: [8][80/200]	Time 0.395s (0.424s)	Speed 80.9 samples/s	Data 0.002s (0.003s)	Loss 0.00851 (0.01185)
2021-10-27 10:29:13,220 Epoch: [8][90/200]	Time 1.184s (0.430s)	Speed 27.0 samples/s	Data 0.002s (0.003s)	Loss 0.00951 (0.01168)
2021-10-27 10:29:17,293 Epoch: [8][100/200]	Time 0.472s (0.428s)	Speed 67.8 samples/s	Data 0.003s (0.003s)	Loss 0.01148 (0.01170)
2021-10-27 10:29:21,588 Epoch: [8][110/200]	Time 0.399s (0.428s)	Speed 80.3 samples/s	Data 0.002s (0.003s)	Loss 0.01336 (0.01169)
2021-10-27 10:29:26,248 Epoch: [8][120/200]	Time 0.480s (0.431s)	Speed 66.7 samples/s	Data 0.002s (0.002s)	Loss 0.01185 (0.01175)
2021-10-27 10:29:30,734 Epoch: [8][130/200]	Time 0.398s (0.433s)	Speed 80.3 samples/s	Data 0.002s (0.002s)	Loss 0.00808 (0.01172)
2021-10-27 10:29:35,757 Epoch: [8][140/200]	Time 1.389s (0.438s)	Speed 23.0 samples/s	Data 0.002s (0.002s)	Loss 0.01401 (0.01174)
2021-10-27 10:29:40,031 Epoch: [8][150/200]	Time 0.374s (0.437s)	Speed 85.5 samples/s	Data 0.001s (0.002s)	Loss 0.01040 (0.01167)
2021-10-27 10:29:44,398 Epoch: [8][160/200]	Time 0.994s (0.437s)	Speed 32.2 samples/s	Data 0.002s (0.002s)	Loss 0.01225 (0.01168)
2021-10-27 10:29:49,603 Epoch: [8][170/200]	Time 0.455s (0.442s)	Speed 70.4 samples/s	Data 0.002s (0.002s)	Loss 0.01128 (0.01170)
2021-10-27 10:29:54,912 Epoch: [8][180/200]	Time 0.617s (0.447s)	Speed 51.9 samples/s	Data 0.002s (0.002s)	Loss 0.01392 (0.01170)
2021-10-27 10:29:59,578 Epoch: [8][190/200]	Time 0.362s (0.448s)	Speed 88.4 samples/s	Data 0.001s (0.002s)	Loss 0.01182 (0.01165)
2021-10-27 10:30:04,702 Test: [0/200]	Time 0.084 (0.084)	Loss 0.0563 (0.0563)
2021-10-27 10:30:04,992 Test: [10/200]	Time 0.025 (0.034)	Loss 0.0193 (0.0503)
2021-10-27 10:30:05,277 Test: [20/200]	Time 0.026 (0.031)	Loss 0.0278 (0.0532)
2021-10-27 10:30:05,600 Test: [30/200]	Time 0.027 (0.032)	Loss 0.0713 (0.0568)
2021-10-27 10:30:05,909 Test: [40/200]	Time 0.025 (0.031)	Loss 0.0410 (0.0598)
2021-10-27 10:30:06,214 Test: [50/200]	Time 0.043 (0.031)	Loss 0.0936 (0.0601)
2021-10-27 10:30:06,507 Test: [60/200]	Time 0.030 (0.031)	Loss 0.0771 (0.0612)
2021-10-27 10:30:06,888 Test: [70/200]	Time 0.029 (0.032)	Loss 0.0456 (0.0611)
2021-10-27 10:30:07,225 Test: [80/200]	Time 0.044 (0.032)	Loss 0.0532 (0.0597)
2021-10-27 10:30:07,657 Test: [90/200]	Time 0.041 (0.033)	Loss 0.0735 (0.0611)
2021-10-27 10:30:07,949 Test: [100/200]	Time 0.026 (0.033)	Loss 0.0842 (0.0603)
2021-10-27 10:30:08,256 Test: [110/200]	Time 0.025 (0.033)	Loss 0.1576 (0.0613)
2021-10-27 10:30:08,562 Test: [120/200]	Time 0.025 (0.033)	Loss 0.0585 (0.0599)
2021-10-27 10:30:08,857 Test: [130/200]	Time 0.025 (0.032)	Loss 0.0525 (0.0602)
2021-10-27 10:30:09,158 Test: [140/200]	Time 0.025 (0.032)	Loss 0.0529 (0.0594)
2021-10-27 10:30:09,461 Test: [150/200]	Time 0.026 (0.032)	Loss 0.0657 (0.0587)
2021-10-27 10:30:09,807 Test: [160/200]	Time 0.045 (0.032)	Loss 0.0673 (0.0586)
2021-10-27 10:30:10,103 Test: [170/200]	Time 0.025 (0.032)	Loss 0.0624 (0.0582)
2021-10-27 10:30:10,391 Test: [180/200]	Time 0.025 (0.032)	Loss 0.0344 (0.0578)
2021-10-27 10:30:10,730 Test: [190/200]	Time 0.028 (0.032)	Loss 0.0277 (0.0576)
2021-10-27 10:30:11,857 Mean IoU score: 0.860
2021-10-27 10:30:11,859 => saving checkpoint to out
2021-10-27 10:30:12,469 Epoch: [9][0/200]	Time 0.569s (0.569s)	Speed 56.2 samples/s	Data 0.076s (0.076s)	Loss 0.01129 (0.01129)
2021-10-27 10:30:16,364 Epoch: [9][10/200]	Time 0.342s (0.406s)	Speed 93.5 samples/s	Data 0.001s (0.008s)	Loss 0.01013 (0.01074)
2021-10-27 10:30:20,075 Epoch: [9][20/200]	Time 0.398s (0.389s)	Speed 80.4 samples/s	Data 0.002s (0.005s)	Loss 0.01515 (0.01103)
2021-10-27 10:30:27,629 Epoch: [9][30/200]	Time 0.382s (0.507s)	Speed 83.8 samples/s	Data 0.003s (0.004s)	Loss 0.00999 (0.01105)
2021-10-27 10:30:31,537 Epoch: [9][40/200]	Time 0.401s (0.479s)	Speed 79.8 samples/s	Data 0.001s (0.004s)	Loss 0.01112 (0.01114)
2021-10-27 10:30:36,303 Epoch: [9][50/200]	Time 0.460s (0.478s)	Speed 69.6 samples/s	Data 0.002s (0.003s)	Loss 0.00766 (0.01103)
2021-10-27 10:30:40,817 Epoch: [9][60/200]	Time 0.410s (0.474s)	Speed 78.0 samples/s	Data 0.002s (0.003s)	Loss 0.01123 (0.01088)
2021-10-27 10:30:46,463 Epoch: [9][70/200]	Time 0.402s (0.487s)	Speed 79.6 samples/s	Data 0.002s (0.003s)	Loss 0.01039 (0.01090)
2021-10-27 10:30:50,997 Epoch: [9][80/200]	Time 0.386s (0.483s)	Speed 83.0 samples/s	Data 0.002s (0.003s)	Loss 0.00809 (0.01092)
2021-10-27 10:30:56,248 Epoch: [9][90/200]	Time 0.404s (0.487s)	Speed 79.1 samples/s	Data 0.002s (0.003s)	Loss 0.01106 (0.01084)
2021-10-27 10:31:00,679 Epoch: [9][100/200]	Time 0.489s (0.483s)	Speed 65.5 samples/s	Data 0.002s (0.003s)	Loss 0.01552 (0.01087)
2021-10-27 10:31:06,815 Epoch: [9][110/200]	Time 0.423s (0.495s)	Speed 75.6 samples/s	Data 0.005s (0.003s)	Loss 0.01150 (0.01085)
2021-10-27 10:31:10,642 Epoch: [9][120/200]	Time 0.370s (0.485s)	Speed 86.5 samples/s	Data 0.001s (0.003s)	Loss 0.01007 (0.01078)
2021-10-27 10:31:14,306 Epoch: [9][130/200]	Time 0.353s (0.476s)	Speed 90.7 samples/s	Data 0.001s (0.003s)	Loss 0.00765 (0.01081)
2021-10-27 10:31:19,053 Epoch: [9][140/200]	Time 0.410s (0.476s)	Speed 78.1 samples/s	Data 0.002s (0.003s)	Loss 0.01113 (0.01079)
2021-10-27 10:31:22,812 Epoch: [9][150/200]	Time 0.398s (0.470s)	Speed 80.4 samples/s	Data 0.002s (0.002s)	Loss 0.00828 (0.01075)
2021-10-27 10:31:27,546 Epoch: [9][160/200]	Time 0.386s (0.470s)	Speed 82.9 samples/s	Data 0.001s (0.002s)	Loss 0.01047 (0.01071)
2021-10-27 10:31:31,956 Epoch: [9][170/200]	Time 0.441s (0.468s)	Speed 72.6 samples/s	Data 0.002s (0.002s)	Loss 0.00941 (0.01063)
2021-10-27 10:31:36,990 Epoch: [9][180/200]	Time 0.373s (0.470s)	Speed 85.7 samples/s	Data 0.001s (0.002s)	Loss 0.00917 (0.01059)
2021-10-27 10:31:41,665 Epoch: [9][190/200]	Time 0.423s (0.470s)	Speed 75.6 samples/s	Data 0.002s (0.002s)	Loss 0.00714 (0.01052)
2021-10-27 10:31:44,999 Test: [0/200]	Time 0.107 (0.107)	Loss 0.0559 (0.0559)
2021-10-27 10:31:45,338 Test: [10/200]	Time 0.025 (0.041)	Loss 0.0178 (0.0499)
2021-10-27 10:31:45,655 Test: [20/200]	Time 0.030 (0.036)	Loss 0.0264 (0.0527)
2021-10-27 10:31:45,980 Test: [30/200]	Time 0.031 (0.035)	Loss 0.0707 (0.0562)
2021-10-27 10:31:46,315 Test: [40/200]	Time 0.030 (0.035)	Loss 0.0385 (0.0587)
2021-10-27 10:31:46,751 Test: [50/200]	Time 0.047 (0.036)	Loss 0.0850 (0.0583)
2021-10-27 10:31:47,099 Test: [60/200]	Time 0.030 (0.036)	Loss 0.0652 (0.0596)
2021-10-27 10:31:47,505 Test: [70/200]	Time 0.033 (0.037)	Loss 0.0437 (0.0589)
2021-10-27 10:31:47,915 Test: [80/200]	Time 0.030 (0.037)	Loss 0.0638 (0.0577)
2021-10-27 10:31:48,255 Test: [90/200]	Time 0.033 (0.037)	Loss 0.0717 (0.0590)
2021-10-27 10:31:48,671 Test: [100/200]	Time 0.030 (0.037)	Loss 0.0832 (0.0583)
2021-10-27 10:31:48,995 Test: [110/200]	Time 0.030 (0.037)	Loss 0.1612 (0.0592)
2021-10-27 10:31:49,332 Test: [120/200]	Time 0.030 (0.037)	Loss 0.0553 (0.0577)
2021-10-27 10:31:49,680 Test: [130/200]	Time 0.025 (0.037)	Loss 0.0504 (0.0581)
2021-10-27 10:31:49,963 Test: [140/200]	Time 0.025 (0.036)	Loss 0.0595 (0.0573)
2021-10-27 10:31:50,259 Test: [150/200]	Time 0.046 (0.036)	Loss 0.0526 (0.0565)
2021-10-27 10:31:50,541 Test: [160/200]	Time 0.026 (0.035)	Loss 0.0626 (0.0565)
2021-10-27 10:31:50,819 Test: [170/200]	Time 0.025 (0.035)	Loss 0.0669 (0.0561)
2021-10-27 10:31:51,101 Test: [180/200]	Time 0.028 (0.034)	Loss 0.0377 (0.0557)
2021-10-27 10:31:51,403 Test: [190/200]	Time 0.025 (0.034)	Loss 0.0243 (0.0556)
2021-10-27 10:31:52,526 Mean IoU score: 0.865
2021-10-27 10:31:52,527 => saving checkpoint to out
2021-10-27 10:31:53,182 Epoch: [10][0/200]	Time 0.592s (0.592s)	Speed 54.0 samples/s	Data 0.072s (0.072s)	Loss 0.00727 (0.00727)
2021-10-27 10:31:57,390 Epoch: [10][10/200]	Time 0.384s (0.436s)	Speed 83.3 samples/s	Data 0.001s (0.008s)	Loss 0.00744 (0.00875)
2021-10-27 10:32:01,304 Epoch: [10][20/200]	Time 0.372s (0.415s)	Speed 86.1 samples/s	Data 0.001s (0.005s)	Loss 0.00887 (0.00840)
2021-10-27 10:32:06,612 Epoch: [10][30/200]	Time 1.382s (0.452s)	Speed 23.1 samples/s	Data 0.008s (0.004s)	Loss 0.00974 (0.00870)
2021-10-27 10:32:10,772 Epoch: [10][40/200]	Time 0.401s (0.443s)	Speed 79.9 samples/s	Data 0.002s (0.004s)	Loss 0.00733 (0.00892)
2021-10-27 10:32:14,847 Epoch: [10][50/200]	Time 0.412s (0.436s)	Speed 77.7 samples/s	Data 0.002s (0.003s)	Loss 0.01212 (0.00899)
2021-10-27 10:32:20,240 Epoch: [10][60/200]	Time 0.414s (0.453s)	Speed 77.4 samples/s	Data 0.002s (0.003s)	Loss 0.01200 (0.00900)
2021-10-27 10:32:24,906 Epoch: [10][70/200]	Time 0.348s (0.455s)	Speed 92.0 samples/s	Data 0.001s (0.003s)	Loss 0.00780 (0.00898)
2021-10-27 10:32:28,692 Epoch: [10][80/200]	Time 0.398s (0.446s)	Speed 80.4 samples/s	Data 0.001s (0.003s)	Loss 0.01007 (0.00897)
2021-10-27 10:32:33,770 Epoch: [10][90/200]	Time 0.398s (0.453s)	Speed 80.5 samples/s	Data 0.001s (0.003s)	Loss 0.00719 (0.00895)
2021-10-27 10:32:37,531 Epoch: [10][100/200]	Time 0.402s (0.445s)	Speed 79.6 samples/s	Data 0.002s (0.003s)	Loss 0.00916 (0.00910)
2021-10-27 10:32:41,438 Epoch: [10][110/200]	Time 0.394s (0.440s)	Speed 81.2 samples/s	Data 0.002s (0.003s)	Loss 0.00804 (0.00917)
2021-10-27 10:32:48,129 Epoch: [10][120/200]	Time 0.530s (0.459s)	Speed 60.4 samples/s	Data 0.001s (0.003s)	Loss 0.01132 (0.00934)
2021-10-27 10:32:52,110 Epoch: [10][130/200]	Time 0.421s (0.454s)	Speed 76.0 samples/s	Data 0.001s (0.002s)	Loss 0.01060 (0.00943)
2021-10-27 10:32:58,141 Epoch: [10][140/200]	Time 1.518s (0.465s)	Speed 21.1 samples/s	Data 0.002s (0.002s)	Loss 0.01012 (0.00951)
2021-10-27 10:33:04,602 Epoch: [10][150/200]	Time 0.690s (0.477s)	Speed 46.4 samples/s	Data 0.001s (0.003s)	Loss 0.00992 (0.00956)
2021-10-27 10:33:09,492 Epoch: [10][160/200]	Time 0.516s (0.478s)	Speed 62.0 samples/s	Data 0.002s (0.003s)	Loss 0.00903 (0.00959)
2021-10-27 10:33:14,076 Epoch: [10][170/200]	Time 0.357s (0.477s)	Speed 89.7 samples/s	Data 0.001s (0.002s)	Loss 0.01160 (0.00965)
2021-10-27 10:33:18,120 Epoch: [10][180/200]	Time 0.467s (0.473s)	Speed 68.5 samples/s	Data 0.001s (0.002s)	Loss 0.00934 (0.00963)
2021-10-27 10:33:22,403 Epoch: [10][190/200]	Time 0.385s (0.470s)	Speed 83.2 samples/s	Data 0.001s (0.002s)	Loss 0.01052 (0.00965)
2021-10-27 10:33:29,764 Test: [0/200]	Time 0.076 (0.076)	Loss 0.0605 (0.0605)
2021-10-27 10:33:30,093 Test: [10/200]	Time 0.025 (0.037)	Loss 0.0194 (0.0540)
2021-10-27 10:33:30,394 Test: [20/200]	Time 0.026 (0.034)	Loss 0.0255 (0.0570)
2021-10-27 10:33:30,787 Test: [30/200]	Time 0.041 (0.035)	Loss 0.0720 (0.0600)
2021-10-27 10:33:31,194 Test: [40/200]	Time 0.025 (0.037)	Loss 0.0438 (0.0630)
2021-10-27 10:33:31,496 Test: [50/200]	Time 0.028 (0.035)	Loss 0.0993 (0.0632)
2021-10-27 10:33:31,805 Test: [60/200]	Time 0.027 (0.035)	Loss 0.0777 (0.0648)
2021-10-27 10:33:32,110 Test: [70/200]	Time 0.025 (0.034)	Loss 0.0476 (0.0639)
2021-10-27 10:33:32,394 Test: [80/200]	Time 0.025 (0.033)	Loss 0.0695 (0.0628)
2021-10-27 10:33:32,688 Test: [90/200]	Time 0.025 (0.033)	Loss 0.0788 (0.0643)
2021-10-27 10:33:32,979 Test: [100/200]	Time 0.030 (0.033)	Loss 0.1045 (0.0637)
2021-10-27 10:33:33,308 Test: [110/200]	Time 0.025 (0.033)	Loss 0.1679 (0.0646)
2021-10-27 10:33:33,602 Test: [120/200]	Time 0.026 (0.032)	Loss 0.0607 (0.0629)
2021-10-27 10:33:34,042 Test: [130/200]	Time 0.041 (0.033)	Loss 0.0570 (0.0631)
2021-10-27 10:33:34,384 Test: [140/200]	Time 0.040 (0.033)	Loss 0.0560 (0.0623)
2021-10-27 10:33:34,714 Test: [150/200]	Time 0.027 (0.033)	Loss 0.0579 (0.0616)
2021-10-27 10:33:35,035 Test: [160/200]	Time 0.025 (0.033)	Loss 0.0592 (0.0615)
2021-10-27 10:33:35,332 Test: [170/200]	Time 0.025 (0.033)	Loss 0.0814 (0.0610)
2021-10-27 10:33:35,650 Test: [180/200]	Time 0.025 (0.033)	Loss 0.0391 (0.0607)
2021-10-27 10:33:35,947 Test: [190/200]	Time 0.025 (0.033)	Loss 0.0249 (0.0605)
2021-10-27 10:33:37,125 Mean IoU score: 0.854
2021-10-27 10:33:37,126 => saving checkpoint to out
2021-10-27 10:33:37,790 Epoch: [11][0/200]	Time 0.594s (0.594s)	Speed 53.9 samples/s	Data 0.083s (0.083s)	Loss 0.00803 (0.00803)
2021-10-27 10:33:41,686 Epoch: [11][10/200]	Time 0.340s (0.408s)	Speed 94.1 samples/s	Data 0.001s (0.009s)	Loss 0.00979 (0.00868)
2021-10-27 10:33:45,355 Epoch: [11][20/200]	Time 0.407s (0.389s)	Speed 78.6 samples/s	Data 0.002s (0.005s)	Loss 0.01143 (0.00884)
2021-10-27 10:33:49,103 Epoch: [11][30/200]	Time 0.340s (0.384s)	Speed 94.2 samples/s	Data 0.001s (0.004s)	Loss 0.00889 (0.00899)
2021-10-27 10:33:55,304 Epoch: [11][40/200]	Time 0.361s (0.442s)	Speed 88.6 samples/s	Data 0.001s (0.004s)	Loss 0.01192 (0.00919)
2021-10-27 10:33:59,132 Epoch: [11][50/200]	Time 0.404s (0.430s)	Speed 79.3 samples/s	Data 0.001s (0.003s)	Loss 0.00863 (0.00927)
2021-10-27 10:34:04,794 Epoch: [11][60/200]	Time 0.347s (0.452s)	Speed 92.1 samples/s	Data 0.001s (0.003s)	Loss 0.00926 (0.00924)
2021-10-27 10:34:10,660 Epoch: [11][70/200]	Time 1.665s (0.471s)	Speed 19.2 samples/s	Data 0.006s (0.003s)	Loss 0.00871 (0.00911)
2021-10-27 10:34:14,366 Epoch: [11][80/200]	Time 0.360s (0.459s)	Speed 88.9 samples/s	Data 0.002s (0.003s)	Loss 0.00807 (0.00903)
2021-10-27 10:34:18,219 Epoch: [11][90/200]	Time 0.384s (0.451s)	Speed 83.3 samples/s	Data 0.001s (0.003s)	Loss 0.00867 (0.00897)
2021-10-27 10:34:22,144 Epoch: [11][100/200]	Time 0.425s (0.445s)	Speed 75.3 samples/s	Data 0.002s (0.003s)	Loss 0.00832 (0.00893)
2021-10-27 10:34:26,528 Epoch: [11][110/200]	Time 0.577s (0.444s)	Speed 55.5 samples/s	Data 0.002s (0.003s)	Loss 0.01139 (0.00886)
2021-10-27 10:34:31,199 Epoch: [11][120/200]	Time 0.406s (0.446s)	Speed 78.9 samples/s	Data 0.002s (0.003s)	Loss 0.00803 (0.00890)
2021-10-27 10:34:39,028 Epoch: [11][130/200]	Time 0.380s (0.472s)	Speed 84.2 samples/s	Data 0.002s (0.003s)	Loss 0.00879 (0.00895)
2021-10-27 10:34:42,685 Epoch: [11][140/200]	Time 0.346s (0.464s)	Speed 92.4 samples/s	Data 0.001s (0.003s)	Loss 0.01202 (0.00903)
2021-10-27 10:34:48,441 Epoch: [11][150/200]	Time 0.548s (0.472s)	Speed 58.4 samples/s	Data 0.008s (0.003s)	Loss 0.01127 (0.00904)
2021-10-27 10:34:52,144 Epoch: [11][160/200]	Time 0.400s (0.466s)	Speed 80.0 samples/s	Data 0.001s (0.002s)	Loss 0.01075 (0.00908)
2021-10-27 10:34:58,751 Epoch: [11][170/200]	Time 2.648s (0.477s)	Speed 12.1 samples/s	Data 0.009s (0.002s)	Loss 0.01097 (0.00914)
2021-10-27 10:35:06,360 Epoch: [11][180/200]	Time 0.350s (0.493s)	Speed 91.4 samples/s	Data 0.001s (0.003s)	Loss 0.00818 (0.00917)
2021-10-27 10:35:09,969 Epoch: [11][190/200]	Time 0.346s (0.486s)	Speed 92.4 samples/s	Data 0.001s (0.003s)	Loss 0.00980 (0.00917)
2021-10-27 10:35:13,578 Test: [0/200]	Time 0.102 (0.102)	Loss 0.0489 (0.0489)
2021-10-27 10:35:13,950 Test: [10/200]	Time 0.033 (0.043)	Loss 0.0140 (0.0530)
2021-10-27 10:35:14,319 Test: [20/200]	Time 0.039 (0.040)	Loss 0.0314 (0.0553)
2021-10-27 10:35:14,695 Test: [30/200]	Time 0.033 (0.039)	Loss 0.0762 (0.0607)
2021-10-27 10:35:15,059 Test: [40/200]	Time 0.033 (0.039)	Loss 0.0399 (0.0628)
2021-10-27 10:35:15,422 Test: [50/200]	Time 0.033 (0.038)	Loss 0.0828 (0.0630)
2021-10-27 10:35:15,730 Test: [60/200]	Time 0.026 (0.037)	Loss 0.1012 (0.0663)
2021-10-27 10:35:16,036 Test: [70/200]	Time 0.025 (0.036)	Loss 0.0459 (0.0648)
2021-10-27 10:35:16,343 Test: [80/200]	Time 0.026 (0.035)	Loss 0.0768 (0.0635)
2021-10-27 10:35:16,680 Test: [90/200]	Time 0.041 (0.035)	Loss 0.1108 (0.0647)
2021-10-27 10:35:17,023 Test: [100/200]	Time 0.025 (0.035)	Loss 0.0885 (0.0642)
2021-10-27 10:35:17,331 Test: [110/200]	Time 0.034 (0.035)	Loss 0.1521 (0.0649)
2021-10-27 10:35:17,649 Test: [120/200]	Time 0.027 (0.034)	Loss 0.0598 (0.0633)
2021-10-27 10:35:17,946 Test: [130/200]	Time 0.027 (0.034)	Loss 0.0527 (0.0632)
2021-10-27 10:35:18,231 Test: [140/200]	Time 0.025 (0.034)	Loss 0.0594 (0.0625)
2021-10-27 10:35:18,546 Test: [150/200]	Time 0.026 (0.034)	Loss 0.0706 (0.0616)
2021-10-27 10:35:18,850 Test: [160/200]	Time 0.026 (0.033)	Loss 0.0632 (0.0613)
2021-10-27 10:35:19,154 Test: [170/200]	Time 0.026 (0.033)	Loss 0.0678 (0.0607)
2021-10-27 10:35:19,452 Test: [180/200]	Time 0.025 (0.033)	Loss 0.0390 (0.0605)
2021-10-27 10:35:19,754 Test: [190/200]	Time 0.025 (0.033)	Loss 0.0232 (0.0602)
2021-10-27 10:35:20,936 Mean IoU score: 0.858
2021-10-27 10:35:20,937 => saving checkpoint to out
2021-10-27 10:35:21,539 Epoch: [12][0/200]	Time 0.574s (0.574s)	Speed 55.7 samples/s	Data 0.080s (0.080s)	Loss 0.01111 (0.01111)
2021-10-27 10:35:25,631 Epoch: [12][10/200]	Time 0.359s (0.424s)	Speed 89.1 samples/s	Data 0.002s (0.009s)	Loss 0.01031 (0.01020)
2021-10-27 10:35:29,582 Epoch: [12][20/200]	Time 0.364s (0.410s)	Speed 87.9 samples/s	Data 0.001s (0.005s)	Loss 0.01039 (0.00937)
2021-10-27 10:35:33,516 Epoch: [12][30/200]	Time 0.374s (0.405s)	Speed 85.5 samples/s	Data 0.002s (0.004s)	Loss 0.00926 (0.00928)
2021-10-27 10:35:37,433 Epoch: [12][40/200]	Time 0.374s (0.402s)	Speed 85.7 samples/s	Data 0.001s (0.004s)	Loss 0.00929 (0.00927)
2021-10-27 10:35:41,353 Epoch: [12][50/200]	Time 0.383s (0.400s)	Speed 83.5 samples/s	Data 0.001s (0.003s)	Loss 0.00891 (0.00912)
2021-10-27 10:35:45,318 Epoch: [12][60/200]	Time 0.376s (0.399s)	Speed 85.0 samples/s	Data 0.001s (0.003s)	Loss 0.00740 (0.00913)
2021-10-27 10:35:49,305 Epoch: [12][70/200]	Time 0.384s (0.399s)	Speed 83.4 samples/s	Data 0.001s (0.003s)	Loss 0.00964 (0.00909)
2021-10-27 10:35:53,309 Epoch: [12][80/200]	Time 0.390s (0.399s)	Speed 82.1 samples/s	Data 0.001s (0.003s)	Loss 0.00970 (0.00915)
2021-10-27 10:35:57,316 Epoch: [12][90/200]	Time 0.389s (0.399s)	Speed 82.3 samples/s	Data 0.001s (0.002s)	Loss 0.00676 (0.00917)
2021-10-27 10:36:01,357 Epoch: [12][100/200]	Time 0.394s (0.400s)	Speed 81.3 samples/s	Data 0.001s (0.002s)	Loss 0.00833 (0.00910)
2021-10-27 10:36:05,430 Epoch: [12][110/200]	Time 0.386s (0.401s)	Speed 82.9 samples/s	Data 0.002s (0.002s)	Loss 0.00764 (0.00908)
2021-10-27 10:36:09,484 Epoch: [12][120/200]	Time 0.391s (0.401s)	Speed 81.8 samples/s	Data 0.001s (0.002s)	Loss 0.00739 (0.00901)
2021-10-27 10:36:13,614 Epoch: [12][130/200]	Time 0.394s (0.402s)	Speed 81.3 samples/s	Data 0.002s (0.002s)	Loss 0.00860 (0.00898)
2021-10-27 10:36:17,712 Epoch: [12][140/200]	Time 0.415s (0.402s)	Speed 77.2 samples/s	Data 0.001s (0.002s)	Loss 0.00878 (0.00896)
2021-10-27 10:36:21,896 Epoch: [12][150/200]	Time 0.392s (0.404s)	Speed 81.6 samples/s	Data 0.001s (0.002s)	Loss 0.00825 (0.00893)
2021-10-27 10:36:26,186 Epoch: [12][160/200]	Time 0.427s (0.405s)	Speed 74.9 samples/s	Data 0.002s (0.002s)	Loss 0.01032 (0.00888)
2021-10-27 10:36:30,511 Epoch: [12][170/200]	Time 0.405s (0.407s)	Speed 79.0 samples/s	Data 0.001s (0.002s)	Loss 0.00781 (0.00888)
2021-10-27 10:36:34,977 Epoch: [12][180/200]	Time 0.492s (0.409s)	Speed 65.1 samples/s	Data 0.002s (0.002s)	Loss 0.00682 (0.00884)
2021-10-27 10:36:39,128 Epoch: [12][190/200]	Time 0.416s (0.409s)	Speed 77.0 samples/s	Data 0.002s (0.002s)	Loss 0.00715 (0.00880)
2021-10-27 10:36:42,956 Test: [0/200]	Time 0.094 (0.094)	Loss 0.0694 (0.0694)
2021-10-27 10:36:43,422 Test: [10/200]	Time 0.041 (0.051)	Loss 0.0231 (0.0603)
2021-10-27 10:36:43,729 Test: [20/200]	Time 0.026 (0.041)	Loss 0.0355 (0.0677)
2021-10-27 10:36:44,082 Test: [30/200]	Time 0.026 (0.039)	Loss 0.0928 (0.0795)
2021-10-27 10:36:44,386 Test: [40/200]	Time 0.025 (0.037)	Loss 0.0427 (0.0808)
2021-10-27 10:36:44,704 Test: [50/200]	Time 0.026 (0.036)	Loss 0.1347 (0.0808)
2021-10-27 10:36:45,010 Test: [60/200]	Time 0.025 (0.035)	Loss 0.0795 (0.0819)
2021-10-27 10:36:45,312 Test: [70/200]	Time 0.025 (0.035)	Loss 0.0613 (0.0810)
2021-10-27 10:36:45,621 Test: [80/200]	Time 0.026 (0.034)	Loss 0.0861 (0.0790)
2021-10-27 10:36:45,933 Test: [90/200]	Time 0.026 (0.034)	Loss 0.1173 (0.0812)
2021-10-27 10:36:46,262 Test: [100/200]	Time 0.026 (0.034)	Loss 0.1023 (0.0807)
2021-10-27 10:36:46,575 Test: [110/200]	Time 0.026 (0.033)	Loss 0.2013 (0.0813)
2021-10-27 10:36:46,881 Test: [120/200]	Time 0.026 (0.033)	Loss 0.0902 (0.0794)
2021-10-27 10:36:47,227 Test: [130/200]	Time 0.042 (0.033)	Loss 0.0768 (0.0792)
2021-10-27 10:36:47,691 Test: [140/200]	Time 0.042 (0.034)	Loss 0.0728 (0.0784)
2021-10-27 10:36:48,131 Test: [150/200]	Time 0.041 (0.035)	Loss 0.0703 (0.0774)
2021-10-27 10:36:48,544 Test: [160/200]	Time 0.026 (0.035)	Loss 0.0822 (0.0771)
2021-10-27 10:36:48,906 Test: [170/200]	Time 0.025 (0.035)	Loss 0.1070 (0.0764)
2021-10-27 10:36:49,236 Test: [180/200]	Time 0.028 (0.035)	Loss 0.0663 (0.0756)
2021-10-27 10:36:49,543 Test: [190/200]	Time 0.025 (0.035)	Loss 0.0298 (0.0750)
2021-10-27 10:36:50,699 Mean IoU score: 0.826
2021-10-27 10:36:50,701 => saving checkpoint to out
2021-10-27 10:36:51,340 Epoch: [13][0/200]	Time 0.591s (0.591s)	Speed 54.2 samples/s	Data 0.061s (0.061s)	Loss 0.00627 (0.00627)
2021-10-27 10:36:55,767 Epoch: [13][10/200]	Time 0.439s (0.456s)	Speed 72.8 samples/s	Data 0.002s (0.007s)	Loss 0.00773 (0.00989)
2021-10-27 10:37:00,513 Epoch: [13][20/200]	Time 0.411s (0.465s)	Speed 77.8 samples/s	Data 0.002s (0.005s)	Loss 0.01097 (0.00993)
2021-10-27 10:37:05,166 Epoch: [13][30/200]	Time 0.432s (0.465s)	Speed 74.1 samples/s	Data 0.001s (0.004s)	Loss 0.01420 (0.01164)
2021-10-27 10:37:09,383 Epoch: [13][40/200]	Time 0.429s (0.454s)	Speed 74.6 samples/s	Data 0.001s (0.003s)	Loss 0.01493 (0.01263)
2021-10-27 10:37:13,662 Epoch: [13][50/200]	Time 0.443s (0.449s)	Speed 72.3 samples/s	Data 0.002s (0.003s)	Loss 0.01503 (0.01293)
2021-10-27 10:37:17,901 Epoch: [13][60/200]	Time 0.433s (0.445s)	Speed 73.9 samples/s	Data 0.001s (0.003s)	Loss 0.02606 (0.01357)
2021-10-27 10:37:22,028 Epoch: [13][70/200]	Time 0.428s (0.441s)	Speed 74.8 samples/s	Data 0.001s (0.003s)	Loss 0.01840 (0.01379)
2021-10-27 10:37:26,242 Epoch: [13][80/200]	Time 0.397s (0.438s)	Speed 80.6 samples/s	Data 0.001s (0.002s)	Loss 0.03255 (0.01455)
2021-10-27 10:37:30,583 Epoch: [13][90/200]	Time 0.400s (0.438s)	Speed 79.9 samples/s	Data 0.001s (0.002s)	Loss 0.03323 (0.01536)
2021-10-27 10:37:34,863 Epoch: [13][100/200]	Time 0.448s (0.437s)	Speed 71.4 samples/s	Data 0.001s (0.002s)	Loss 0.01447 (0.01594)
2021-10-27 10:37:39,179 Epoch: [13][110/200]	Time 0.464s (0.436s)	Speed 69.0 samples/s	Data 0.002s (0.002s)	Loss 0.01625 (0.01615)
2021-10-27 10:37:43,533 Epoch: [13][120/200]	Time 0.421s (0.436s)	Speed 76.1 samples/s	Data 0.001s (0.002s)	Loss 0.01617 (0.01620)
2021-10-27 10:37:47,914 Epoch: [13][130/200]	Time 0.432s (0.436s)	Speed 74.1 samples/s	Data 0.001s (0.002s)	Loss 0.01753 (0.01634)
2021-10-27 10:37:52,085 Epoch: [13][140/200]	Time 0.425s (0.435s)	Speed 75.3 samples/s	Data 0.002s (0.002s)	Loss 0.01423 (0.01636)
2021-10-27 10:37:56,360 Epoch: [13][150/200]	Time 0.418s (0.435s)	Speed 76.6 samples/s	Data 0.001s (0.002s)	Loss 0.01815 (0.01641)
2021-10-27 10:38:00,603 Epoch: [13][160/200]	Time 0.409s (0.434s)	Speed 78.3 samples/s	Data 0.001s (0.002s)	Loss 0.02252 (0.01646)
2021-10-27 10:38:04,989 Epoch: [13][170/200]	Time 0.447s (0.434s)	Speed 71.6 samples/s	Data 0.002s (0.002s)	Loss 0.02204 (0.01646)
2021-10-27 10:38:09,208 Epoch: [13][180/200]	Time 0.383s (0.433s)	Speed 83.5 samples/s	Data 0.001s (0.002s)	Loss 0.02002 (0.01649)
2021-10-27 10:38:13,466 Epoch: [13][190/200]	Time 0.389s (0.433s)	Speed 82.4 samples/s	Data 0.002s (0.002s)	Loss 0.01876 (0.01649)
2021-10-27 10:38:17,525 Test: [0/200]	Time 0.105 (0.105)	Loss 0.0640 (0.0640)
2021-10-27 10:38:17,977 Test: [10/200]	Time 0.035 (0.051)	Loss 0.0396 (0.0602)
2021-10-27 10:38:18,408 Test: [20/200]	Time 0.039 (0.047)	Loss 0.0645 (0.0656)
2021-10-27 10:38:18,823 Test: [30/200]	Time 0.026 (0.045)	Loss 0.0939 (0.0732)
2021-10-27 10:38:19,195 Test: [40/200]	Time 0.040 (0.043)	Loss 0.0612 (0.0763)
2021-10-27 10:38:19,479 Test: [50/200]	Time 0.025 (0.040)	Loss 0.1049 (0.0746)
2021-10-27 10:38:19,852 Test: [60/200]	Time 0.026 (0.040)	Loss 0.1013 (0.0774)
2021-10-27 10:38:20,196 Test: [70/200]	Time 0.027 (0.039)	Loss 0.0677 (0.0767)
2021-10-27 10:38:20,518 Test: [80/200]	Time 0.044 (0.038)	Loss 0.0765 (0.0749)
2021-10-27 10:38:20,831 Test: [90/200]	Time 0.025 (0.037)	Loss 0.0978 (0.0758)
2021-10-27 10:38:21,185 Test: [100/200]	Time 0.040 (0.037)	Loss 0.1086 (0.0752)
2021-10-27 10:38:21,498 Test: [110/200]	Time 0.029 (0.037)	Loss 0.2218 (0.0776)
2021-10-27 10:38:21,825 Test: [120/200]	Time 0.026 (0.036)	Loss 0.0691 (0.0762)
2021-10-27 10:38:22,181 Test: [130/200]	Time 0.025 (0.036)	Loss 0.0724 (0.0761)
2021-10-27 10:38:22,530 Test: [140/200]	Time 0.053 (0.036)	Loss 0.0675 (0.0755)
2021-10-27 10:38:22,839 Test: [150/200]	Time 0.025 (0.036)	Loss 0.0746 (0.0745)
2021-10-27 10:38:23,229 Test: [160/200]	Time 0.040 (0.036)	Loss 0.0940 (0.0744)
2021-10-27 10:38:23,553 Test: [170/200]	Time 0.038 (0.036)	Loss 0.0739 (0.0737)
2021-10-27 10:38:23,876 Test: [180/200]	Time 0.025 (0.036)	Loss 0.0520 (0.0731)
2021-10-27 10:38:24,194 Test: [190/200]	Time 0.025 (0.035)	Loss 0.0279 (0.0730)
2021-10-27 10:38:25,311 Mean IoU score: 0.822
2021-10-27 10:38:25,313 => saving checkpoint to out
2021-10-27 10:38:26,081 Epoch: [14][0/200]	Time 0.650s (0.650s)	Speed 49.2 samples/s	Data 0.097s (0.097s)	Loss 0.01056 (0.01056)
2021-10-27 10:38:30,803 Epoch: [14][10/200]	Time 0.491s (0.488s)	Speed 65.1 samples/s	Data 0.001s (0.010s)	Loss 0.01218 (0.01349)
2021-10-27 10:38:35,271 Epoch: [14][20/200]	Time 0.440s (0.469s)	Speed 72.8 samples/s	Data 0.002s (0.006s)	Loss 0.01173 (0.01355)
2021-10-27 10:38:39,991 Epoch: [14][30/200]	Time 0.437s (0.470s)	Speed 73.3 samples/s	Data 0.002s (0.005s)	Loss 0.01146 (0.01292)
2021-10-27 10:38:44,313 Epoch: [14][40/200]	Time 0.433s (0.461s)	Speed 73.8 samples/s	Data 0.002s (0.004s)	Loss 0.01053 (0.01279)
2021-10-27 10:38:48,729 Epoch: [14][50/200]	Time 0.434s (0.457s)	Speed 73.7 samples/s	Data 0.001s (0.004s)	Loss 0.01307 (0.01259)
2021-10-27 10:38:53,052 Epoch: [14][60/200]	Time 0.417s (0.453s)	Speed 76.7 samples/s	Data 0.001s (0.003s)	Loss 0.00918 (0.01228)
2021-10-27 10:38:57,407 Epoch: [14][70/200]	Time 0.442s (0.450s)	Speed 72.4 samples/s	Data 0.003s (0.003s)	Loss 0.01089 (0.01220)
2021-10-27 10:39:02,137 Epoch: [14][80/200]	Time 0.438s (0.453s)	Speed 73.1 samples/s	Data 0.001s (0.003s)	Loss 0.01233 (0.01206)
2021-10-27 10:39:06,614 Epoch: [14][90/200]	Time 0.435s (0.453s)	Speed 73.6 samples/s	Data 0.001s (0.003s)	Loss 0.01242 (0.01207)
2021-10-27 10:39:11,062 Epoch: [14][100/200]	Time 0.451s (0.452s)	Speed 71.0 samples/s	Data 0.001s (0.003s)	Loss 0.01702 (0.01200)
2021-10-27 10:39:15,537 Epoch: [14][110/200]	Time 0.537s (0.451s)	Speed 59.6 samples/s	Data 0.001s (0.003s)	Loss 0.00827 (0.01203)
2021-10-27 10:39:19,964 Epoch: [14][120/200]	Time 0.452s (0.451s)	Speed 70.7 samples/s	Data 0.001s (0.002s)	Loss 0.00979 (0.01199)
2021-10-27 10:39:24,370 Epoch: [14][130/200]	Time 0.428s (0.450s)	Speed 74.8 samples/s	Data 0.002s (0.002s)	Loss 0.00937 (0.01188)
2021-10-27 10:39:29,086 Epoch: [14][140/200]	Time 0.435s (0.451s)	Speed 73.5 samples/s	Data 0.001s (0.002s)	Loss 0.00928 (0.01183)
2021-10-27 10:39:33,631 Epoch: [14][150/200]	Time 0.461s (0.452s)	Speed 69.4 samples/s	Data 0.001s (0.002s)	Loss 0.00949 (0.01170)
2021-10-27 10:39:38,109 Epoch: [14][160/200]	Time 0.443s (0.451s)	Speed 72.2 samples/s	Data 0.001s (0.002s)	Loss 0.00903 (0.01163)
2021-10-27 10:39:42,646 Epoch: [14][170/200]	Time 0.473s (0.452s)	Speed 67.6 samples/s	Data 0.001s (0.002s)	Loss 0.01435 (0.01159)
2021-10-27 10:39:47,092 Epoch: [14][180/200]	Time 0.476s (0.451s)	Speed 67.2 samples/s	Data 0.001s (0.002s)	Loss 0.01107 (0.01146)
2021-10-27 10:39:51,610 Epoch: [14][190/200]	Time 0.430s (0.451s)	Speed 74.5 samples/s	Data 0.002s (0.002s)	Loss 0.01185 (0.01144)
2021-10-27 10:39:55,936 Test: [0/200]	Time 0.108 (0.108)	Loss 0.0696 (0.0696)
2021-10-27 10:39:56,306 Test: [10/200]	Time 0.040 (0.043)	Loss 0.0104 (0.0611)
2021-10-27 10:39:56,639 Test: [20/200]	Time 0.026 (0.039)	Loss 0.0573 (0.0644)
2021-10-27 10:39:57,045 Test: [30/200]	Time 0.025 (0.039)	Loss 0.0815 (0.0723)
2021-10-27 10:39:57,345 Test: [40/200]	Time 0.025 (0.037)	Loss 0.0511 (0.0733)
2021-10-27 10:39:57,695 Test: [50/200]	Time 0.026 (0.037)	Loss 0.1352 (0.0734)
2021-10-27 10:39:58,027 Test: [60/200]	Time 0.026 (0.036)	Loss 0.0799 (0.0756)
2021-10-27 10:39:58,327 Test: [70/200]	Time 0.025 (0.035)	Loss 0.0549 (0.0740)
2021-10-27 10:39:58,664 Test: [80/200]	Time 0.026 (0.035)	Loss 0.0613 (0.0724)
2021-10-27 10:39:59,085 Test: [90/200]	Time 0.040 (0.036)	Loss 0.0748 (0.0728)
2021-10-27 10:39:59,479 Test: [100/200]	Time 0.025 (0.036)	Loss 0.1005 (0.0717)
2021-10-27 10:39:59,782 Test: [110/200]	Time 0.026 (0.036)	Loss 0.1650 (0.0724)
2021-10-27 10:40:00,130 Test: [120/200]	Time 0.025 (0.036)	Loss 0.0652 (0.0706)
2021-10-27 10:40:00,426 Test: [130/200]	Time 0.025 (0.035)	Loss 0.0731 (0.0703)
2021-10-27 10:40:00,723 Test: [140/200]	Time 0.025 (0.035)	Loss 0.0577 (0.0696)
2021-10-27 10:40:01,018 Test: [150/200]	Time 0.026 (0.034)	Loss 0.0640 (0.0685)
2021-10-27 10:40:01,396 Test: [160/200]	Time 0.028 (0.035)	Loss 0.0823 (0.0684)
2021-10-27 10:40:01,759 Test: [170/200]	Time 0.034 (0.035)	Loss 0.0947 (0.0680)
2021-10-27 10:40:02,137 Test: [180/200]	Time 0.031 (0.035)	Loss 0.0519 (0.0675)
2021-10-27 10:40:02,542 Test: [190/200]	Time 0.044 (0.035)	Loss 0.0312 (0.0673)
2021-10-27 10:40:03,739 Mean IoU score: 0.838
2021-10-27 10:40:03,741 => saving checkpoint to out
2021-10-27 10:40:04,446 Epoch: [15][0/200]	Time 0.657s (0.657s)	Speed 48.7 samples/s	Data 0.091s (0.091s)	Loss 0.00907 (0.00907)
2021-10-27 10:40:09,143 Epoch: [15][10/200]	Time 0.447s (0.487s)	Speed 71.6 samples/s	Data 0.002s (0.010s)	Loss 0.01460 (0.01092)
2021-10-27 10:40:13,661 Epoch: [15][20/200]	Time 0.454s (0.470s)	Speed 70.5 samples/s	Data 0.002s (0.006s)	Loss 0.01001 (0.01068)
2021-10-27 10:40:18,130 Epoch: [15][30/200]	Time 0.421s (0.463s)	Speed 75.9 samples/s	Data 0.001s (0.004s)	Loss 0.01068 (0.01077)
2021-10-27 10:40:22,685 Epoch: [15][40/200]	Time 0.447s (0.461s)	Speed 71.6 samples/s	Data 0.001s (0.004s)	Loss 0.01106 (0.01050)
2021-10-27 10:40:27,252 Epoch: [15][50/200]	Time 0.487s (0.460s)	Speed 65.7 samples/s	Data 0.001s (0.003s)	Loss 0.01163 (0.01032)
2021-10-27 10:40:32,143 Epoch: [15][60/200]	Time 0.423s (0.465s)	Speed 75.6 samples/s	Data 0.001s (0.003s)	Loss 0.00957 (0.01032)
2021-10-27 10:40:36,778 Epoch: [15][70/200]	Time 0.443s (0.465s)	Speed 72.3 samples/s	Data 0.001s (0.003s)	Loss 0.00766 (0.01019)
2021-10-27 10:40:41,412 Epoch: [15][80/200]	Time 0.440s (0.464s)	Speed 72.7 samples/s	Data 0.001s (0.003s)	Loss 0.01005 (0.01007)
2021-10-27 10:40:46,048 Epoch: [15][90/200]	Time 0.453s (0.464s)	Speed 70.6 samples/s	Data 0.002s (0.003s)	Loss 0.00904 (0.01002)
2021-10-27 10:40:50,753 Epoch: [15][100/200]	Time 0.482s (0.465s)	Speed 66.4 samples/s	Data 0.002s (0.002s)	Loss 0.01131 (0.01000)
2021-10-27 10:40:55,393 Epoch: [15][110/200]	Time 0.442s (0.465s)	Speed 72.4 samples/s	Data 0.001s (0.002s)	Loss 0.00625 (0.00994)
2021-10-27 10:41:00,072 Epoch: [15][120/200]	Time 0.477s (0.465s)	Speed 67.1 samples/s	Data 0.001s (0.002s)	Loss 0.00983 (0.00987)
2021-10-27 10:41:04,912 Epoch: [15][130/200]	Time 0.452s (0.467s)	Speed 70.8 samples/s	Data 0.001s (0.002s)	Loss 0.00804 (0.00976)
2021-10-27 10:41:09,576 Epoch: [15][140/200]	Time 0.419s (0.467s)	Speed 76.3 samples/s	Data 0.001s (0.002s)	Loss 0.01316 (0.00972)
2021-10-27 10:41:13,471 Epoch: [15][150/200]	Time 0.389s (0.461s)	Speed 82.3 samples/s	Data 0.001s (0.002s)	Loss 0.01241 (0.00971)
2021-10-27 10:41:17,457 Epoch: [15][160/200]	Time 0.391s (0.458s)	Speed 81.8 samples/s	Data 0.001s (0.002s)	Loss 0.00931 (0.00967)
2021-10-27 10:41:21,368 Epoch: [15][170/200]	Time 0.401s (0.454s)	Speed 79.8 samples/s	Data 0.002s (0.002s)	Loss 0.00603 (0.00960)
2021-10-27 10:41:25,314 Epoch: [15][180/200]	Time 0.390s (0.450s)	Speed 82.0 samples/s	Data 0.001s (0.002s)	Loss 0.00750 (0.00953)
2021-10-27 10:41:29,359 Epoch: [15][190/200]	Time 0.405s (0.448s)	Speed 78.9 samples/s	Data 0.001s (0.002s)	Loss 0.00633 (0.00944)
2021-10-27 10:41:33,067 Test: [0/200]	Time 0.090 (0.090)	Loss 0.0584 (0.0584)
2021-10-27 10:41:33,395 Test: [10/200]	Time 0.029 (0.038)	Loss 0.0085 (0.0439)
2021-10-27 10:41:33,731 Test: [20/200]	Time 0.030 (0.036)	Loss 0.0378 (0.0489)
2021-10-27 10:41:34,079 Test: [30/200]	Time 0.030 (0.036)	Loss 0.0478 (0.0536)
2021-10-27 10:41:34,397 Test: [40/200]	Time 0.030 (0.035)	Loss 0.0431 (0.0562)
2021-10-27 10:41:34,723 Test: [50/200]	Time 0.030 (0.034)	Loss 0.0713 (0.0553)
2021-10-27 10:41:35,041 Test: [60/200]	Time 0.030 (0.034)	Loss 0.0720 (0.0575)
2021-10-27 10:41:35,360 Test: [70/200]	Time 0.029 (0.034)	Loss 0.0411 (0.0564)
2021-10-27 10:41:35,695 Test: [80/200]	Time 0.030 (0.034)	Loss 0.0487 (0.0550)
2021-10-27 10:41:36,017 Test: [90/200]	Time 0.030 (0.033)	Loss 0.0675 (0.0564)
2021-10-27 10:41:36,336 Test: [100/200]	Time 0.030 (0.033)	Loss 0.0740 (0.0556)
2021-10-27 10:41:36,659 Test: [110/200]	Time 0.030 (0.033)	Loss 0.1804 (0.0563)
2021-10-27 10:41:37,025 Test: [120/200]	Time 0.032 (0.033)	Loss 0.0627 (0.0549)
2021-10-27 10:41:37,347 Test: [130/200]	Time 0.030 (0.033)	Loss 0.0560 (0.0550)
2021-10-27 10:41:37,777 Test: [140/200]	Time 0.031 (0.034)	Loss 0.0486 (0.0545)
2021-10-27 10:41:38,098 Test: [150/200]	Time 0.030 (0.034)	Loss 0.0447 (0.0536)
2021-10-27 10:41:38,419 Test: [160/200]	Time 0.031 (0.034)	Loss 0.0731 (0.0538)
2021-10-27 10:41:38,748 Test: [170/200]	Time 0.030 (0.034)	Loss 0.0814 (0.0535)
2021-10-27 10:41:39,069 Test: [180/200]	Time 0.030 (0.034)	Loss 0.0370 (0.0532)
2021-10-27 10:41:39,395 Test: [190/200]	Time 0.029 (0.034)	Loss 0.0213 (0.0530)
2021-10-27 10:41:40,594 Mean IoU score: 0.871
2021-10-27 10:41:40,596 => saving checkpoint to out
2021-10-27 10:41:41,317 Epoch: [16][0/200]	Time 0.632s (0.632s)	Speed 50.6 samples/s	Data 0.071s (0.071s)	Loss 0.00712 (0.00712)
2021-10-27 10:41:45,478 Epoch: [16][10/200]	Time 0.395s (0.436s)	Speed 81.0 samples/s	Data 0.002s (0.008s)	Loss 0.00779 (0.00776)
2021-10-27 10:41:49,475 Epoch: [16][20/200]	Time 0.399s (0.419s)	Speed 80.1 samples/s	Data 0.001s (0.005s)	Loss 0.00793 (0.00820)
2021-10-27 10:41:53,388 Epoch: [16][30/200]	Time 0.384s (0.410s)	Speed 83.3 samples/s	Data 0.001s (0.004s)	Loss 0.00772 (0.00812)
2021-10-27 10:41:57,329 Epoch: [16][40/200]	Time 0.382s (0.406s)	Speed 83.8 samples/s	Data 0.001s (0.003s)	Loss 0.00821 (0.00803)
2021-10-27 10:42:01,257 Epoch: [16][50/200]	Time 0.381s (0.403s)	Speed 83.9 samples/s	Data 0.001s (0.003s)	Loss 0.00920 (0.00798)
2021-10-27 10:42:05,179 Epoch: [16][60/200]	Time 0.380s (0.402s)	Speed 84.3 samples/s	Data 0.001s (0.003s)	Loss 0.00856 (0.00797)
2021-10-27 10:42:09,117 Epoch: [16][70/200]	Time 0.392s (0.400s)	Speed 81.6 samples/s	Data 0.001s (0.003s)	Loss 0.00737 (0.00797)
2021-10-27 10:42:13,057 Epoch: [16][80/200]	Time 0.392s (0.400s)	Speed 81.6 samples/s	Data 0.001s (0.003s)	Loss 0.00559 (0.00789)
2021-10-27 10:42:17,213 Epoch: [16][90/200]	Time 0.410s (0.401s)	Speed 78.1 samples/s	Data 0.002s (0.002s)	Loss 0.00931 (0.00801)
2021-10-27 10:42:21,201 Epoch: [16][100/200]	Time 0.380s (0.401s)	Speed 84.2 samples/s	Data 0.001s (0.002s)	Loss 0.00992 (0.00804)
2021-10-27 10:42:25,252 Epoch: [16][110/200]	Time 0.378s (0.402s)	Speed 84.6 samples/s	Data 0.001s (0.002s)	Loss 0.00835 (0.00805)
2021-10-27 10:42:29,410 Epoch: [16][120/200]	Time 0.391s (0.403s)	Speed 81.9 samples/s	Data 0.002s (0.002s)	Loss 0.00970 (0.00807)
2021-10-27 10:42:33,340 Epoch: [16][130/200]	Time 0.378s (0.402s)	Speed 84.6 samples/s	Data 0.001s (0.002s)	Loss 0.00752 (0.00801)
2021-10-27 10:42:37,241 Epoch: [16][140/200]	Time 0.400s (0.401s)	Speed 80.0 samples/s	Data 0.002s (0.002s)	Loss 0.00864 (0.00799)
2021-10-27 10:42:41,203 Epoch: [16][150/200]	Time 0.390s (0.401s)	Speed 82.1 samples/s	Data 0.002s (0.002s)	Loss 0.00816 (0.00798)
2021-10-27 10:42:45,167 Epoch: [16][160/200]	Time 0.387s (0.401s)	Speed 82.6 samples/s	Data 0.002s (0.002s)	Loss 0.00730 (0.00796)
2021-10-27 10:42:49,120 Epoch: [16][170/200]	Time 0.404s (0.400s)	Speed 79.3 samples/s	Data 0.001s (0.002s)	Loss 0.00987 (0.00798)
2021-10-27 10:42:53,044 Epoch: [16][180/200]	Time 0.378s (0.400s)	Speed 84.7 samples/s	Data 0.002s (0.002s)	Loss 0.00689 (0.00794)
2021-10-27 10:42:56,897 Epoch: [16][190/200]	Time 0.394s (0.399s)	Speed 81.3 samples/s	Data 0.001s (0.002s)	Loss 0.00784 (0.00794)
2021-10-27 10:43:00,604 Test: [0/200]	Time 0.103 (0.103)	Loss 0.0541 (0.0541)
2021-10-27 10:43:00,985 Test: [10/200]	Time 0.029 (0.044)	Loss 0.0088 (0.0431)
2021-10-27 10:43:01,296 Test: [20/200]	Time 0.029 (0.038)	Loss 0.0291 (0.0477)
2021-10-27 10:43:01,689 Test: [30/200]	Time 0.046 (0.038)	Loss 0.0566 (0.0515)
2021-10-27 10:43:02,143 Test: [40/200]	Time 0.044 (0.040)	Loss 0.0413 (0.0542)
2021-10-27 10:43:02,576 Test: [50/200]	Time 0.037 (0.041)	Loss 0.0717 (0.0532)
2021-10-27 10:43:02,893 Test: [60/200]	Time 0.029 (0.039)	Loss 0.0692 (0.0563)
2021-10-27 10:43:03,193 Test: [70/200]	Time 0.029 (0.038)	Loss 0.0377 (0.0554)
2021-10-27 10:43:03,505 Test: [80/200]	Time 0.032 (0.037)	Loss 0.0497 (0.0537)
2021-10-27 10:43:03,821 Test: [90/200]	Time 0.029 (0.036)	Loss 0.0710 (0.0550)
2021-10-27 10:43:04,126 Test: [100/200]	Time 0.029 (0.036)	Loss 0.0720 (0.0543)
2021-10-27 10:43:04,436 Test: [110/200]	Time 0.029 (0.035)	Loss 0.1927 (0.0552)
2021-10-27 10:43:04,759 Test: [120/200]	Time 0.032 (0.035)	Loss 0.0593 (0.0539)
2021-10-27 10:43:05,062 Test: [130/200]	Time 0.029 (0.035)	Loss 0.0573 (0.0541)
2021-10-27 10:43:05,362 Test: [140/200]	Time 0.029 (0.034)	Loss 0.0480 (0.0538)
2021-10-27 10:43:05,675 Test: [150/200]	Time 0.029 (0.034)	Loss 0.0606 (0.0529)
2021-10-27 10:43:05,978 Test: [160/200]	Time 0.029 (0.034)	Loss 0.0690 (0.0530)
2021-10-27 10:43:06,281 Test: [170/200]	Time 0.030 (0.034)	Loss 0.0881 (0.0529)
2021-10-27 10:43:06,591 Test: [180/200]	Time 0.031 (0.034)	Loss 0.0333 (0.0525)
2021-10-27 10:43:07,013 Test: [190/200]	Time 0.042 (0.034)	Loss 0.0204 (0.0523)
2021-10-27 10:43:08,198 Mean IoU score: 0.874
2021-10-27 10:43:08,199 => saving checkpoint to out
2021-10-27 10:43:08,896 Epoch: [17][0/200]	Time 0.621s (0.621s)	Speed 51.5 samples/s	Data 0.078s (0.078s)	Loss 0.00757 (0.00757)
2021-10-27 10:43:13,124 Epoch: [17][10/200]	Time 0.387s (0.441s)	Speed 82.7 samples/s	Data 0.002s (0.009s)	Loss 0.00751 (0.00677)
2021-10-27 10:43:17,058 Epoch: [17][20/200]	Time 0.386s (0.418s)	Speed 82.9 samples/s	Data 0.001s (0.005s)	Loss 0.00733 (0.00705)
2021-10-27 10:43:21,047 Epoch: [17][30/200]	Time 0.396s (0.412s)	Speed 80.8 samples/s	Data 0.002s (0.004s)	Loss 0.00691 (0.00707)
