2021-10-27 16:18:39,030 Namespace(eval_interval=1, frequent=10, gpus='', num_workers=4, out_dir='out')
2021-10-27 16:18:39,102 => load 200 samples
2021-10-27 16:18:39,103 => load 200 samples
2021-10-27 16:18:39,982 Epoch: [0][0/200]	Time 0.878s (0.878s)	Speed 36.4 samples/s	Data 0.079s (0.079s)	Loss 2.53597 (2.53597)
2021-10-27 16:18:45,655 Epoch: [0][10/200]	Time 0.844s (0.596s)	Speed 37.9 samples/s	Data 0.002s (0.009s)	Loss 2.05252 (2.26275)
2021-10-27 16:18:52,318 Epoch: [0][20/200]	Time 0.343s (0.629s)	Speed 93.3 samples/s	Data 0.002s (0.006s)	Loss 1.76621 (2.08504)
2021-10-27 16:18:59,503 Epoch: [0][30/200]	Time 0.863s (0.658s)	Speed 37.1 samples/s	Data 0.002s (0.005s)	Loss 1.51209 (1.93444)
2021-10-27 16:19:06,512 Epoch: [0][40/200]	Time 0.615s (0.668s)	Speed 52.0 samples/s	Data 0.002s (0.005s)	Loss 1.28909 (1.80108)
2021-10-27 16:19:13,454 Epoch: [0][50/200]	Time 0.829s (0.674s)	Speed 38.6 samples/s	Data 0.002s (0.005s)	Loss 1.09655 (1.68019)
2021-10-27 16:19:18,257 Epoch: [0][60/200]	Time 0.433s (0.642s)	Speed 73.9 samples/s	Data 0.001s (0.004s)	Loss 0.92831 (1.56848)
2021-10-27 16:19:22,446 Epoch: [0][70/200]	Time 0.394s (0.610s)	Speed 81.3 samples/s	Data 0.002s (0.004s)	Loss 0.77061 (1.46663)
2021-10-27 16:19:27,420 Epoch: [0][80/200]	Time 0.388s (0.596s)	Speed 82.5 samples/s	Data 0.002s (0.004s)	Loss 0.65908 (1.37322)
2021-10-27 16:19:31,661 Epoch: [0][90/200]	Time 0.460s (0.578s)	Speed 69.6 samples/s	Data 0.001s (0.003s)	Loss 0.57869 (1.28903)
2021-10-27 16:19:41,038 Epoch: [0][100/200]	Time 1.029s (0.613s)	Speed 31.1 samples/s	Data 0.004s (0.004s)	Loss 0.48612 (1.21319)
2021-10-27 16:19:49,837 Epoch: [0][110/200]	Time 0.934s (0.637s)	Speed 34.3 samples/s	Data 0.012s (0.004s)	Loss 0.41599 (1.14464)
2021-10-27 16:19:55,244 Epoch: [0][120/200]	Time 0.448s (0.629s)	Speed 71.4 samples/s	Data 0.001s (0.004s)	Loss 0.36422 (1.08283)
2021-10-27 16:19:59,838 Epoch: [0][130/200]	Time 0.469s (0.616s)	Speed 68.3 samples/s	Data 0.002s (0.003s)	Loss 0.34672 (1.02680)
2021-10-27 16:20:04,722 Epoch: [0][140/200]	Time 0.453s (0.607s)	Speed 70.7 samples/s	Data 0.002s (0.003s)	Loss 0.30918 (0.97694)
2021-10-27 16:20:09,632 Epoch: [0][150/200]	Time 0.549s (0.600s)	Speed 58.3 samples/s	Data 0.002s (0.003s)	Loss 0.28733 (0.93140)
2021-10-27 16:20:14,580 Epoch: [0][160/200]	Time 0.475s (0.593s)	Speed 67.3 samples/s	Data 0.002s (0.003s)	Loss 0.26830 (0.89036)
2021-10-27 16:20:18,832 Epoch: [0][170/200]	Time 0.390s (0.583s)	Speed 82.1 samples/s	Data 0.002s (0.003s)	Loss 0.25985 (0.85309)
2021-10-27 16:20:23,803 Epoch: [0][180/200]	Time 0.468s (0.578s)	Speed 68.4 samples/s	Data 0.002s (0.003s)	Loss 0.23144 (0.81920)
2021-10-27 16:20:28,603 Epoch: [0][190/200]	Time 0.560s (0.573s)	Speed 57.1 samples/s	Data 0.003s (0.003s)	Loss 0.20636 (0.78763)
2021-10-27 16:20:32,678 Test: [0/200]	Time 0.096 (0.096)	Loss 0.4794 (0.4794)
2021-10-27 16:20:33,038 Test: [10/200]	Time 0.041 (0.041)	Loss 0.1507 (0.3859)
2021-10-27 16:20:33,514 Test: [20/200]	Time 0.043 (0.044)	Loss 0.2853 (0.3984)
2021-10-27 16:20:33,930 Test: [30/200]	Time 0.027 (0.043)	Loss 0.5993 (0.4074)
2021-10-27 16:20:34,239 Test: [40/200]	Time 0.028 (0.040)	Loss 0.4311 (0.4237)
2021-10-27 16:20:34,567 Test: [50/200]	Time 0.030 (0.039)	Loss 0.5194 (0.4282)
2021-10-27 16:20:34,887 Test: [60/200]	Time 0.029 (0.038)	Loss 0.4967 (0.4288)
2021-10-27 16:20:35,206 Test: [70/200]	Time 0.029 (0.037)	Loss 0.4127 (0.4273)
2021-10-27 16:20:35,521 Test: [80/200]	Time 0.031 (0.036)	Loss 0.4987 (0.4215)
2021-10-27 16:20:35,846 Test: [90/200]	Time 0.030 (0.036)	Loss 0.5107 (0.4252)
2021-10-27 16:20:36,192 Test: [100/200]	Time 0.034 (0.036)	Loss 0.5170 (0.4237)
2021-10-27 16:20:36,523 Test: [110/200]	Time 0.030 (0.035)	Loss 0.5047 (0.4253)
2021-10-27 16:20:36,846 Test: [120/200]	Time 0.029 (0.035)	Loss 0.4805 (0.4230)
2021-10-27 16:20:37,177 Test: [130/200]	Time 0.031 (0.035)	Loss 0.4096 (0.4280)
2021-10-27 16:20:37,503 Test: [140/200]	Time 0.029 (0.035)	Loss 0.3841 (0.4269)
2021-10-27 16:20:37,861 Test: [150/200]	Time 0.048 (0.035)	Loss 0.4748 (0.4257)
2021-10-27 16:20:38,187 Test: [160/200]	Time 0.028 (0.035)	Loss 0.4514 (0.4257)
2021-10-27 16:20:38,524 Test: [170/200]	Time 0.032 (0.035)	Loss 0.3068 (0.4229)
2021-10-27 16:20:38,921 Test: [180/200]	Time 0.048 (0.035)	Loss 0.3491 (0.4205)
2021-10-27 16:20:39,346 Test: [190/200]	Time 0.034 (0.035)	Loss 0.3770 (0.4220)
2021-10-27 16:20:40,836 Mean IoU score: 0.166
2021-10-27 16:20:40,837 => saving checkpoint to out
2021-10-27 16:20:41,702 Epoch: [1][0/200]	Time 0.806s (0.806s)	Speed 39.7 samples/s	Data 0.080s (0.080s)	Loss 0.20143 (0.20143)
2021-10-27 16:20:46,574 Epoch: [1][10/200]	Time 0.476s (0.516s)	Speed 67.2 samples/s	Data 0.003s (0.009s)	Loss 0.20041 (0.20827)
2021-10-27 16:20:51,276 Epoch: [1][20/200]	Time 0.492s (0.494s)	Speed 65.0 samples/s	Data 0.002s (0.006s)	Loss 0.25109 (0.20436)
2021-10-27 16:20:55,915 Epoch: [1][30/200]	Time 0.426s (0.484s)	Speed 75.2 samples/s	Data 0.002s (0.005s)	Loss 0.16522 (0.20093)
2021-10-27 16:20:59,955 Epoch: [1][40/200]	Time 0.464s (0.465s)	Speed 68.9 samples/s	Data 0.002s (0.004s)	Loss 0.17910 (0.19576)
2021-10-27 16:21:05,630 Epoch: [1][50/200]	Time 0.681s (0.485s)	Speed 47.0 samples/s	Data 0.002s (0.004s)	Loss 0.15364 (0.19176)
2021-10-27 16:21:10,158 Epoch: [1][60/200]	Time 0.438s (0.480s)	Speed 73.0 samples/s	Data 0.005s (0.004s)	Loss 0.16445 (0.18798)
2021-10-27 16:21:14,171 Epoch: [1][70/200]	Time 0.377s (0.469s)	Speed 84.8 samples/s	Data 0.002s (0.003s)	Loss 0.15681 (0.18391)
2021-10-27 16:21:18,100 Epoch: [1][80/200]	Time 0.386s (0.459s)	Speed 82.9 samples/s	Data 0.001s (0.003s)	Loss 0.12113 (0.17910)
2021-10-27 16:21:22,680 Epoch: [1][90/200]	Time 0.414s (0.459s)	Speed 77.4 samples/s	Data 0.002s (0.003s)	Loss 0.13719 (0.17436)
2021-10-27 16:21:27,132 Epoch: [1][100/200]	Time 0.410s (0.458s)	Speed 78.0 samples/s	Data 0.002s (0.003s)	Loss 0.12851 (0.17127)
2021-10-27 16:21:31,582 Epoch: [1][110/200]	Time 0.453s (0.457s)	Speed 70.6 samples/s	Data 0.002s (0.003s)	Loss 0.12097 (0.16781)
2021-10-27 16:21:36,163 Epoch: [1][120/200]	Time 0.463s (0.457s)	Speed 69.1 samples/s	Data 0.002s (0.003s)	Loss 0.10478 (0.16360)
2021-10-27 16:21:40,689 Epoch: [1][130/200]	Time 0.486s (0.456s)	Speed 65.9 samples/s	Data 0.002s (0.003s)	Loss 0.10457 (0.15968)
2021-10-27 16:21:44,648 Epoch: [1][140/200]	Time 0.390s (0.452s)	Speed 82.1 samples/s	Data 0.001s (0.003s)	Loss 0.12302 (0.15611)
2021-10-27 16:21:48,557 Epoch: [1][150/200]	Time 0.382s (0.448s)	Speed 83.8 samples/s	Data 0.002s (0.003s)	Loss 0.09355 (0.15261)
2021-10-27 16:21:52,484 Epoch: [1][160/200]	Time 0.396s (0.445s)	Speed 80.7 samples/s	Data 0.001s (0.003s)	Loss 0.10451 (0.14948)
2021-10-27 16:21:56,491 Epoch: [1][170/200]	Time 0.404s (0.442s)	Speed 79.1 samples/s	Data 0.002s (0.003s)	Loss 0.08841 (0.14644)
2021-10-27 16:22:00,335 Epoch: [1][180/200]	Time 0.379s (0.439s)	Speed 84.4 samples/s	Data 0.002s (0.002s)	Loss 0.09646 (0.14348)
2021-10-27 16:22:04,302 Epoch: [1][190/200]	Time 0.407s (0.437s)	Speed 78.7 samples/s	Data 0.002s (0.002s)	Loss 0.09332 (0.14070)
2021-10-27 16:22:07,889 Test: [0/200]	Time 0.096 (0.096)	Loss 0.2378 (0.2378)
2021-10-27 16:22:08,204 Test: [10/200]	Time 0.026 (0.037)	Loss 0.0617 (0.1809)
2021-10-27 16:22:08,524 Test: [20/200]	Time 0.028 (0.035)	Loss 0.1367 (0.1835)
2021-10-27 16:22:08,833 Test: [30/200]	Time 0.028 (0.034)	Loss 0.2542 (0.1915)
2021-10-27 16:22:09,202 Test: [40/200]	Time 0.028 (0.034)	Loss 0.1718 (0.1994)
2021-10-27 16:22:09,523 Test: [50/200]	Time 0.028 (0.034)	Loss 0.2557 (0.1997)
2021-10-27 16:22:09,832 Test: [60/200]	Time 0.028 (0.033)	Loss 0.2272 (0.2012)
2021-10-27 16:22:10,145 Test: [70/200]	Time 0.028 (0.033)	Loss 0.1795 (0.2007)
2021-10-27 16:22:10,486 Test: [80/200]	Time 0.027 (0.033)	Loss 0.2577 (0.1978)
2021-10-27 16:22:10,918 Test: [90/200]	Time 0.041 (0.034)	Loss 0.2620 (0.2004)
2021-10-27 16:22:11,211 Test: [100/200]	Time 0.027 (0.034)	Loss 0.2784 (0.1992)
2021-10-27 16:22:11,530 Test: [110/200]	Time 0.028 (0.034)	Loss 0.2784 (0.2003)
2021-10-27 16:22:11,839 Test: [120/200]	Time 0.028 (0.033)	Loss 0.2369 (0.1987)
2021-10-27 16:22:12,157 Test: [130/200]	Time 0.027 (0.033)	Loss 0.1822 (0.2013)
2021-10-27 16:22:12,475 Test: [140/200]	Time 0.028 (0.033)	Loss 0.1912 (0.2010)
2021-10-27 16:22:12,784 Test: [150/200]	Time 0.028 (0.033)	Loss 0.2019 (0.1994)
2021-10-27 16:22:13,094 Test: [160/200]	Time 0.027 (0.033)	Loss 0.2383 (0.1992)
2021-10-27 16:22:13,418 Test: [170/200]	Time 0.029 (0.033)	Loss 0.1619 (0.1977)
2021-10-27 16:22:13,725 Test: [180/200]	Time 0.027 (0.033)	Loss 0.1498 (0.1966)
2021-10-27 16:22:14,042 Test: [190/200]	Time 0.028 (0.033)	Loss 0.1379 (0.1974)
2021-10-27 16:22:15,193 Mean IoU score: 0.573
2021-10-27 16:22:15,196 => saving checkpoint to out
2021-10-27 16:22:15,830 Epoch: [2][0/200]	Time 0.567s (0.567s)	Speed 56.5 samples/s	Data 0.082s (0.082s)	Loss 0.07331 (0.07331)
2021-10-27 16:22:19,745 Epoch: [2][10/200]	Time 0.398s (0.407s)	Speed 80.4 samples/s	Data 0.002s (0.009s)	Loss 0.08177 (0.08071)
2021-10-27 16:22:23,725 Epoch: [2][20/200]	Time 0.384s (0.403s)	Speed 83.3 samples/s	Data 0.001s (0.006s)	Loss 0.07963 (0.07756)
2021-10-27 16:22:27,624 Epoch: [2][30/200]	Time 0.391s (0.399s)	Speed 81.7 samples/s	Data 0.001s (0.004s)	Loss 0.06827 (0.07453)
2021-10-27 16:22:31,492 Epoch: [2][40/200]	Time 0.388s (0.396s)	Speed 82.5 samples/s	Data 0.001s (0.004s)	Loss 0.06623 (0.07406)
2021-10-27 16:22:35,360 Epoch: [2][50/200]	Time 0.374s (0.394s)	Speed 85.5 samples/s	Data 0.002s (0.003s)	Loss 0.06057 (0.07246)
2021-10-27 16:22:39,727 Epoch: [2][60/200]	Time 0.419s (0.401s)	Speed 76.4 samples/s	Data 0.002s (0.003s)	Loss 0.05635 (0.07106)
2021-10-27 16:22:43,788 Epoch: [2][70/200]	Time 0.391s (0.402s)	Speed 81.9 samples/s	Data 0.002s (0.003s)	Loss 0.06856 (0.06954)
2021-10-27 16:22:47,656 Epoch: [2][80/200]	Time 0.384s (0.400s)	Speed 83.4 samples/s	Data 0.001s (0.003s)	Loss 0.06304 (0.06854)
2021-10-27 16:22:51,524 Epoch: [2][90/200]	Time 0.391s (0.398s)	Speed 81.8 samples/s	Data 0.002s (0.003s)	Loss 0.05277 (0.06731)
2021-10-27 16:22:55,376 Epoch: [2][100/200]	Time 0.376s (0.397s)	Speed 85.2 samples/s	Data 0.002s (0.003s)	Loss 0.05790 (0.06602)
2021-10-27 16:22:59,213 Epoch: [2][110/200]	Time 0.395s (0.396s)	Speed 81.1 samples/s	Data 0.002s (0.002s)	Loss 0.05370 (0.06551)
2021-10-27 16:23:03,085 Epoch: [2][120/200]	Time 0.382s (0.395s)	Speed 83.8 samples/s	Data 0.002s (0.002s)	Loss 0.06027 (0.06438)
2021-10-27 16:23:07,353 Epoch: [2][130/200]	Time 0.387s (0.398s)	Speed 82.8 samples/s	Data 0.002s (0.002s)	Loss 0.05760 (0.06348)
2021-10-27 16:23:11,260 Epoch: [2][140/200]	Time 0.371s (0.397s)	Speed 86.2 samples/s	Data 0.002s (0.002s)	Loss 0.05591 (0.06276)
2021-10-27 16:23:15,151 Epoch: [2][150/200]	Time 0.387s (0.397s)	Speed 82.7 samples/s	Data 0.002s (0.002s)	Loss 0.04314 (0.06212)
2021-10-27 16:23:19,069 Epoch: [2][160/200]	Time 0.394s (0.396s)	Speed 81.1 samples/s	Data 0.002s (0.002s)	Loss 0.03996 (0.06112)
2021-10-27 16:23:22,954 Epoch: [2][170/200]	Time 0.382s (0.396s)	Speed 83.9 samples/s	Data 0.002s (0.002s)	Loss 0.04498 (0.06023)
2021-10-27 16:23:26,932 Epoch: [2][180/200]	Time 0.401s (0.396s)	Speed 79.9 samples/s	Data 0.002s (0.002s)	Loss 0.04407 (0.05930)
2021-10-27 16:23:31,182 Epoch: [2][190/200]	Time 0.391s (0.397s)	Speed 81.9 samples/s	Data 0.002s (0.002s)	Loss 0.05017 (0.05852)
2021-10-27 16:23:35,062 Test: [0/200]	Time 0.088 (0.088)	Loss 0.1175 (0.1175)
2021-10-27 16:23:35,371 Test: [10/200]	Time 0.032 (0.036)	Loss 0.0331 (0.1096)
2021-10-27 16:23:35,770 Test: [20/200]	Time 0.042 (0.038)	Loss 0.0673 (0.1110)
2021-10-27 16:23:36,272 Test: [30/200]	Time 0.044 (0.042)	Loss 0.1886 (0.1190)
2021-10-27 16:23:36,623 Test: [40/200]	Time 0.043 (0.040)	Loss 0.1008 (0.1229)
2021-10-27 16:23:36,983 Test: [50/200]	Time 0.042 (0.039)	Loss 0.1613 (0.1237)
2021-10-27 16:23:37,310 Test: [60/200]	Time 0.027 (0.038)	Loss 0.1407 (0.1264)
2021-10-27 16:23:37,615 Test: [70/200]	Time 0.028 (0.037)	Loss 0.0996 (0.1259)
2021-10-27 16:23:37,943 Test: [80/200]	Time 0.028 (0.037)	Loss 0.1426 (0.1238)
2021-10-27 16:23:38,241 Test: [90/200]	Time 0.029 (0.036)	Loss 0.1863 (0.1252)
2021-10-27 16:23:38,558 Test: [100/200]	Time 0.029 (0.035)	Loss 0.1856 (0.1244)
2021-10-27 16:23:38,858 Test: [110/200]	Time 0.028 (0.035)	Loss 0.1973 (0.1252)
2021-10-27 16:23:39,292 Test: [120/200]	Time 0.043 (0.036)	Loss 0.1594 (0.1235)
2021-10-27 16:23:39,761 Test: [130/200]	Time 0.044 (0.037)	Loss 0.1226 (0.1248)
2021-10-27 16:23:40,169 Test: [140/200]	Time 0.031 (0.037)	Loss 0.1031 (0.1239)
2021-10-27 16:23:40,483 Test: [150/200]	Time 0.030 (0.036)	Loss 0.1125 (0.1226)
2021-10-27 16:23:40,789 Test: [160/200]	Time 0.030 (0.036)	Loss 0.1365 (0.1225)
2021-10-27 16:23:41,110 Test: [170/200]	Time 0.028 (0.036)	Loss 0.1213 (0.1214)
2021-10-27 16:23:41,437 Test: [180/200]	Time 0.047 (0.036)	Loss 0.1090 (0.1203)
2021-10-27 16:23:41,741 Test: [190/200]	Time 0.027 (0.035)	Loss 0.0724 (0.1203)
2021-10-27 16:23:42,867 Mean IoU score: 0.734
2021-10-27 16:23:42,869 => saving checkpoint to out
2021-10-27 16:23:43,511 Epoch: [3][0/200]	Time 0.576s (0.576s)	Speed 55.5 samples/s	Data 0.076s (0.076s)	Loss 0.03713 (0.03713)
2021-10-27 16:23:47,485 Epoch: [3][10/200]	Time 0.396s (0.414s)	Speed 80.8 samples/s	Data 0.001s (0.008s)	Loss 0.04131 (0.04001)
2021-10-27 16:23:51,427 Epoch: [3][20/200]	Time 0.388s (0.404s)	Speed 82.5 samples/s	Data 0.002s (0.005s)	Loss 0.06019 (0.03944)
2021-10-27 16:23:55,334 Epoch: [3][30/200]	Time 0.378s (0.400s)	Speed 84.6 samples/s	Data 0.002s (0.004s)	Loss 0.02655 (0.03899)
2021-10-27 16:23:59,300 Epoch: [3][40/200]	Time 0.388s (0.399s)	Speed 82.4 samples/s	Data 0.002s (0.004s)	Loss 0.03640 (0.03825)
2021-10-27 16:24:03,246 Epoch: [3][50/200]	Time 0.414s (0.398s)	Speed 77.3 samples/s	Data 0.002s (0.003s)	Loss 0.03067 (0.03748)
2021-10-27 16:24:07,204 Epoch: [3][60/200]	Time 0.406s (0.398s)	Speed 78.8 samples/s	Data 0.001s (0.003s)	Loss 0.03044 (0.03666)
2021-10-27 16:24:11,142 Epoch: [3][70/200]	Time 0.397s (0.397s)	Speed 80.5 samples/s	Data 0.001s (0.003s)	Loss 0.03488 (0.03626)
2021-10-27 16:24:15,061 Epoch: [3][80/200]	Time 0.397s (0.397s)	Speed 80.6 samples/s	Data 0.001s (0.003s)	Loss 0.02503 (0.03595)
2021-10-27 16:24:18,984 Epoch: [3][90/200]	Time 0.380s (0.396s)	Speed 84.1 samples/s	Data 0.002s (0.003s)	Loss 0.02960 (0.03562)
2021-10-27 16:24:22,983 Epoch: [3][100/200]	Time 0.382s (0.397s)	Speed 83.8 samples/s	Data 0.001s (0.002s)	Loss 0.03069 (0.03541)
2021-10-27 16:24:26,899 Epoch: [3][110/200]	Time 0.371s (0.396s)	Speed 86.1 samples/s	Data 0.001s (0.002s)	Loss 0.02763 (0.03515)
2021-10-27 16:24:31,518 Epoch: [3][120/200]	Time 0.440s (0.402s)	Speed 72.7 samples/s	Data 0.002s (0.002s)	Loss 0.03685 (0.03511)
2021-10-27 16:24:35,628 Epoch: [3][130/200]	Time 0.388s (0.402s)	Speed 82.5 samples/s	Data 0.002s (0.002s)	Loss 0.03292 (0.03505)
2021-10-27 16:24:40,057 Epoch: [3][140/200]	Time 0.487s (0.405s)	Speed 65.7 samples/s	Data 0.002s (0.002s)	Loss 0.03284 (0.03487)
2021-10-27 16:24:44,090 Epoch: [3][150/200]	Time 0.388s (0.405s)	Speed 82.5 samples/s	Data 0.002s (0.002s)	Loss 0.02775 (0.03484)
2021-10-27 16:24:49,832 Epoch: [3][160/200]	Time 0.920s (0.416s)	Speed 34.8 samples/s	Data 0.008s (0.002s)	Loss 0.03057 (0.03489)
2021-10-27 16:24:57,049 Epoch: [3][170/200]	Time 0.700s (0.433s)	Speed 45.7 samples/s	Data 0.002s (0.002s)	Loss 0.04007 (0.03481)
2021-10-27 16:25:01,470 Epoch: [3][180/200]	Time 0.425s (0.434s)	Speed 75.3 samples/s	Data 0.002s (0.002s)	Loss 0.03256 (0.03459)
2021-10-27 16:25:05,423 Epoch: [3][190/200]	Time 0.382s (0.432s)	Speed 83.9 samples/s	Data 0.002s (0.002s)	Loss 0.02332 (0.03439)
2021-10-27 16:25:11,557 Test: [0/200]	Time 0.183 (0.183)	Loss 0.1282 (0.1282)
2021-10-27 16:25:12,156 Test: [10/200]	Time 0.058 (0.071)	Loss 0.0200 (0.0895)
2021-10-27 16:25:12,766 Test: [20/200]	Time 0.059 (0.066)	Loss 0.0561 (0.0970)
2021-10-27 16:25:13,722 Test: [30/200]	Time 0.079 (0.076)	Loss 0.1350 (0.1031)
2021-10-27 16:25:14,663 Test: [40/200]	Time 0.125 (0.080)	Loss 0.1043 (0.1084)
2021-10-27 16:25:15,339 Test: [50/200]	Time 0.104 (0.078)	Loss 0.1551 (0.1079)
2021-10-27 16:25:15,936 Test: [60/200]	Time 0.045 (0.075)	Loss 0.1135 (0.1087)
2021-10-27 16:25:16,575 Test: [70/200]	Time 0.074 (0.073)	Loss 0.1064 (0.1092)
2021-10-27 16:25:17,214 Test: [80/200]	Time 0.048 (0.072)	Loss 0.1142 (0.1070)
2021-10-27 16:25:17,777 Test: [90/200]	Time 0.040 (0.070)	Loss 0.1322 (0.1087)
2021-10-27 16:25:18,118 Test: [100/200]	Time 0.032 (0.067)	Loss 0.1420 (0.1081)
2021-10-27 16:25:18,435 Test: [110/200]	Time 0.029 (0.064)	Loss 0.1897 (0.1095)
2021-10-27 16:25:18,761 Test: [120/200]	Time 0.030 (0.061)	Loss 0.1011 (0.1082)
2021-10-27 16:25:19,084 Test: [130/200]	Time 0.029 (0.059)	Loss 0.1172 (0.1095)
2021-10-27 16:25:19,531 Test: [140/200]	Time 0.057 (0.058)	Loss 0.1028 (0.1090)
2021-10-27 16:25:20,034 Test: [150/200]	Time 0.042 (0.057)	Loss 0.1058 (0.1078)
2021-10-27 16:25:20,374 Test: [160/200]	Time 0.030 (0.056)	Loss 0.1121 (0.1079)
2021-10-27 16:25:20,809 Test: [170/200]	Time 0.041 (0.055)	Loss 0.0836 (0.1069)
2021-10-27 16:25:21,228 Test: [180/200]	Time 0.030 (0.054)	Loss 0.0770 (0.1061)
2021-10-27 16:25:21,583 Test: [190/200]	Time 0.029 (0.053)	Loss 0.0716 (0.1063)
2021-10-27 16:25:22,823 Mean IoU score: 0.753
2021-10-27 16:25:22,826 => saving checkpoint to out
2021-10-27 16:25:23,441 Epoch: [4][0/200]	Time 0.581s (0.581s)	Speed 55.1 samples/s	Data 0.066s (0.066s)	Loss 0.03589 (0.03589)
2021-10-27 16:25:27,911 Epoch: [4][10/200]	Time 0.459s (0.459s)	Speed 69.7 samples/s	Data 0.003s (0.008s)	Loss 0.02675 (0.02908)
2021-10-27 16:25:33,783 Epoch: [4][20/200]	Time 0.715s (0.520s)	Speed 44.8 samples/s	Data 0.003s (0.005s)	Loss 0.02356 (0.02757)
2021-10-27 16:25:37,916 Epoch: [4][30/200]	Time 0.388s (0.486s)	Speed 82.5 samples/s	Data 0.002s (0.004s)	Loss 0.02527 (0.02733)
2021-10-27 16:25:41,954 Epoch: [4][40/200]	Time 0.397s (0.466s)	Speed 80.7 samples/s	Data 0.002s (0.004s)	Loss 0.02407 (0.02746)
2021-10-27 16:25:46,027 Epoch: [4][50/200]	Time 0.492s (0.454s)	Speed 65.1 samples/s	Data 0.002s (0.003s)	Loss 0.02464 (0.02713)
2021-10-27 16:25:50,903 Epoch: [4][60/200]	Time 0.384s (0.460s)	Speed 83.3 samples/s	Data 0.002s (0.003s)	Loss 0.02033 (0.02669)
2021-10-27 16:25:54,899 Epoch: [4][70/200]	Time 0.391s (0.451s)	Speed 81.9 samples/s	Data 0.002s (0.003s)	Loss 0.02571 (0.02667)
2021-10-27 16:25:59,202 Epoch: [4][80/200]	Time 0.464s (0.449s)	Speed 68.9 samples/s	Data 0.002s (0.003s)	Loss 0.02360 (0.02640)
2021-10-27 16:26:03,955 Epoch: [4][90/200]	Time 0.449s (0.452s)	Speed 71.2 samples/s	Data 0.002s (0.003s)	Loss 0.02581 (0.02612)
2021-10-27 16:26:08,676 Epoch: [4][100/200]	Time 0.473s (0.454s)	Speed 67.6 samples/s	Data 0.002s (0.003s)	Loss 0.02541 (0.02607)
2021-10-27 16:26:12,914 Epoch: [4][110/200]	Time 0.395s (0.451s)	Speed 81.0 samples/s	Data 0.002s (0.003s)	Loss 0.02752 (0.02616)
2021-10-27 16:26:17,168 Epoch: [4][120/200]	Time 0.400s (0.449s)	Speed 80.0 samples/s	Data 0.002s (0.003s)	Loss 0.02763 (0.02599)
2021-10-27 16:26:21,354 Epoch: [4][130/200]	Time 0.427s (0.447s)	Speed 74.9 samples/s	Data 0.002s (0.003s)	Loss 0.02534 (0.02600)
2021-10-27 16:26:25,478 Epoch: [4][140/200]	Time 0.386s (0.444s)	Speed 83.0 samples/s	Data 0.002s (0.003s)	Loss 0.02468 (0.02607)
2021-10-27 16:26:29,348 Epoch: [4][150/200]	Time 0.381s (0.440s)	Speed 83.9 samples/s	Data 0.001s (0.002s)	Loss 0.02193 (0.02600)
2021-10-27 16:26:33,594 Epoch: [4][160/200]	Time 0.379s (0.439s)	Speed 84.3 samples/s	Data 0.001s (0.002s)	Loss 0.02224 (0.02574)
2021-10-27 16:26:37,448 Epoch: [4][170/200]	Time 0.378s (0.436s)	Speed 84.6 samples/s	Data 0.002s (0.002s)	Loss 0.01939 (0.02563)
2021-10-27 16:26:41,416 Epoch: [4][180/200]	Time 0.389s (0.434s)	Speed 82.3 samples/s	Data 0.002s (0.002s)	Loss 0.03127 (0.02557)
2021-10-27 16:26:45,349 Epoch: [4][190/200]	Time 0.382s (0.432s)	Speed 83.7 samples/s	Data 0.002s (0.002s)	Loss 0.02641 (0.02544)
2021-10-27 16:26:49,458 Test: [0/200]	Time 0.101 (0.101)	Loss 0.0742 (0.0742)
2021-10-27 16:26:49,787 Test: [10/200]	Time 0.027 (0.039)	Loss 0.0174 (0.0648)
2021-10-27 16:26:50,123 Test: [20/200]	Time 0.029 (0.036)	Loss 0.0576 (0.0695)
2021-10-27 16:26:50,431 Test: [30/200]	Time 0.032 (0.035)	Loss 0.1135 (0.0773)
2021-10-27 16:26:50,823 Test: [40/200]	Time 0.029 (0.036)	Loss 0.0549 (0.0792)
2021-10-27 16:26:51,173 Test: [50/200]	Time 0.033 (0.036)	Loss 0.1045 (0.0786)
2021-10-27 16:26:51,528 Test: [60/200]	Time 0.032 (0.036)	Loss 0.1057 (0.0808)
2021-10-27 16:26:51,875 Test: [70/200]	Time 0.032 (0.035)	Loss 0.0643 (0.0801)
2021-10-27 16:26:52,221 Test: [80/200]	Time 0.028 (0.035)	Loss 0.0790 (0.0783)
2021-10-27 16:26:52,605 Test: [90/200]	Time 0.026 (0.036)	Loss 0.0925 (0.0795)
2021-10-27 16:26:52,992 Test: [100/200]	Time 0.027 (0.036)	Loss 0.1193 (0.0788)
2021-10-27 16:26:53,308 Test: [110/200]	Time 0.028 (0.036)	Loss 0.1607 (0.0797)
2021-10-27 16:26:53,621 Test: [120/200]	Time 0.028 (0.035)	Loss 0.1001 (0.0782)
2021-10-27 16:26:53,944 Test: [130/200]	Time 0.028 (0.035)	Loss 0.0712 (0.0785)
2021-10-27 16:26:54,254 Test: [140/200]	Time 0.028 (0.035)	Loss 0.0597 (0.0777)
2021-10-27 16:26:54,582 Test: [150/200]	Time 0.028 (0.035)	Loss 0.0637 (0.0768)
2021-10-27 16:26:54,898 Test: [160/200]	Time 0.028 (0.034)	Loss 0.0754 (0.0765)
2021-10-27 16:26:55,262 Test: [170/200]	Time 0.027 (0.035)	Loss 0.0768 (0.0758)
2021-10-27 16:26:55,574 Test: [180/200]	Time 0.028 (0.034)	Loss 0.0481 (0.0751)
2021-10-27 16:26:55,901 Test: [190/200]	Time 0.028 (0.034)	Loss 0.0372 (0.0752)
2021-10-27 16:26:57,029 Mean IoU score: 0.825
2021-10-27 16:26:57,030 => saving checkpoint to out
2021-10-27 16:26:57,674 Epoch: [5][0/200]	Time 0.567s (0.567s)	Speed 56.5 samples/s	Data 0.066s (0.066s)	Loss 0.01769 (0.01769)
2021-10-27 16:27:01,680 Epoch: [5][10/200]	Time 0.414s (0.416s)	Speed 77.4 samples/s	Data 0.002s (0.008s)	Loss 0.01617 (0.02075)
2021-10-27 16:27:05,641 Epoch: [5][20/200]	Time 0.387s (0.406s)	Speed 82.8 samples/s	Data 0.002s (0.005s)	Loss 0.02325 (0.02114)
2021-10-27 16:27:09,772 Epoch: [5][30/200]	Time 0.539s (0.409s)	Speed 59.4 samples/s	Data 0.002s (0.004s)	Loss 0.02620 (0.02093)
2021-10-27 16:27:13,805 Epoch: [5][40/200]	Time 0.390s (0.407s)	Speed 82.1 samples/s	Data 0.001s (0.004s)	Loss 0.01862 (0.02083)
2021-10-27 16:27:17,755 Epoch: [5][50/200]	Time 0.379s (0.405s)	Speed 84.3 samples/s	Data 0.002s (0.003s)	Loss 0.02128 (0.02063)
2021-10-27 16:27:21,656 Epoch: [5][60/200]	Time 0.424s (0.402s)	Speed 75.5 samples/s	Data 0.002s (0.003s)	Loss 0.01411 (0.02020)
2021-10-27 16:27:25,561 Epoch: [5][70/200]	Time 0.400s (0.401s)	Speed 80.0 samples/s	Data 0.002s (0.003s)	Loss 0.01731 (0.02000)
2021-10-27 16:27:29,473 Epoch: [5][80/200]	Time 0.392s (0.400s)	Speed 81.6 samples/s	Data 0.002s (0.003s)	Loss 0.01876 (0.01985)
2021-10-27 16:27:33,389 Epoch: [5][90/200]	Time 0.394s (0.399s)	Speed 81.2 samples/s	Data 0.002s (0.003s)	Loss 0.01406 (0.01988)
2021-10-27 16:27:37,305 Epoch: [5][100/200]	Time 0.392s (0.398s)	Speed 81.6 samples/s	Data 0.002s (0.002s)	Loss 0.02078 (0.01989)
2021-10-27 16:27:41,566 Epoch: [5][110/200]	Time 0.405s (0.401s)	Speed 79.0 samples/s	Data 0.002s (0.002s)	Loss 0.02151 (0.01995)
2021-10-27 16:27:45,486 Epoch: [5][120/200]	Time 0.376s (0.400s)	Speed 85.2 samples/s	Data 0.002s (0.002s)	Loss 0.02319 (0.01987)
2021-10-27 16:27:49,364 Epoch: [5][130/200]	Time 0.393s (0.399s)	Speed 81.5 samples/s	Data 0.002s (0.002s)	Loss 0.02352 (0.01996)
2021-10-27 16:27:53,823 Epoch: [5][140/200]	Time 0.350s (0.402s)	Speed 91.4 samples/s	Data 0.001s (0.002s)	Loss 0.02139 (0.02002)
2021-10-27 16:27:57,633 Epoch: [5][150/200]	Time 0.393s (0.401s)	Speed 81.5 samples/s	Data 0.002s (0.002s)	Loss 0.02451 (0.02001)
2021-10-27 16:28:01,541 Epoch: [5][160/200]	Time 0.404s (0.400s)	Speed 79.2 samples/s	Data 0.002s (0.002s)	Loss 0.02105 (0.01989)
2021-10-27 16:28:05,450 Epoch: [5][170/200]	Time 0.378s (0.400s)	Speed 84.7 samples/s	Data 0.002s (0.002s)	Loss 0.01810 (0.01983)
2021-10-27 16:28:10,365 Epoch: [5][180/200]	Time 0.640s (0.405s)	Speed 50.0 samples/s	Data 0.002s (0.002s)	Loss 0.01744 (0.01984)
2021-10-27 16:28:16,465 Epoch: [5][190/200]	Time 0.554s (0.415s)	Speed 57.8 samples/s	Data 0.002s (0.002s)	Loss 0.01776 (0.01993)
2021-10-27 16:28:20,802 Test: [0/200]	Time 0.094 (0.094)	Loss 0.0990 (0.0990)
2021-10-27 16:28:21,132 Test: [10/200]	Time 0.029 (0.038)	Loss 0.0218 (0.0839)
2021-10-27 16:28:21,453 Test: [20/200]	Time 0.037 (0.035)	Loss 0.0691 (0.0876)
2021-10-27 16:28:21,804 Test: [30/200]	Time 0.028 (0.035)	Loss 0.2126 (0.0990)
2021-10-27 16:28:22,127 Test: [40/200]	Time 0.028 (0.035)	Loss 0.0667 (0.1028)
2021-10-27 16:28:22,449 Test: [50/200]	Time 0.029 (0.034)	Loss 0.1405 (0.1030)
2021-10-27 16:28:22,761 Test: [60/200]	Time 0.030 (0.034)	Loss 0.1301 (0.1059)
2021-10-27 16:28:23,086 Test: [70/200]	Time 0.046 (0.033)	Loss 0.0835 (0.1049)
2021-10-27 16:28:23,395 Test: [80/200]	Time 0.028 (0.033)	Loss 0.1450 (0.1035)
2021-10-27 16:28:23,710 Test: [90/200]	Time 0.028 (0.033)	Loss 0.1359 (0.1048)
2021-10-27 16:28:24,016 Test: [100/200]	Time 0.028 (0.033)	Loss 0.1627 (0.1040)
2021-10-27 16:28:24,325 Test: [110/200]	Time 0.027 (0.033)	Loss 0.1739 (0.1038)
2021-10-27 16:28:24,639 Test: [120/200]	Time 0.033 (0.032)	Loss 0.1376 (0.1016)
2021-10-27 16:28:24,950 Test: [130/200]	Time 0.028 (0.032)	Loss 0.0822 (0.1020)
2021-10-27 16:28:25,346 Test: [140/200]	Time 0.040 (0.033)	Loss 0.0873 (0.1012)
2021-10-27 16:28:25,658 Test: [150/200]	Time 0.032 (0.033)	Loss 0.0990 (0.1000)
2021-10-27 16:28:25,966 Test: [160/200]	Time 0.027 (0.033)	Loss 0.0977 (0.1001)
2021-10-27 16:28:26,312 Test: [170/200]	Time 0.028 (0.033)	Loss 0.0886 (0.0988)
2021-10-27 16:28:26,622 Test: [180/200]	Time 0.027 (0.033)	Loss 0.0717 (0.0978)
2021-10-27 16:28:26,932 Test: [190/200]	Time 0.027 (0.033)	Loss 0.0591 (0.0974)
2021-10-27 16:28:28,080 Mean IoU score: 0.768
2021-10-27 16:28:28,082 => saving checkpoint to out
2021-10-27 16:28:28,673 Epoch: [6][0/200]	Time 0.548s (0.548s)	Speed 58.4 samples/s	Data 0.077s (0.077s)	Loss 0.01717 (0.01717)
2021-10-27 16:28:32,781 Epoch: [6][10/200]	Time 0.415s (0.423s)	Speed 77.1 samples/s	Data 0.001s (0.008s)	Loss 0.02067 (0.01703)
2021-10-27 16:28:36,723 Epoch: [6][20/200]	Time 0.409s (0.409s)	Speed 78.3 samples/s	Data 0.002s (0.005s)	Loss 0.01730 (0.01799)
2021-10-27 16:28:40,706 Epoch: [6][30/200]	Time 0.391s (0.406s)	Speed 81.8 samples/s	Data 0.002s (0.004s)	Loss 0.01635 (0.01818)
2021-10-27 16:28:44,632 Epoch: [6][40/200]	Time 0.400s (0.403s)	Speed 80.1 samples/s	Data 0.002s (0.004s)	Loss 0.01618 (0.01783)
2021-10-27 16:28:48,585 Epoch: [6][50/200]	Time 0.403s (0.401s)	Speed 79.5 samples/s	Data 0.002s (0.003s)	Loss 0.01564 (0.01768)
2021-10-27 16:28:52,443 Epoch: [6][60/200]	Time 0.396s (0.399s)	Speed 80.8 samples/s	Data 0.002s (0.003s)	Loss 0.01377 (0.01737)
2021-10-27 16:28:56,313 Epoch: [6][70/200]	Time 0.380s (0.397s)	Speed 84.2 samples/s	Data 0.002s (0.003s)	Loss 0.01474 (0.01705)
2021-10-27 16:29:00,185 Epoch: [6][80/200]	Time 0.400s (0.396s)	Speed 79.9 samples/s	Data 0.002s (0.003s)	Loss 0.01490 (0.01694)
2021-10-27 16:29:04,338 Epoch: [6][90/200]	Time 0.386s (0.398s)	Speed 82.9 samples/s	Data 0.002s (0.003s)	Loss 0.01657 (0.01685)
2021-10-27 16:29:08,257 Epoch: [6][100/200]	Time 0.400s (0.397s)	Speed 80.0 samples/s	Data 0.002s (0.003s)	Loss 0.01595 (0.01679)
2021-10-27 16:29:12,561 Epoch: [6][110/200]	Time 0.616s (0.400s)	Speed 51.9 samples/s	Data 0.002s (0.002s)	Loss 0.01338 (0.01669)
2021-10-27 16:29:16,676 Epoch: [6][120/200]	Time 0.471s (0.401s)	Speed 67.9 samples/s	Data 0.002s (0.002s)	Loss 0.01702 (0.01662)
2021-10-27 16:29:20,808 Epoch: [6][130/200]	Time 0.338s (0.402s)	Speed 94.6 samples/s	Data 0.001s (0.002s)	Loss 0.01156 (0.01647)
2021-10-27 16:29:24,694 Epoch: [6][140/200]	Time 0.411s (0.401s)	Speed 77.9 samples/s	Data 0.002s (0.002s)	Loss 0.01359 (0.01638)
2021-10-27 16:29:28,775 Epoch: [6][150/200]	Time 0.416s (0.402s)	Speed 76.9 samples/s	Data 0.002s (0.002s)	Loss 0.01580 (0.01631)
2021-10-27 16:29:32,679 Epoch: [6][160/200]	Time 0.395s (0.401s)	Speed 81.0 samples/s	Data 0.002s (0.002s)	Loss 0.01947 (0.01631)
2021-10-27 16:29:36,658 Epoch: [6][170/200]	Time 0.411s (0.401s)	Speed 77.8 samples/s	Data 0.002s (0.002s)	Loss 0.01536 (0.01620)
2021-10-27 16:29:40,685 Epoch: [6][180/200]	Time 0.386s (0.401s)	Speed 83.0 samples/s	Data 0.001s (0.002s)	Loss 0.01121 (0.01617)
2021-10-27 16:29:44,623 Epoch: [6][190/200]	Time 0.392s (0.401s)	Speed 81.6 samples/s	Data 0.002s (0.002s)	Loss 0.01470 (0.01610)
2021-10-27 16:29:48,245 Test: [0/200]	Time 0.079 (0.079)	Loss 0.0714 (0.0714)
2021-10-27 16:29:48,573 Test: [10/200]	Time 0.027 (0.037)	Loss 0.0169 (0.0535)
2021-10-27 16:29:48,895 Test: [20/200]	Time 0.028 (0.035)	Loss 0.0318 (0.0586)
2021-10-27 16:29:49,208 Test: [30/200]	Time 0.028 (0.034)	Loss 0.0980 (0.0629)
2021-10-27 16:29:49,553 Test: [40/200]	Time 0.043 (0.034)	Loss 0.0446 (0.0656)
2021-10-27 16:29:49,870 Test: [50/200]	Time 0.029 (0.033)	Loss 0.0980 (0.0653)
2021-10-27 16:29:50,182 Test: [60/200]	Time 0.027 (0.033)	Loss 0.0776 (0.0663)
2021-10-27 16:29:50,496 Test: [70/200]	Time 0.029 (0.033)	Loss 0.0496 (0.0655)
2021-10-27 16:29:50,938 Test: [80/200]	Time 0.040 (0.034)	Loss 0.0654 (0.0642)
2021-10-27 16:29:51,239 Test: [90/200]	Time 0.027 (0.034)	Loss 0.0788 (0.0659)
2021-10-27 16:29:51,569 Test: [100/200]	Time 0.028 (0.034)	Loss 0.0737 (0.0653)
2021-10-27 16:29:51,874 Test: [110/200]	Time 0.027 (0.033)	Loss 0.1639 (0.0665)
2021-10-27 16:29:52,178 Test: [120/200]	Time 0.027 (0.033)	Loss 0.0637 (0.0652)
2021-10-27 16:29:52,499 Test: [130/200]	Time 0.028 (0.033)	Loss 0.0563 (0.0659)
2021-10-27 16:29:52,810 Test: [140/200]	Time 0.028 (0.033)	Loss 0.0528 (0.0650)
2021-10-27 16:29:53,127 Test: [150/200]	Time 0.028 (0.033)	Loss 0.0599 (0.0643)
2021-10-27 16:29:53,440 Test: [160/200]	Time 0.028 (0.033)	Loss 0.0728 (0.0643)
2021-10-27 16:29:53,748 Test: [170/200]	Time 0.027 (0.033)	Loss 0.0778 (0.0638)
2021-10-27 16:29:54,056 Test: [180/200]	Time 0.028 (0.033)	Loss 0.0451 (0.0633)
2021-10-27 16:29:54,371 Test: [190/200]	Time 0.031 (0.032)	Loss 0.0328 (0.0632)
2021-10-27 16:29:55,504 Mean IoU score: 0.848
2021-10-27 16:29:55,506 => saving checkpoint to out
2021-10-27 16:29:56,186 Epoch: [7][0/200]	Time 0.586s (0.586s)	Speed 54.6 samples/s	Data 0.070s (0.070s)	Loss 0.01361 (0.01361)
2021-10-27 16:30:00,063 Epoch: [7][10/200]	Time 0.391s (0.406s)	Speed 81.8 samples/s	Data 0.002s (0.008s)	Loss 0.01261 (0.01428)
2021-10-27 16:30:04,049 Epoch: [7][20/200]	Time 0.432s (0.402s)	Speed 74.0 samples/s	Data 0.002s (0.005s)	Loss 0.01660 (0.01448)
2021-10-27 16:30:07,989 Epoch: [7][30/200]	Time 0.382s (0.400s)	Speed 83.7 samples/s	Data 0.002s (0.004s)	Loss 0.01529 (0.01417)
2021-10-27 16:30:11,887 Epoch: [7][40/200]	Time 0.375s (0.397s)	Speed 85.3 samples/s	Data 0.002s (0.003s)	Loss 0.01083 (0.01411)
2021-10-27 16:30:15,820 Epoch: [7][50/200]	Time 0.394s (0.396s)	Speed 81.1 samples/s	Data 0.002s (0.003s)	Loss 0.01353 (0.01395)
2021-10-27 16:30:19,759 Epoch: [7][60/200]	Time 0.379s (0.396s)	Speed 84.4 samples/s	Data 0.002s (0.003s)	Loss 0.01270 (0.01388)
2021-10-27 16:30:23,664 Epoch: [7][70/200]	Time 0.383s (0.395s)	Speed 83.6 samples/s	Data 0.002s (0.003s)	Loss 0.01207 (0.01371)
2021-10-27 16:30:27,526 Epoch: [7][80/200]	Time 0.385s (0.394s)	Speed 83.1 samples/s	Data 0.002s (0.003s)	Loss 0.01129 (0.01370)
2021-10-27 16:30:31,397 Epoch: [7][90/200]	Time 0.390s (0.393s)	Speed 82.0 samples/s	Data 0.002s (0.002s)	Loss 0.01520 (0.01353)
2021-10-27 16:30:35,263 Epoch: [7][100/200]	Time 0.388s (0.393s)	Speed 82.5 samples/s	Data 0.001s (0.002s)	Loss 0.01525 (0.01358)
2021-10-27 16:30:39,140 Epoch: [7][110/200]	Time 0.392s (0.392s)	Speed 81.6 samples/s	Data 0.001s (0.002s)	Loss 0.01011 (0.01352)
2021-10-27 16:30:43,214 Epoch: [7][120/200]	Time 0.398s (0.394s)	Speed 80.3 samples/s	Data 0.002s (0.002s)	Loss 0.01269 (0.01361)
2021-10-27 16:30:47,100 Epoch: [7][130/200]	Time 0.409s (0.393s)	Speed 78.3 samples/s	Data 0.002s (0.002s)	Loss 0.01223 (0.01360)
2021-10-27 16:30:51,029 Epoch: [7][140/200]	Time 0.406s (0.393s)	Speed 78.8 samples/s	Data 0.002s (0.002s)	Loss 0.01654 (0.01354)
2021-10-27 16:30:54,898 Epoch: [7][150/200]	Time 0.374s (0.393s)	Speed 85.6 samples/s	Data 0.002s (0.002s)	Loss 0.01132 (0.01348)
2021-10-27 16:30:58,835 Epoch: [7][160/200]	Time 0.441s (0.393s)	Speed 72.5 samples/s	Data 0.002s (0.002s)	Loss 0.01539 (0.01344)
2021-10-27 16:31:02,716 Epoch: [7][170/200]	Time 0.383s (0.392s)	Speed 83.6 samples/s	Data 0.001s (0.002s)	Loss 0.01474 (0.01346)
2021-10-27 16:31:06,854 Epoch: [7][180/200]	Time 0.610s (0.394s)	Speed 52.5 samples/s	Data 0.002s (0.002s)	Loss 0.01193 (0.01344)
2021-10-27 16:31:11,521 Epoch: [7][190/200]	Time 0.524s (0.397s)	Speed 61.0 samples/s	Data 0.002s (0.002s)	Loss 0.01275 (0.01347)
2021-10-27 16:31:19,180 Test: [0/200]	Time 0.181 (0.181)	Loss 0.0655 (0.0655)
2021-10-27 16:31:19,834 Test: [10/200]	Time 0.057 (0.076)	Loss 0.0200 (0.0608)
2021-10-27 16:31:20,476 Test: [20/200]	Time 0.049 (0.070)	Loss 0.0430 (0.0634)
2021-10-27 16:31:21,109 Test: [30/200]	Time 0.048 (0.068)	Loss 0.1195 (0.0705)
2021-10-27 16:31:21,655 Test: [40/200]	Time 0.097 (0.065)	Loss 0.0383 (0.0718)
2021-10-27 16:31:22,215 Test: [50/200]	Time 0.043 (0.063)	Loss 0.0965 (0.0715)
2021-10-27 16:31:22,714 Test: [60/200]	Time 0.046 (0.061)	Loss 0.0907 (0.0742)
2021-10-27 16:31:23,063 Test: [70/200]	Time 0.028 (0.057)	Loss 0.0568 (0.0735)
2021-10-27 16:31:23,396 Test: [80/200]	Time 0.038 (0.054)	Loss 0.0790 (0.0720)
2021-10-27 16:31:23,799 Test: [90/200]	Time 0.038 (0.053)	Loss 0.1006 (0.0731)
2021-10-27 16:31:24,533 Test: [100/200]	Time 0.043 (0.055)	Loss 0.1331 (0.0727)
2021-10-27 16:31:24,921 Test: [110/200]	Time 0.046 (0.053)	Loss 0.1743 (0.0739)
2021-10-27 16:31:25,235 Test: [120/200]	Time 0.032 (0.052)	Loss 0.0777 (0.0721)
2021-10-27 16:31:25,623 Test: [130/200]	Time 0.052 (0.051)	Loss 0.0488 (0.0722)
2021-10-27 16:31:26,149 Test: [140/200]	Time 0.046 (0.051)	Loss 0.0673 (0.0715)
2021-10-27 16:31:26,513 Test: [150/200]	Time 0.030 (0.050)	Loss 0.0722 (0.0704)
2021-10-27 16:31:26,868 Test: [160/200]	Time 0.046 (0.049)	Loss 0.0809 (0.0703)
2021-10-27 16:31:27,218 Test: [170/200]	Time 0.029 (0.048)	Loss 0.0762 (0.0696)
2021-10-27 16:31:27,547 Test: [180/200]	Time 0.029 (0.047)	Loss 0.0575 (0.0694)
2021-10-27 16:31:27,909 Test: [190/200]	Time 0.035 (0.047)	Loss 0.0296 (0.0692)
2021-10-27 16:31:29,262 Mean IoU score: 0.834
2021-10-27 16:31:29,264 => saving checkpoint to out
2021-10-27 16:31:29,995 Epoch: [8][0/200]	Time 0.657s (0.657s)	Speed 48.7 samples/s	Data 0.080s (0.080s)	Loss 0.01239 (0.01239)
2021-10-27 16:31:34,984 Epoch: [8][10/200]	Time 0.462s (0.513s)	Speed 69.2 samples/s	Data 0.002s (0.009s)	Loss 0.01055 (0.01190)
2021-10-27 16:31:39,383 Epoch: [8][20/200]	Time 0.398s (0.478s)	Speed 80.4 samples/s	Data 0.002s (0.006s)	Loss 0.01175 (0.01230)
2021-10-27 16:31:43,856 Epoch: [8][30/200]	Time 0.542s (0.468s)	Speed 59.1 samples/s	Data 0.004s (0.005s)	Loss 0.01188 (0.01225)
2021-10-27 16:31:48,798 Epoch: [8][40/200]	Time 0.463s (0.475s)	Speed 69.1 samples/s	Data 0.002s (0.004s)	Loss 0.00982 (0.01211)
2021-10-27 16:31:53,550 Epoch: [8][50/200]	Time 0.448s (0.475s)	Speed 71.4 samples/s	Data 0.002s (0.004s)	Loss 0.01251 (0.01221)
2021-10-27 16:31:58,592 Epoch: [8][60/200]	Time 0.449s (0.480s)	Speed 71.3 samples/s	Data 0.002s (0.003s)	Loss 0.01245 (0.01210)
2021-10-27 16:32:03,666 Epoch: [8][70/200]	Time 0.783s (0.483s)	Speed 40.8 samples/s	Data 0.003s (0.003s)	Loss 0.01187 (0.01195)
2021-10-27 16:32:08,647 Epoch: [8][80/200]	Time 0.385s (0.485s)	Speed 83.1 samples/s	Data 0.002s (0.003s)	Loss 0.00851 (0.01185)
2021-10-27 16:32:12,637 Epoch: [8][90/200]	Time 0.382s (0.476s)	Speed 83.7 samples/s	Data 0.002s (0.003s)	Loss 0.00951 (0.01168)
2021-10-27 16:32:16,555 Epoch: [8][100/200]	Time 0.404s (0.467s)	Speed 79.3 samples/s	Data 0.002s (0.003s)	Loss 0.01148 (0.01170)
2021-10-27 16:32:20,641 Epoch: [8][110/200]	Time 0.353s (0.462s)	Speed 90.6 samples/s	Data 0.001s (0.003s)	Loss 0.01336 (0.01169)
2021-10-27 16:32:24,515 Epoch: [8][120/200]	Time 0.387s (0.456s)	Speed 82.6 samples/s	Data 0.002s (0.003s)	Loss 0.01185 (0.01175)
2021-10-27 16:32:28,465 Epoch: [8][130/200]	Time 0.391s (0.451s)	Speed 81.8 samples/s	Data 0.002s (0.003s)	Loss 0.00808 (0.01172)
2021-10-27 16:32:32,338 Epoch: [8][140/200]	Time 0.375s (0.447s)	Speed 85.3 samples/s	Data 0.002s (0.003s)	Loss 0.01401 (0.01174)
2021-10-27 16:32:36,244 Epoch: [8][150/200]	Time 0.402s (0.443s)	Speed 79.6 samples/s	Data 0.002s (0.003s)	Loss 0.01040 (0.01167)
2021-10-27 16:32:40,126 Epoch: [8][160/200]	Time 0.404s (0.440s)	Speed 79.2 samples/s	Data 0.002s (0.003s)	Loss 0.01225 (0.01168)
2021-10-27 16:32:44,102 Epoch: [8][170/200]	Time 0.372s (0.437s)	Speed 86.0 samples/s	Data 0.002s (0.002s)	Loss 0.01128 (0.01170)
2021-10-27 16:32:48,004 Epoch: [8][180/200]	Time 0.374s (0.435s)	Speed 85.5 samples/s	Data 0.002s (0.002s)	Loss 0.01392 (0.01170)
2021-10-27 16:32:51,861 Epoch: [8][190/200]	Time 0.383s (0.432s)	Speed 83.5 samples/s	Data 0.002s (0.002s)	Loss 0.01182 (0.01165)
2021-10-27 16:32:55,489 Test: [0/200]	Time 0.086 (0.086)	Loss 0.0563 (0.0563)
2021-10-27 16:32:55,823 Test: [10/200]	Time 0.026 (0.038)	Loss 0.0193 (0.0503)
2021-10-27 16:32:56,154 Test: [20/200]	Time 0.043 (0.036)	Loss 0.0278 (0.0532)
2021-10-27 16:32:56,473 Test: [30/200]	Time 0.035 (0.035)	Loss 0.0713 (0.0568)
2021-10-27 16:32:56,924 Test: [40/200]	Time 0.040 (0.037)	Loss 0.0410 (0.0598)
2021-10-27 16:32:57,224 Test: [50/200]	Time 0.027 (0.036)	Loss 0.0936 (0.0601)
2021-10-27 16:32:57,560 Test: [60/200]	Time 0.032 (0.035)	Loss 0.0771 (0.0612)
2021-10-27 16:32:57,870 Test: [70/200]	Time 0.029 (0.035)	Loss 0.0456 (0.0611)
2021-10-27 16:32:58,178 Test: [80/200]	Time 0.028 (0.034)	Loss 0.0532 (0.0597)
2021-10-27 16:32:58,509 Test: [90/200]	Time 0.046 (0.034)	Loss 0.0735 (0.0611)
2021-10-27 16:32:58,824 Test: [100/200]	Time 0.029 (0.034)	Loss 0.0842 (0.0603)
2021-10-27 16:32:59,133 Test: [110/200]	Time 0.028 (0.034)	Loss 0.1576 (0.0613)
2021-10-27 16:32:59,443 Test: [120/200]	Time 0.028 (0.033)	Loss 0.0585 (0.0599)
2021-10-27 16:32:59,745 Test: [130/200]	Time 0.028 (0.033)	Loss 0.0525 (0.0602)
2021-10-27 16:33:00,078 Test: [140/200]	Time 0.028 (0.033)	Loss 0.0529 (0.0594)
2021-10-27 16:33:00,391 Test: [150/200]	Time 0.030 (0.033)	Loss 0.0657 (0.0587)
2021-10-27 16:33:00,705 Test: [160/200]	Time 0.029 (0.033)	Loss 0.0673 (0.0586)
2021-10-27 16:33:01,014 Test: [170/200]	Time 0.028 (0.033)	Loss 0.0624 (0.0582)
2021-10-27 16:33:01,433 Test: [180/200]	Time 0.035 (0.033)	Loss 0.0344 (0.0578)
2021-10-27 16:33:01,743 Test: [190/200]	Time 0.028 (0.033)	Loss 0.0277 (0.0576)
2021-10-27 16:33:02,849 Mean IoU score: 0.860
2021-10-27 16:33:02,850 => saving checkpoint to out
2021-10-27 16:33:03,442 Epoch: [9][0/200]	Time 0.549s (0.549s)	Speed 58.3 samples/s	Data 0.077s (0.077s)	Loss 0.01129 (0.01129)
2021-10-27 16:33:07,350 Epoch: [9][10/200]	Time 0.396s (0.405s)	Speed 80.8 samples/s	Data 0.002s (0.008s)	Loss 0.01013 (0.01074)
2021-10-27 16:33:11,553 Epoch: [9][20/200]	Time 0.405s (0.412s)	Speed 79.1 samples/s	Data 0.002s (0.005s)	Loss 0.01515 (0.01103)
2021-10-27 16:33:15,439 Epoch: [9][30/200]	Time 0.389s (0.405s)	Speed 82.4 samples/s	Data 0.002s (0.004s)	Loss 0.00999 (0.01105)
2021-10-27 16:33:19,745 Epoch: [9][40/200]	Time 0.398s (0.411s)	Speed 80.3 samples/s	Data 0.002s (0.004s)	Loss 0.01112 (0.01114)
2021-10-27 16:33:23,668 Epoch: [9][50/200]	Time 0.394s (0.407s)	Speed 81.2 samples/s	Data 0.002s (0.003s)	Loss 0.00766 (0.01103)
2021-10-27 16:33:27,658 Epoch: [9][60/200]	Time 0.434s (0.406s)	Speed 73.8 samples/s	Data 0.002s (0.003s)	Loss 0.01123 (0.01088)
2021-10-27 16:33:31,584 Epoch: [9][70/200]	Time 0.390s (0.404s)	Speed 82.1 samples/s	Data 0.002s (0.003s)	Loss 0.01039 (0.01090)
2021-10-27 16:33:35,525 Epoch: [9][80/200]	Time 0.400s (0.403s)	Speed 80.0 samples/s	Data 0.001s (0.003s)	Loss 0.00809 (0.01092)
2021-10-27 16:33:39,519 Epoch: [9][90/200]	Time 0.472s (0.402s)	Speed 67.8 samples/s	Data 0.002s (0.003s)	Loss 0.01106 (0.01084)
2021-10-27 16:33:43,555 Epoch: [9][100/200]	Time 0.376s (0.403s)	Speed 85.1 samples/s	Data 0.002s (0.003s)	Loss 0.01552 (0.01087)
2021-10-27 16:33:47,503 Epoch: [9][110/200]	Time 0.382s (0.402s)	Speed 83.7 samples/s	Data 0.001s (0.002s)	Loss 0.01150 (0.01085)
2021-10-27 16:33:51,415 Epoch: [9][120/200]	Time 0.391s (0.401s)	Speed 81.8 samples/s	Data 0.002s (0.002s)	Loss 0.01007 (0.01078)
2021-10-27 16:33:55,287 Epoch: [9][130/200]	Time 0.404s (0.400s)	Speed 79.2 samples/s	Data 0.002s (0.002s)	Loss 0.00765 (0.01081)
2021-10-27 16:33:59,119 Epoch: [9][140/200]	Time 0.393s (0.399s)	Speed 81.5 samples/s	Data 0.002s (0.002s)	Loss 0.01113 (0.01079)
2021-10-27 16:34:02,981 Epoch: [9][150/200]	Time 0.381s (0.398s)	Speed 84.0 samples/s	Data 0.002s (0.002s)	Loss 0.00828 (0.01075)
2021-10-27 16:34:06,877 Epoch: [9][160/200]	Time 0.391s (0.397s)	Speed 81.8 samples/s	Data 0.002s (0.002s)	Loss 0.01047 (0.01071)
2021-10-27 16:34:10,831 Epoch: [9][170/200]	Time 0.374s (0.397s)	Speed 85.7 samples/s	Data 0.002s (0.002s)	Loss 0.00941 (0.01063)
2021-10-27 16:34:14,703 Epoch: [9][180/200]	Time 0.373s (0.397s)	Speed 85.7 samples/s	Data 0.002s (0.002s)	Loss 0.00917 (0.01059)
2021-10-27 16:34:18,577 Epoch: [9][190/200]	Time 0.391s (0.396s)	Speed 81.9 samples/s	Data 0.001s (0.002s)	Loss 0.00714 (0.01052)
2021-10-27 16:34:22,192 Test: [0/200]	Time 0.100 (0.100)	Loss 0.0559 (0.0559)
2021-10-27 16:34:22,546 Test: [10/200]	Time 0.027 (0.041)	Loss 0.0178 (0.0499)
2021-10-27 16:34:22,844 Test: [20/200]	Time 0.027 (0.036)	Loss 0.0264 (0.0527)
2021-10-27 16:34:23,152 Test: [30/200]	Time 0.028 (0.034)	Loss 0.0707 (0.0562)
2021-10-27 16:34:23,465 Test: [40/200]	Time 0.029 (0.033)	Loss 0.0385 (0.0587)
2021-10-27 16:34:23,776 Test: [50/200]	Time 0.029 (0.033)	Loss 0.0850 (0.0583)
2021-10-27 16:34:24,083 Test: [60/200]	Time 0.028 (0.033)	Loss 0.0652 (0.0596)
2021-10-27 16:34:24,388 Test: [70/200]	Time 0.029 (0.032)	Loss 0.0437 (0.0589)
2021-10-27 16:34:24,702 Test: [80/200]	Time 0.027 (0.032)	Loss 0.0638 (0.0577)
2021-10-27 16:34:25,003 Test: [90/200]	Time 0.027 (0.032)	Loss 0.0717 (0.0590)
2021-10-27 16:34:25,321 Test: [100/200]	Time 0.028 (0.032)	Loss 0.0832 (0.0583)
2021-10-27 16:34:25,628 Test: [110/200]	Time 0.027 (0.032)	Loss 0.1612 (0.0592)
2021-10-27 16:34:25,931 Test: [120/200]	Time 0.028 (0.032)	Loss 0.0553 (0.0577)
2021-10-27 16:34:26,299 Test: [130/200]	Time 0.027 (0.032)	Loss 0.0504 (0.0581)
2021-10-27 16:34:26,602 Test: [140/200]	Time 0.027 (0.032)	Loss 0.0595 (0.0573)
2021-10-27 16:34:26,898 Test: [150/200]	Time 0.028 (0.032)	Loss 0.0526 (0.0565)
2021-10-27 16:34:27,200 Test: [160/200]	Time 0.027 (0.032)	Loss 0.0626 (0.0565)
2021-10-27 16:34:27,510 Test: [170/200]	Time 0.029 (0.032)	Loss 0.0669 (0.0561)
2021-10-27 16:34:27,820 Test: [180/200]	Time 0.028 (0.032)	Loss 0.0377 (0.0557)
2021-10-27 16:34:28,119 Test: [190/200]	Time 0.029 (0.032)	Loss 0.0243 (0.0556)
2021-10-27 16:34:29,257 Mean IoU score: 0.865
2021-10-27 16:34:29,258 => saving checkpoint to out
2021-10-27 16:34:29,980 Epoch: [10][0/200]	Time 0.658s (0.658s)	Speed 48.7 samples/s	Data 0.087s (0.087s)	Loss 0.00727 (0.00727)
2021-10-27 16:34:34,135 Epoch: [10][10/200]	Time 0.444s (0.437s)	Speed 72.0 samples/s	Data 0.002s (0.009s)	Loss 0.00744 (0.00875)
2021-10-27 16:34:38,117 Epoch: [10][20/200]	Time 0.391s (0.419s)	Speed 81.9 samples/s	Data 0.002s (0.006s)	Loss 0.00887 (0.00840)
2021-10-27 16:34:42,185 Epoch: [10][30/200]	Time 0.387s (0.415s)	Speed 82.8 samples/s	Data 0.002s (0.005s)	Loss 0.00974 (0.00870)
2021-10-27 16:34:46,113 Epoch: [10][40/200]	Time 0.378s (0.410s)	Speed 84.6 samples/s	Data 0.002s (0.004s)	Loss 0.00733 (0.00892)
2021-10-27 16:34:50,014 Epoch: [10][50/200]	Time 0.389s (0.406s)	Speed 82.3 samples/s	Data 0.002s (0.003s)	Loss 0.01212 (0.00899)
2021-10-27 16:34:53,962 Epoch: [10][60/200]	Time 0.393s (0.404s)	Speed 81.3 samples/s	Data 0.002s (0.003s)	Loss 0.01200 (0.00900)
2021-10-27 16:34:57,850 Epoch: [10][70/200]	Time 0.376s (0.402s)	Speed 85.2 samples/s	Data 0.002s (0.003s)	Loss 0.00780 (0.00898)
2021-10-27 16:35:01,953 Epoch: [10][80/200]	Time 0.336s (0.403s)	Speed 95.1 samples/s	Data 0.001s (0.003s)	Loss 0.01007 (0.00897)
2021-10-27 16:35:05,782 Epoch: [10][90/200]	Time 0.395s (0.401s)	Speed 81.0 samples/s	Data 0.002s (0.003s)	Loss 0.00719 (0.00895)
2021-10-27 16:35:09,710 Epoch: [10][100/200]	Time 0.409s (0.400s)	Speed 78.2 samples/s	Data 0.001s (0.003s)	Loss 0.00916 (0.00910)
2021-10-27 16:35:13,682 Epoch: [10][110/200]	Time 0.393s (0.400s)	Speed 81.4 samples/s	Data 0.002s (0.003s)	Loss 0.00804 (0.00917)
2021-10-27 16:35:17,579 Epoch: [10][120/200]	Time 0.376s (0.399s)	Speed 85.1 samples/s	Data 0.001s (0.002s)	Loss 0.01132 (0.00934)
2021-10-27 16:35:21,899 Epoch: [10][130/200]	Time 0.393s (0.401s)	Speed 81.3 samples/s	Data 0.002s (0.002s)	Loss 0.01060 (0.00943)
2021-10-27 16:35:25,751 Epoch: [10][140/200]	Time 0.378s (0.400s)	Speed 84.6 samples/s	Data 0.002s (0.002s)	Loss 0.01012 (0.00951)
2021-10-27 16:35:29,657 Epoch: [10][150/200]	Time 0.385s (0.400s)	Speed 83.1 samples/s	Data 0.002s (0.002s)	Loss 0.00992 (0.00956)
2021-10-27 16:35:33,545 Epoch: [10][160/200]	Time 0.378s (0.399s)	Speed 84.7 samples/s	Data 0.002s (0.002s)	Loss 0.00903 (0.00959)
2021-10-27 16:35:37,473 Epoch: [10][170/200]	Time 0.399s (0.399s)	Speed 80.2 samples/s	Data 0.002s (0.002s)	Loss 0.01160 (0.00965)
2021-10-27 16:35:41,486 Epoch: [10][180/200]	Time 0.401s (0.399s)	Speed 79.9 samples/s	Data 0.002s (0.002s)	Loss 0.00934 (0.00963)
2021-10-27 16:35:45,385 Epoch: [10][190/200]	Time 0.399s (0.398s)	Speed 80.2 samples/s	Data 0.002s (0.002s)	Loss 0.01052 (0.00965)
2021-10-27 16:35:48,954 Test: [0/200]	Time 0.084 (0.084)	Loss 0.0605 (0.0605)
2021-10-27 16:35:49,283 Test: [10/200]	Time 0.026 (0.038)	Loss 0.0194 (0.0540)
2021-10-27 16:35:49,589 Test: [20/200]	Time 0.028 (0.034)	Loss 0.0255 (0.0570)
2021-10-27 16:35:49,916 Test: [30/200]	Time 0.028 (0.034)	Loss 0.0720 (0.0600)
2021-10-27 16:35:50,339 Test: [40/200]	Time 0.031 (0.036)	Loss 0.0438 (0.0630)
2021-10-27 16:35:50,674 Test: [50/200]	Time 0.042 (0.035)	Loss 0.0993 (0.0632)
2021-10-27 16:35:50,966 Test: [60/200]	Time 0.028 (0.034)	Loss 0.0777 (0.0648)
2021-10-27 16:35:51,305 Test: [70/200]	Time 0.028 (0.034)	Loss 0.0476 (0.0639)
2021-10-27 16:35:51,613 Test: [80/200]	Time 0.030 (0.034)	Loss 0.0695 (0.0628)
2021-10-27 16:35:51,922 Test: [90/200]	Time 0.028 (0.034)	Loss 0.0788 (0.0643)
2021-10-27 16:35:52,229 Test: [100/200]	Time 0.029 (0.033)	Loss 0.1045 (0.0637)
2021-10-27 16:35:52,669 Test: [110/200]	Time 0.034 (0.034)	Loss 0.1679 (0.0646)
2021-10-27 16:35:52,954 Test: [120/200]	Time 0.027 (0.034)	Loss 0.0607 (0.0629)
2021-10-27 16:35:53,336 Test: [130/200]	Time 0.026 (0.034)	Loss 0.0570 (0.0631)
2021-10-27 16:35:53,629 Test: [140/200]	Time 0.027 (0.034)	Loss 0.0560 (0.0623)
2021-10-27 16:35:53,927 Test: [150/200]	Time 0.028 (0.033)	Loss 0.0579 (0.0616)
2021-10-27 16:35:54,231 Test: [160/200]	Time 0.027 (0.033)	Loss 0.0592 (0.0615)
2021-10-27 16:35:54,538 Test: [170/200]	Time 0.027 (0.033)	Loss 0.0814 (0.0610)
2021-10-27 16:35:54,844 Test: [180/200]	Time 0.027 (0.033)	Loss 0.0391 (0.0607)
2021-10-27 16:35:55,150 Test: [190/200]	Time 0.029 (0.033)	Loss 0.0249 (0.0605)
2021-10-27 16:35:56,265 Mean IoU score: 0.854
2021-10-27 16:35:56,266 => saving checkpoint to out
2021-10-27 16:35:56,887 Epoch: [11][0/200]	Time 0.554s (0.554s)	Speed 57.8 samples/s	Data 0.096s (0.096s)	Loss 0.00803 (0.00803)
2021-10-27 16:36:00,825 Epoch: [11][10/200]	Time 0.395s (0.408s)	Speed 81.1 samples/s	Data 0.002s (0.010s)	Loss 0.00979 (0.00868)
2021-10-27 16:36:04,782 Epoch: [11][20/200]	Time 0.380s (0.402s)	Speed 84.3 samples/s	Data 0.001s (0.006s)	Loss 0.01143 (0.00884)
2021-10-27 16:36:08,914 Epoch: [11][30/200]	Time 0.393s (0.406s)	Speed 81.4 samples/s	Data 0.002s (0.005s)	Loss 0.00889 (0.00899)
2021-10-27 16:36:12,875 Epoch: [11][40/200]	Time 0.384s (0.403s)	Speed 83.4 samples/s	Data 0.002s (0.004s)	Loss 0.01192 (0.00919)
2021-10-27 16:36:16,769 Epoch: [11][50/200]	Time 0.396s (0.401s)	Speed 80.7 samples/s	Data 0.002s (0.004s)	Loss 0.00863 (0.00927)
2021-10-27 16:36:20,933 Epoch: [11][60/200]	Time 0.337s (0.403s)	Speed 95.0 samples/s	Data 0.001s (0.003s)	Loss 0.00926 (0.00924)
2021-10-27 16:36:24,621 Epoch: [11][70/200]	Time 0.387s (0.398s)	Speed 82.6 samples/s	Data 0.002s (0.003s)	Loss 0.00871 (0.00911)
2021-10-27 16:36:28,631 Epoch: [11][80/200]	Time 0.401s (0.399s)	Speed 79.8 samples/s	Data 0.002s (0.003s)	Loss 0.00807 (0.00903)
2021-10-27 16:36:32,522 Epoch: [11][90/200]	Time 0.396s (0.398s)	Speed 80.7 samples/s	Data 0.002s (0.003s)	Loss 0.00867 (0.00897)
2021-10-27 16:36:36,369 Epoch: [11][100/200]	Time 0.379s (0.396s)	Speed 84.4 samples/s	Data 0.002s (0.003s)	Loss 0.00832 (0.00893)
2021-10-27 16:36:40,493 Epoch: [11][110/200]	Time 0.519s (0.398s)	Speed 61.7 samples/s	Data 0.002s (0.003s)	Loss 0.01139 (0.00886)
2021-10-27 16:36:44,390 Epoch: [11][120/200]	Time 0.378s (0.397s)	Speed 84.6 samples/s	Data 0.002s (0.003s)	Loss 0.00803 (0.00890)
2021-10-27 16:36:48,340 Epoch: [11][130/200]	Time 0.384s (0.397s)	Speed 83.3 samples/s	Data 0.002s (0.003s)	Loss 0.00879 (0.00895)
2021-10-27 16:36:52,254 Epoch: [11][140/200]	Time 0.394s (0.397s)	Speed 81.1 samples/s	Data 0.002s (0.002s)	Loss 0.01202 (0.00903)
2021-10-27 16:36:56,136 Epoch: [11][150/200]	Time 0.388s (0.396s)	Speed 82.4 samples/s	Data 0.002s (0.002s)	Loss 0.01127 (0.00904)
2021-10-27 16:37:00,053 Epoch: [11][160/200]	Time 0.399s (0.396s)	Speed 80.3 samples/s	Data 0.001s (0.002s)	Loss 0.01075 (0.00908)
2021-10-27 16:37:03,967 Epoch: [11][170/200]	Time 0.389s (0.396s)	Speed 82.3 samples/s	Data 0.001s (0.002s)	Loss 0.01097 (0.00914)
2021-10-27 16:37:07,854 Epoch: [11][180/200]	Time 0.391s (0.395s)	Speed 81.9 samples/s	Data 0.002s (0.002s)	Loss 0.00818 (0.00917)
2021-10-27 16:37:11,807 Epoch: [11][190/200]	Time 0.405s (0.395s)	Speed 79.0 samples/s	Data 0.002s (0.002s)	Loss 0.00980 (0.00917)
2021-10-27 16:37:15,395 Test: [0/200]	Time 0.098 (0.098)	Loss 0.0489 (0.0489)
2021-10-27 16:37:15,712 Test: [10/200]	Time 0.027 (0.038)	Loss 0.0140 (0.0530)
2021-10-27 16:37:16,017 Test: [20/200]	Time 0.027 (0.034)	Loss 0.0314 (0.0553)
2021-10-27 16:37:16,364 Test: [30/200]	Time 0.028 (0.034)	Loss 0.0762 (0.0607)
2021-10-27 16:37:16,675 Test: [40/200]	Time 0.028 (0.034)	Loss 0.0399 (0.0628)
2021-10-27 16:37:16,978 Test: [50/200]	Time 0.028 (0.033)	Loss 0.0828 (0.0630)
2021-10-27 16:37:17,309 Test: [60/200]	Time 0.028 (0.033)	Loss 0.1012 (0.0663)
2021-10-27 16:37:17,612 Test: [70/200]	Time 0.028 (0.033)	Loss 0.0459 (0.0648)
2021-10-27 16:37:17,914 Test: [80/200]	Time 0.028 (0.032)	Loss 0.0768 (0.0635)
2021-10-27 16:37:18,239 Test: [90/200]	Time 0.027 (0.032)	Loss 0.1108 (0.0647)
2021-10-27 16:37:18,542 Test: [100/200]	Time 0.028 (0.032)	Loss 0.0885 (0.0642)
2021-10-27 16:37:18,855 Test: [110/200]	Time 0.029 (0.032)	Loss 0.1521 (0.0649)
2021-10-27 16:37:19,156 Test: [120/200]	Time 0.027 (0.032)	Loss 0.0598 (0.0633)
2021-10-27 16:37:19,460 Test: [130/200]	Time 0.028 (0.032)	Loss 0.0527 (0.0632)
2021-10-27 16:37:19,757 Test: [140/200]	Time 0.027 (0.032)	Loss 0.0594 (0.0625)
2021-10-27 16:37:20,129 Test: [150/200]	Time 0.033 (0.032)	Loss 0.0706 (0.0616)
2021-10-27 16:37:20,443 Test: [160/200]	Time 0.043 (0.032)	Loss 0.0632 (0.0613)
2021-10-27 16:37:20,777 Test: [170/200]	Time 0.027 (0.032)	Loss 0.0678 (0.0607)
2021-10-27 16:37:21,075 Test: [180/200]	Time 0.029 (0.032)	Loss 0.0390 (0.0605)
2021-10-27 16:37:21,403 Test: [190/200]	Time 0.044 (0.032)	Loss 0.0232 (0.0602)
2021-10-27 16:37:22,818 Mean IoU score: 0.858
2021-10-27 16:37:22,820 => saving checkpoint to out
2021-10-27 16:37:23,435 Epoch: [12][0/200]	Time 0.581s (0.581s)	Speed 55.1 samples/s	Data 0.074s (0.074s)	Loss 0.01111 (0.01111)
2021-10-27 16:37:27,437 Epoch: [12][10/200]	Time 0.407s (0.417s)	Speed 78.6 samples/s	Data 0.002s (0.008s)	Loss 0.01031 (0.01020)
2021-10-27 16:37:31,423 Epoch: [12][20/200]	Time 0.406s (0.408s)	Speed 78.9 samples/s	Data 0.001s (0.005s)	Loss 0.01039 (0.00937)
2021-10-27 16:37:35,284 Epoch: [12][30/200]	Time 0.408s (0.401s)	Speed 78.4 samples/s	Data 0.002s (0.004s)	Loss 0.00926 (0.00928)
2021-10-27 16:37:39,419 Epoch: [12][40/200]	Time 0.415s (0.404s)	Speed 77.1 samples/s	Data 0.002s (0.004s)	Loss 0.00929 (0.00927)
2021-10-27 16:37:43,802 Epoch: [12][50/200]	Time 0.416s (0.411s)	Speed 76.8 samples/s	Data 0.002s (0.003s)	Loss 0.00891 (0.00912)
2021-10-27 16:37:47,742 Epoch: [12][60/200]	Time 0.392s (0.408s)	Speed 81.5 samples/s	Data 0.002s (0.003s)	Loss 0.00740 (0.00913)
2021-10-27 16:37:51,740 Epoch: [12][70/200]	Time 0.390s (0.407s)	Speed 82.1 samples/s	Data 0.001s (0.003s)	Loss 0.00964 (0.00909)
2021-10-27 16:37:55,616 Epoch: [12][80/200]	Time 0.387s (0.404s)	Speed 82.6 samples/s	Data 0.002s (0.003s)	Loss 0.00970 (0.00915)
2021-10-27 16:37:59,479 Epoch: [12][90/200]	Time 0.383s (0.402s)	Speed 83.6 samples/s	Data 0.002s (0.003s)	Loss 0.00676 (0.00917)
2021-10-27 16:38:03,365 Epoch: [12][100/200]	Time 0.393s (0.401s)	Speed 81.5 samples/s	Data 0.002s (0.003s)	Loss 0.00833 (0.00910)
2021-10-27 16:38:07,245 Epoch: [12][110/200]	Time 0.399s (0.400s)	Speed 80.2 samples/s	Data 0.002s (0.002s)	Loss 0.00764 (0.00908)
2021-10-27 16:38:11,225 Epoch: [12][120/200]	Time 0.378s (0.400s)	Speed 84.7 samples/s	Data 0.002s (0.002s)	Loss 0.00739 (0.00901)
2021-10-27 16:38:15,073 Epoch: [12][130/200]	Time 0.375s (0.399s)	Speed 85.2 samples/s	Data 0.001s (0.002s)	Loss 0.00860 (0.00898)
2021-10-27 16:38:18,979 Epoch: [12][140/200]	Time 0.392s (0.398s)	Speed 81.7 samples/s	Data 0.002s (0.002s)	Loss 0.00878 (0.00896)
2021-10-27 16:38:22,851 Epoch: [12][150/200]	Time 0.380s (0.397s)	Speed 84.3 samples/s	Data 0.002s (0.002s)	Loss 0.00825 (0.00893)
2021-10-27 16:38:26,725 Epoch: [12][160/200]	Time 0.386s (0.397s)	Speed 82.8 samples/s	Data 0.001s (0.002s)	Loss 0.01032 (0.00888)
2021-10-27 16:38:30,715 Epoch: [12][170/200]	Time 0.380s (0.397s)	Speed 84.2 samples/s	Data 0.001s (0.002s)	Loss 0.00781 (0.00888)
2021-10-27 16:38:34,582 Epoch: [12][180/200]	Time 0.388s (0.396s)	Speed 82.5 samples/s	Data 0.002s (0.002s)	Loss 0.00682 (0.00884)
2021-10-27 16:38:38,476 Epoch: [12][190/200]	Time 0.389s (0.396s)	Speed 82.3 samples/s	Data 0.002s (0.002s)	Loss 0.00715 (0.00880)
2021-10-27 16:38:42,186 Test: [0/200]	Time 0.080 (0.080)	Loss 0.0694 (0.0694)
2021-10-27 16:38:42,507 Test: [10/200]	Time 0.028 (0.036)	Loss 0.0231 (0.0603)
2021-10-27 16:38:42,813 Test: [20/200]	Time 0.028 (0.034)	Loss 0.0355 (0.0677)
2021-10-27 16:38:43,122 Test: [30/200]	Time 0.028 (0.033)	Loss 0.0928 (0.0795)
2021-10-27 16:38:43,536 Test: [40/200]	Time 0.041 (0.035)	Loss 0.0427 (0.0808)
2021-10-27 16:38:43,957 Test: [50/200]	Time 0.041 (0.036)	Loss 0.1347 (0.0808)
2021-10-27 16:38:44,310 Test: [60/200]	Time 0.025 (0.036)	Loss 0.0795 (0.0819)
2021-10-27 16:38:44,593 Test: [70/200]	Time 0.026 (0.035)	Loss 0.0613 (0.0810)
2021-10-27 16:38:44,888 Test: [80/200]	Time 0.031 (0.034)	Loss 0.0861 (0.0790)
2021-10-27 16:38:45,194 Test: [90/200]	Time 0.033 (0.034)	Loss 0.1173 (0.0812)
2021-10-27 16:38:45,507 Test: [100/200]	Time 0.028 (0.034)	Loss 0.1023 (0.0807)
2021-10-27 16:38:45,819 Test: [110/200]	Time 0.035 (0.033)	Loss 0.2013 (0.0813)
2021-10-27 16:38:46,129 Test: [120/200]	Time 0.028 (0.033)	Loss 0.0902 (0.0794)
2021-10-27 16:38:46,561 Test: [130/200]	Time 0.028 (0.034)	Loss 0.0768 (0.0792)
2021-10-27 16:38:46,867 Test: [140/200]	Time 0.027 (0.034)	Loss 0.0728 (0.0784)
2021-10-27 16:38:47,166 Test: [150/200]	Time 0.028 (0.034)	Loss 0.0703 (0.0774)
2021-10-27 16:38:47,468 Test: [160/200]	Time 0.028 (0.033)	Loss 0.0822 (0.0771)
2021-10-27 16:38:47,774 Test: [170/200]	Time 0.027 (0.033)	Loss 0.1070 (0.0764)
2021-10-27 16:38:48,089 Test: [180/200]	Time 0.028 (0.033)	Loss 0.0663 (0.0756)
2021-10-27 16:38:48,390 Test: [190/200]	Time 0.027 (0.033)	Loss 0.0298 (0.0750)
2021-10-27 16:38:49,502 Mean IoU score: 0.826
2021-10-27 16:38:49,504 => saving checkpoint to out
2021-10-27 16:38:50,125 Epoch: [13][0/200]	Time 0.566s (0.566s)	Speed 56.5 samples/s	Data 0.073s (0.073s)	Loss 0.00627 (0.00627)
2021-10-27 16:38:54,359 Epoch: [13][10/200]	Time 0.382s (0.436s)	Speed 83.7 samples/s	Data 0.002s (0.008s)	Loss 0.00773 (0.00989)
2021-10-27 16:38:58,351 Epoch: [13][20/200]	Time 0.396s (0.419s)	Speed 80.8 samples/s	Data 0.002s (0.005s)	Loss 0.01097 (0.00993)
2021-10-27 16:39:02,365 Epoch: [13][30/200]	Time 0.394s (0.413s)	Speed 81.2 samples/s	Data 0.001s (0.004s)	Loss 0.01420 (0.01164)
2021-10-27 16:39:06,506 Epoch: [13][40/200]	Time 0.410s (0.413s)	Speed 78.1 samples/s	Data 0.002s (0.004s)	Loss 0.01493 (0.01263)
2021-10-27 16:39:10,420 Epoch: [13][50/200]	Time 0.387s (0.409s)	Speed 82.7 samples/s	Data 0.002s (0.004s)	Loss 0.01503 (0.01293)
2021-10-27 16:39:14,455 Epoch: [13][60/200]	Time 0.392s (0.408s)	Speed 81.7 samples/s	Data 0.002s (0.003s)	Loss 0.02606 (0.01357)
2021-10-27 16:39:18,344 Epoch: [13][70/200]	Time 0.389s (0.405s)	Speed 82.2 samples/s	Data 0.001s (0.003s)	Loss 0.01840 (0.01379)
2021-10-27 16:39:22,382 Epoch: [13][80/200]	Time 0.389s (0.405s)	Speed 82.3 samples/s	Data 0.002s (0.003s)	Loss 0.03255 (0.01455)
2021-10-27 16:39:26,885 Epoch: [13][90/200]	Time 0.399s (0.410s)	Speed 80.3 samples/s	Data 0.002s (0.003s)	Loss 0.03323 (0.01536)
2021-10-27 16:39:30,834 Epoch: [13][100/200]	Time 0.383s (0.409s)	Speed 83.6 samples/s	Data 0.002s (0.003s)	Loss 0.01447 (0.01594)
2021-10-27 16:39:34,975 Epoch: [13][110/200]	Time 0.385s (0.409s)	Speed 83.0 samples/s	Data 0.002s (0.003s)	Loss 0.01625 (0.01615)
2021-10-27 16:39:38,978 Epoch: [13][120/200]	Time 0.389s (0.408s)	Speed 82.3 samples/s	Data 0.002s (0.003s)	Loss 0.01617 (0.01620)
2021-10-27 16:39:43,028 Epoch: [13][130/200]	Time 0.385s (0.408s)	Speed 83.1 samples/s	Data 0.002s (0.003s)	Loss 0.01753 (0.01634)
2021-10-27 16:39:47,203 Epoch: [13][140/200]	Time 0.391s (0.409s)	Speed 81.9 samples/s	Data 0.002s (0.003s)	Loss 0.01423 (0.01636)
2021-10-27 16:39:51,248 Epoch: [13][150/200]	Time 0.391s (0.409s)	Speed 81.9 samples/s	Data 0.002s (0.003s)	Loss 0.01815 (0.01641)
2021-10-27 16:39:55,193 Epoch: [13][160/200]	Time 0.381s (0.408s)	Speed 83.9 samples/s	Data 0.002s (0.002s)	Loss 0.02252 (0.01646)
2021-10-27 16:39:59,207 Epoch: [13][170/200]	Time 0.392s (0.407s)	Speed 81.6 samples/s	Data 0.002s (0.002s)	Loss 0.02204 (0.01646)
2021-10-27 16:40:03,120 Epoch: [13][180/200]	Time 0.380s (0.406s)	Speed 84.3 samples/s	Data 0.002s (0.002s)	Loss 0.02002 (0.01649)
2021-10-27 16:40:07,106 Epoch: [13][190/200]	Time 0.408s (0.406s)	Speed 78.4 samples/s	Data 0.002s (0.002s)	Loss 0.01876 (0.01649)
2021-10-27 16:40:10,710 Test: [0/200]	Time 0.074 (0.074)	Loss 0.0640 (0.0640)
2021-10-27 16:40:11,042 Test: [10/200]	Time 0.027 (0.037)	Loss 0.0396 (0.0602)
2021-10-27 16:40:11,433 Test: [20/200]	Time 0.045 (0.038)	Loss 0.0645 (0.0656)
2021-10-27 16:40:11,738 Test: [30/200]	Time 0.027 (0.036)	Loss 0.0939 (0.0732)
2021-10-27 16:40:12,042 Test: [40/200]	Time 0.028 (0.034)	Loss 0.0612 (0.0763)
2021-10-27 16:40:12,348 Test: [50/200]	Time 0.028 (0.034)	Loss 0.1049 (0.0746)
2021-10-27 16:40:12,803 Test: [60/200]	Time 0.028 (0.036)	Loss 0.1013 (0.0774)
2021-10-27 16:40:13,106 Test: [70/200]	Time 0.028 (0.035)	Loss 0.0677 (0.0767)
2021-10-27 16:40:13,434 Test: [80/200]	Time 0.031 (0.035)	Loss 0.0765 (0.0749)
2021-10-27 16:40:13,742 Test: [90/200]	Time 0.028 (0.034)	Loss 0.0978 (0.0758)
2021-10-27 16:40:14,053 Test: [100/200]	Time 0.029 (0.034)	Loss 0.1086 (0.0752)
2021-10-27 16:40:14,365 Test: [110/200]	Time 0.029 (0.034)	Loss 0.2218 (0.0776)
2021-10-27 16:40:14,679 Test: [120/200]	Time 0.028 (0.033)	Loss 0.0691 (0.0762)
2021-10-27 16:40:14,981 Test: [130/200]	Time 0.028 (0.033)	Loss 0.0724 (0.0761)
2021-10-27 16:40:15,330 Test: [140/200]	Time 0.027 (0.033)	Loss 0.0675 (0.0755)
2021-10-27 16:40:15,681 Test: [150/200]	Time 0.043 (0.033)	Loss 0.0746 (0.0745)
2021-10-27 16:40:15,977 Test: [160/200]	Time 0.028 (0.033)	Loss 0.0940 (0.0744)
2021-10-27 16:40:16,277 Test: [170/200]	Time 0.027 (0.033)	Loss 0.0739 (0.0737)
2021-10-27 16:40:16,598 Test: [180/200]	Time 0.027 (0.033)	Loss 0.0520 (0.0731)
2021-10-27 16:40:16,900 Test: [190/200]	Time 0.027 (0.033)	Loss 0.0279 (0.0730)
2021-10-27 16:40:18,016 Mean IoU score: 0.822
2021-10-27 16:40:18,017 => saving checkpoint to out
2021-10-27 16:40:18,630 Epoch: [14][0/200]	Time 0.554s (0.554s)	Speed 57.8 samples/s	Data 0.073s (0.073s)	Loss 0.01056 (0.01056)
2021-10-27 16:40:22,779 Epoch: [14][10/200]	Time 0.351s (0.428s)	Speed 91.2 samples/s	Data 0.001s (0.008s)	Loss 0.01218 (0.01349)
2021-10-27 16:40:26,657 Epoch: [14][20/200]	Time 0.395s (0.409s)	Speed 81.0 samples/s	Data 0.002s (0.005s)	Loss 0.01173 (0.01355)
2021-10-27 16:40:30,566 Epoch: [14][30/200]	Time 0.394s (0.403s)	Speed 81.2 samples/s	Data 0.002s (0.004s)	Loss 0.01146 (0.01292)
2021-10-27 16:40:34,426 Epoch: [14][40/200]	Time 0.383s (0.399s)	Speed 83.6 samples/s	Data 0.002s (0.003s)	Loss 0.01053 (0.01279)
2021-10-27 16:40:38,376 Epoch: [14][50/200]	Time 0.386s (0.398s)	Speed 82.9 samples/s	Data 0.002s (0.003s)	Loss 0.01307 (0.01259)
2021-10-27 16:40:42,479 Epoch: [14][60/200]	Time 0.418s (0.400s)	Speed 76.6 samples/s	Data 0.002s (0.003s)	Loss 0.00918 (0.01228)
2021-10-27 16:40:46,428 Epoch: [14][70/200]	Time 0.405s (0.399s)	Speed 79.0 samples/s	Data 0.002s (0.003s)	Loss 0.01089 (0.01220)
2021-10-27 16:40:50,352 Epoch: [14][80/200]	Time 0.401s (0.398s)	Speed 79.7 samples/s	Data 0.002s (0.003s)	Loss 0.01233 (0.01206)
2021-10-27 16:40:54,225 Epoch: [14][90/200]	Time 0.395s (0.397s)	Speed 81.0 samples/s	Data 0.002s (0.003s)	Loss 0.01242 (0.01207)
2021-10-27 16:40:58,160 Epoch: [14][100/200]	Time 0.395s (0.397s)	Speed 81.0 samples/s	Data 0.001s (0.002s)	Loss 0.01702 (0.01200)
2021-10-27 16:41:02,067 Epoch: [14][110/200]	Time 0.382s (0.396s)	Speed 83.8 samples/s	Data 0.002s (0.002s)	Loss 0.00827 (0.01203)
2021-10-27 16:41:05,961 Epoch: [14][120/200]	Time 0.386s (0.396s)	Speed 82.8 samples/s	Data 0.002s (0.002s)	Loss 0.00979 (0.01199)
2021-10-27 16:41:09,886 Epoch: [14][130/200]	Time 0.381s (0.395s)	Speed 83.9 samples/s	Data 0.002s (0.002s)	Loss 0.00937 (0.01188)
2021-10-27 16:41:13,767 Epoch: [14][140/200]	Time 0.376s (0.395s)	Speed 85.1 samples/s	Data 0.002s (0.002s)	Loss 0.00928 (0.01183)
2021-10-27 16:41:17,610 Epoch: [14][150/200]	Time 0.375s (0.394s)	Speed 85.2 samples/s	Data 0.002s (0.002s)	Loss 0.00949 (0.01170)
2021-10-27 16:41:21,513 Epoch: [14][160/200]	Time 0.412s (0.394s)	Speed 77.7 samples/s	Data 0.002s (0.002s)	Loss 0.00903 (0.01163)
2021-10-27 16:41:25,399 Epoch: [14][170/200]	Time 0.395s (0.394s)	Speed 80.9 samples/s	Data 0.002s (0.002s)	Loss 0.01435 (0.01159)
2021-10-27 16:41:29,638 Epoch: [14][180/200]	Time 0.375s (0.395s)	Speed 85.2 samples/s	Data 0.002s (0.002s)	Loss 0.01107 (0.01146)
2021-10-27 16:41:33,507 Epoch: [14][190/200]	Time 0.375s (0.395s)	Speed 85.3 samples/s	Data 0.002s (0.002s)	Loss 0.01185 (0.01144)
2021-10-27 16:41:37,124 Test: [0/200]	Time 0.098 (0.098)	Loss 0.0696 (0.0696)
2021-10-27 16:41:37,561 Test: [10/200]	Time 0.041 (0.049)	Loss 0.0104 (0.0611)
2021-10-27 16:41:37,871 Test: [20/200]	Time 0.027 (0.040)	Loss 0.0573 (0.0644)
2021-10-27 16:41:38,174 Test: [30/200]	Time 0.028 (0.037)	Loss 0.0815 (0.0723)
2021-10-27 16:41:38,485 Test: [40/200]	Time 0.030 (0.036)	Loss 0.0511 (0.0733)
2021-10-27 16:41:38,792 Test: [50/200]	Time 0.028 (0.035)	Loss 0.1352 (0.0734)
2021-10-27 16:41:39,097 Test: [60/200]	Time 0.028 (0.034)	Loss 0.0799 (0.0756)
2021-10-27 16:41:39,404 Test: [70/200]	Time 0.031 (0.033)	Loss 0.0549 (0.0740)
2021-10-27 16:41:39,767 Test: [80/200]	Time 0.028 (0.034)	Loss 0.0613 (0.0724)
2021-10-27 16:41:40,069 Test: [90/200]	Time 0.028 (0.033)	Loss 0.0748 (0.0728)
2021-10-27 16:41:40,387 Test: [100/200]	Time 0.028 (0.033)	Loss 0.1005 (0.0717)
2021-10-27 16:41:40,783 Test: [110/200]	Time 0.028 (0.034)	Loss 0.1650 (0.0724)
2021-10-27 16:41:41,088 Test: [120/200]	Time 0.028 (0.034)	Loss 0.0652 (0.0706)
2021-10-27 16:41:41,395 Test: [130/200]	Time 0.028 (0.033)	Loss 0.0731 (0.0703)
2021-10-27 16:41:41,719 Test: [140/200]	Time 0.028 (0.033)	Loss 0.0577 (0.0696)
2021-10-27 16:41:42,053 Test: [150/200]	Time 0.028 (0.033)	Loss 0.0640 (0.0685)
2021-10-27 16:41:42,392 Test: [160/200]	Time 0.033 (0.033)	Loss 0.0823 (0.0684)
2021-10-27 16:41:42,793 Test: [170/200]	Time 0.037 (0.034)	Loss 0.0947 (0.0680)
2021-10-27 16:41:43,211 Test: [180/200]	Time 0.037 (0.034)	Loss 0.0519 (0.0675)
2021-10-27 16:41:43,626 Test: [190/200]	Time 0.037 (0.035)	Loss 0.0312 (0.0673)
2021-10-27 16:41:44,941 Mean IoU score: 0.838
2021-10-27 16:41:44,943 => saving checkpoint to out
2021-10-27 16:41:45,589 Epoch: [15][0/200]	Time 0.594s (0.594s)	Speed 53.9 samples/s	Data 0.080s (0.080s)	Loss 0.00907 (0.00907)
2021-10-27 16:41:49,217 Epoch: [15][10/200]	Time 0.378s (0.384s)	Speed 84.6 samples/s	Data 0.001s (0.009s)	Loss 0.01460 (0.01092)
2021-10-27 16:41:53,155 Epoch: [15][20/200]	Time 0.392s (0.389s)	Speed 81.5 samples/s	Data 0.001s (0.005s)	Loss 0.01001 (0.01068)
2021-10-27 16:41:57,074 Epoch: [15][30/200]	Time 0.385s (0.390s)	Speed 83.2 samples/s	Data 0.001s (0.004s)	Loss 0.01068 (0.01077)
2021-10-27 16:42:00,982 Epoch: [15][40/200]	Time 0.384s (0.390s)	Speed 83.3 samples/s	Data 0.002s (0.004s)	Loss 0.01106 (0.01050)
2021-10-27 16:42:04,894 Epoch: [15][50/200]	Time 0.379s (0.390s)	Speed 84.3 samples/s	Data 0.002s (0.003s)	Loss 0.01163 (0.01032)
2021-10-27 16:42:08,836 Epoch: [15][60/200]	Time 0.384s (0.391s)	Speed 83.4 samples/s	Data 0.002s (0.003s)	Loss 0.00957 (0.01032)
2021-10-27 16:42:12,738 Epoch: [15][70/200]	Time 0.385s (0.391s)	Speed 83.2 samples/s	Data 0.002s (0.003s)	Loss 0.00766 (0.01019)
2021-10-27 16:42:16,637 Epoch: [15][80/200]	Time 0.396s (0.391s)	Speed 80.8 samples/s	Data 0.001s (0.003s)	Loss 0.01005 (0.01007)
2021-10-27 16:42:20,513 Epoch: [15][90/200]	Time 0.405s (0.390s)	Speed 79.0 samples/s	Data 0.001s (0.003s)	Loss 0.00904 (0.01002)
2021-10-27 16:42:24,428 Epoch: [15][100/200]	Time 0.409s (0.390s)	Speed 78.2 samples/s	Data 0.002s (0.003s)	Loss 0.01131 (0.01000)
2021-10-27 16:42:28,341 Epoch: [15][110/200]	Time 0.389s (0.390s)	Speed 82.2 samples/s	Data 0.002s (0.002s)	Loss 0.00625 (0.00994)
2021-10-27 16:42:32,222 Epoch: [15][120/200]	Time 0.382s (0.390s)	Speed 83.7 samples/s	Data 0.002s (0.002s)	Loss 0.00983 (0.00987)
2021-10-27 16:42:36,120 Epoch: [15][130/200]	Time 0.395s (0.390s)	Speed 81.1 samples/s	Data 0.002s (0.002s)	Loss 0.00804 (0.00976)
2021-10-27 16:42:40,077 Epoch: [15][140/200]	Time 0.387s (0.391s)	Speed 82.7 samples/s	Data 0.002s (0.002s)	Loss 0.01316 (0.00972)
2021-10-27 16:42:44,077 Epoch: [15][150/200]	Time 0.375s (0.391s)	Speed 85.3 samples/s	Data 0.001s (0.002s)	Loss 0.01241 (0.00971)
2021-10-27 16:42:48,012 Epoch: [15][160/200]	Time 0.383s (0.391s)	Speed 83.5 samples/s	Data 0.002s (0.002s)	Loss 0.00931 (0.00967)
2021-10-27 16:42:52,006 Epoch: [15][170/200]	Time 0.385s (0.392s)	Speed 83.2 samples/s	Data 0.001s (0.002s)	Loss 0.00603 (0.00960)
2021-10-27 16:42:55,909 Epoch: [15][180/200]	Time 0.375s (0.392s)	Speed 85.4 samples/s	Data 0.002s (0.002s)	Loss 0.00750 (0.00953)
2021-10-27 16:42:59,832 Epoch: [15][190/200]	Time 0.392s (0.392s)	Speed 81.5 samples/s	Data 0.002s (0.002s)	Loss 0.00633 (0.00944)
2021-10-27 16:43:03,816 Test: [0/200]	Time 0.126 (0.126)	Loss 0.0584 (0.0584)
2021-10-27 16:43:04,239 Test: [10/200]	Time 0.028 (0.050)	Loss 0.0085 (0.0439)
2021-10-27 16:43:04,533 Test: [20/200]	Time 0.025 (0.040)	Loss 0.0378 (0.0489)
2021-10-27 16:43:04,858 Test: [30/200]	Time 0.026 (0.038)	Loss 0.0478 (0.0536)
2021-10-27 16:43:05,152 Test: [40/200]	Time 0.044 (0.036)	Loss 0.0431 (0.0562)
2021-10-27 16:43:05,583 Test: [50/200]	Time 0.040 (0.037)	Loss 0.0713 (0.0553)
2021-10-27 16:43:05,862 Test: [60/200]	Time 0.025 (0.036)	Loss 0.0720 (0.0575)
2021-10-27 16:43:06,134 Test: [70/200]	Time 0.026 (0.034)	Loss 0.0411 (0.0564)
2021-10-27 16:43:06,417 Test: [80/200]	Time 0.031 (0.034)	Loss 0.0487 (0.0550)
2021-10-27 16:43:06,702 Test: [90/200]	Time 0.026 (0.033)	Loss 0.0675 (0.0564)
2021-10-27 16:43:06,975 Test: [100/200]	Time 0.025 (0.033)	Loss 0.0740 (0.0556)
2021-10-27 16:43:07,253 Test: [110/200]	Time 0.025 (0.032)	Loss 0.1804 (0.0563)
2021-10-27 16:43:07,549 Test: [120/200]	Time 0.028 (0.032)	Loss 0.0627 (0.0549)
2021-10-27 16:43:07,847 Test: [130/200]	Time 0.028 (0.032)	Loss 0.0560 (0.0550)
2021-10-27 16:43:08,156 Test: [140/200]	Time 0.032 (0.032)	Loss 0.0486 (0.0545)
2021-10-27 16:43:08,463 Test: [150/200]	Time 0.029 (0.032)	Loss 0.0447 (0.0536)
2021-10-27 16:43:08,876 Test: [160/200]	Time 0.040 (0.032)	Loss 0.0731 (0.0538)
2021-10-27 16:43:09,185 Test: [170/200]	Time 0.031 (0.032)	Loss 0.0814 (0.0535)
2021-10-27 16:43:09,523 Test: [180/200]	Time 0.029 (0.032)	Loss 0.0370 (0.0532)
2021-10-27 16:43:09,826 Test: [190/200]	Time 0.028 (0.032)	Loss 0.0213 (0.0530)
2021-10-27 16:43:10,959 Mean IoU score: 0.871
2021-10-27 16:43:10,960 => saving checkpoint to out
2021-10-27 16:43:11,548 Epoch: [16][0/200]	Time 0.547s (0.547s)	Speed 58.5 samples/s	Data 0.062s (0.062s)	Loss 0.00712 (0.00712)
2021-10-27 16:43:15,564 Epoch: [16][10/200]	Time 0.410s (0.415s)	Speed 78.0 samples/s	Data 0.002s (0.007s)	Loss 0.00779 (0.00776)
2021-10-27 16:43:19,563 Epoch: [16][20/200]	Time 0.407s (0.408s)	Speed 78.6 samples/s	Data 0.001s (0.005s)	Loss 0.00793 (0.00820)
2021-10-27 16:43:23,474 Epoch: [16][30/200]	Time 0.383s (0.402s)	Speed 83.7 samples/s	Data 0.001s (0.004s)	Loss 0.00772 (0.00812)
2021-10-27 16:43:27,387 Epoch: [16][40/200]	Time 0.387s (0.400s)	Speed 82.8 samples/s	Data 0.002s (0.003s)	Loss 0.00821 (0.00803)
2021-10-27 16:43:31,300 Epoch: [16][50/200]	Time 0.379s (0.398s)	Speed 84.5 samples/s	Data 0.002s (0.003s)	Loss 0.00920 (0.00798)
2021-10-27 16:43:35,579 Epoch: [16][60/200]	Time 0.393s (0.403s)	Speed 81.4 samples/s	Data 0.002s (0.003s)	Loss 0.00856 (0.00797)
2021-10-27 16:43:39,540 Epoch: [16][70/200]	Time 0.393s (0.402s)	Speed 81.5 samples/s	Data 0.002s (0.003s)	Loss 0.00737 (0.00797)
2021-10-27 16:43:43,542 Epoch: [16][80/200]	Time 0.387s (0.402s)	Speed 82.7 samples/s	Data 0.002s (0.003s)	Loss 0.00559 (0.00789)
2021-10-27 16:43:47,543 Epoch: [16][90/200]	Time 0.423s (0.402s)	Speed 75.6 samples/s	Data 0.002s (0.002s)	Loss 0.00931 (0.00801)
2021-10-27 16:43:51,426 Epoch: [16][100/200]	Time 0.388s (0.400s)	Speed 82.5 samples/s	Data 0.002s (0.002s)	Loss 0.00992 (0.00804)
2021-10-27 16:43:55,317 Epoch: [16][110/200]	Time 0.392s (0.399s)	Speed 81.5 samples/s	Data 0.002s (0.002s)	Loss 0.00835 (0.00805)
2021-10-27 16:43:59,179 Epoch: [16][120/200]	Time 0.375s (0.398s)	Speed 85.2 samples/s	Data 0.002s (0.002s)	Loss 0.00970 (0.00807)
2021-10-27 16:44:03,067 Epoch: [16][130/200]	Time 0.375s (0.397s)	Speed 85.2 samples/s	Data 0.002s (0.002s)	Loss 0.00752 (0.00801)
2021-10-27 16:44:06,990 Epoch: [16][140/200]	Time 0.388s (0.397s)	Speed 82.5 samples/s	Data 0.002s (0.002s)	Loss 0.00864 (0.00799)
2021-10-27 16:44:10,914 Epoch: [16][150/200]	Time 0.378s (0.397s)	Speed 84.6 samples/s	Data 0.002s (0.002s)	Loss 0.00816 (0.00798)
2021-10-27 16:44:14,804 Epoch: [16][160/200]	Time 0.385s (0.396s)	Speed 83.0 samples/s	Data 0.001s (0.002s)	Loss 0.00730 (0.00796)
2021-10-27 16:44:18,693 Epoch: [16][170/200]	Time 0.390s (0.396s)	Speed 82.0 samples/s	Data 0.002s (0.002s)	Loss 0.00987 (0.00798)
2021-10-27 16:44:22,605 Epoch: [16][180/200]	Time 0.390s (0.396s)	Speed 82.0 samples/s	Data 0.001s (0.002s)	Loss 0.00689 (0.00794)
2021-10-27 16:44:26,643 Epoch: [16][190/200]	Time 0.345s (0.396s)	Speed 92.6 samples/s	Data 0.001s (0.002s)	Loss 0.00784 (0.00794)
2021-10-27 16:44:30,243 Test: [0/200]	Time 0.090 (0.090)	Loss 0.0541 (0.0541)
2021-10-27 16:44:30,553 Test: [10/200]	Time 0.029 (0.036)	Loss 0.0088 (0.0431)
2021-10-27 16:44:30,862 Test: [20/200]	Time 0.029 (0.034)	Loss 0.0291 (0.0477)
2021-10-27 16:44:31,220 Test: [30/200]	Time 0.031 (0.034)	Loss 0.0566 (0.0515)
2021-10-27 16:44:31,560 Test: [40/200]	Time 0.027 (0.034)	Loss 0.0413 (0.0542)
2021-10-27 16:44:31,855 Test: [50/200]	Time 0.027 (0.033)	Loss 0.0717 (0.0532)
2021-10-27 16:44:32,156 Test: [60/200]	Time 0.028 (0.033)	Loss 0.0692 (0.0563)
2021-10-27 16:44:32,467 Test: [70/200]	Time 0.028 (0.033)	Loss 0.0377 (0.0554)
2021-10-27 16:44:32,770 Test: [80/200]	Time 0.028 (0.032)	Loss 0.0497 (0.0537)
2021-10-27 16:44:33,076 Test: [90/200]	Time 0.028 (0.032)	Loss 0.0710 (0.0550)
2021-10-27 16:44:33,383 Test: [100/200]	Time 0.028 (0.032)	Loss 0.0720 (0.0543)
2021-10-27 16:44:33,688 Test: [110/200]	Time 0.027 (0.032)	Loss 0.1927 (0.0552)
2021-10-27 16:44:33,994 Test: [120/200]	Time 0.030 (0.032)	Loss 0.0593 (0.0539)
2021-10-27 16:44:34,302 Test: [130/200]	Time 0.029 (0.032)	Loss 0.0573 (0.0541)
2021-10-27 16:44:34,614 Test: [140/200]	Time 0.029 (0.032)	Loss 0.0480 (0.0538)
2021-10-27 16:44:34,917 Test: [150/200]	Time 0.027 (0.032)	Loss 0.0606 (0.0529)
2021-10-27 16:44:35,237 Test: [160/200]	Time 0.042 (0.032)	Loss 0.0690 (0.0530)
2021-10-27 16:44:35,546 Test: [170/200]	Time 0.028 (0.032)	Loss 0.0881 (0.0529)
2021-10-27 16:44:35,893 Test: [180/200]	Time 0.027 (0.032)	Loss 0.0333 (0.0525)
2021-10-27 16:44:36,191 Test: [190/200]	Time 0.027 (0.032)	Loss 0.0204 (0.0523)
2021-10-27 16:44:37,417 Mean IoU score: 0.874
2021-10-27 16:44:37,419 => saving checkpoint to out
2021-10-27 16:44:38,106 Epoch: [17][0/200]	Time 0.578s (0.578s)	Speed 55.4 samples/s	Data 0.077s (0.077s)	Loss 0.00757 (0.00757)
2021-10-27 16:44:42,154 Epoch: [17][10/200]	Time 0.398s (0.421s)	Speed 80.3 samples/s	Data 0.002s (0.009s)	Loss 0.00751 (0.00677)
2021-10-27 16:44:46,061 Epoch: [17][20/200]	Time 0.374s (0.406s)	Speed 85.6 samples/s	Data 0.002s (0.005s)	Loss 0.00733 (0.00705)
2021-10-27 16:44:50,082 Epoch: [17][30/200]	Time 0.398s (0.405s)	Speed 80.5 samples/s	Data 0.002s (0.004s)	Loss 0.00691 (0.00707)
2021-10-27 16:44:54,043 Epoch: [17][40/200]	Time 0.385s (0.403s)	Speed 83.1 samples/s	Data 0.002s (0.004s)	Loss 0.00751 (0.00725)
2021-10-27 16:44:57,950 Epoch: [17][50/200]	Time 0.383s (0.400s)	Speed 83.6 samples/s	Data 0.001s (0.003s)	Loss 0.00809 (0.00734)
2021-10-27 16:45:01,865 Epoch: [17][60/200]	Time 0.414s (0.399s)	Speed 77.3 samples/s	Data 0.004s (0.003s)	Loss 0.00912 (0.00735)
2021-10-27 16:45:05,786 Epoch: [17][70/200]	Time 0.412s (0.398s)	Speed 77.7 samples/s	Data 0.002s (0.003s)	Loss 0.00672 (0.00736)
2021-10-27 16:45:09,666 Epoch: [17][80/200]	Time 0.406s (0.397s)	Speed 78.7 samples/s	Data 0.002s (0.003s)	Loss 0.00871 (0.00734)
2021-10-27 16:45:13,643 Epoch: [17][90/200]	Time 0.418s (0.397s)	Speed 76.6 samples/s	Data 0.002s (0.003s)	Loss 0.00758 (0.00734)
2021-10-27 16:45:17,571 Epoch: [17][100/200]	Time 0.400s (0.396s)	Speed 80.0 samples/s	Data 0.002s (0.003s)	Loss 0.00605 (0.00725)
2021-10-27 16:45:21,495 Epoch: [17][110/200]	Time 0.408s (0.396s)	Speed 78.4 samples/s	Data 0.002s (0.002s)	Loss 0.00529 (0.00729)
2021-10-27 16:45:25,396 Epoch: [17][120/200]	Time 0.400s (0.396s)	Speed 80.0 samples/s	Data 0.002s (0.002s)	Loss 0.00699 (0.00729)
2021-10-27 16:45:29,318 Epoch: [17][130/200]	Time 0.385s (0.395s)	Speed 83.2 samples/s	Data 0.002s (0.002s)	Loss 0.00800 (0.00730)
2021-10-27 16:45:33,192 Epoch: [17][140/200]	Time 0.386s (0.395s)	Speed 82.9 samples/s	Data 0.002s (0.002s)	Loss 0.00595 (0.00727)
2021-10-27 16:45:37,560 Epoch: [17][150/200]	Time 0.410s (0.398s)	Speed 78.0 samples/s	Data 0.002s (0.002s)	Loss 0.00553 (0.00726)
2021-10-27 16:45:41,628 Epoch: [17][160/200]	Time 0.399s (0.398s)	Speed 80.2 samples/s	Data 0.001s (0.002s)	Loss 0.00775 (0.00727)
2021-10-27 16:45:45,851 Epoch: [17][170/200]	Time 0.393s (0.400s)	Speed 81.3 samples/s	Data 0.002s (0.002s)	Loss 0.00825 (0.00731)
2021-10-27 16:45:49,654 Epoch: [17][180/200]	Time 0.387s (0.398s)	Speed 82.6 samples/s	Data 0.002s (0.002s)	Loss 0.00662 (0.00730)
2021-10-27 16:45:53,565 Epoch: [17][190/200]	Time 0.379s (0.398s)	Speed 84.4 samples/s	Data 0.002s (0.002s)	Loss 0.00746 (0.00731)
2021-10-27 16:45:57,178 Test: [0/200]	Time 0.082 (0.082)	Loss 0.0504 (0.0504)
2021-10-27 16:45:57,492 Test: [10/200]	Time 0.029 (0.036)	Loss 0.0088 (0.0447)
2021-10-27 16:45:57,802 Test: [20/200]	Time 0.028 (0.034)	Loss 0.0298 (0.0494)
2021-10-27 16:45:58,149 Test: [30/200]	Time 0.027 (0.034)	Loss 0.0505 (0.0540)
2021-10-27 16:45:58,451 Test: [40/200]	Time 0.028 (0.033)	Loss 0.0419 (0.0569)
2021-10-27 16:45:58,878 Test: [50/200]	Time 0.029 (0.035)	Loss 0.0804 (0.0559)
2021-10-27 16:45:59,162 Test: [60/200]	Time 0.027 (0.034)	Loss 0.0690 (0.0584)
2021-10-27 16:45:59,585 Test: [70/200]	Time 0.040 (0.035)	Loss 0.0371 (0.0576)
2021-10-27 16:45:59,869 Test: [80/200]	Time 0.027 (0.034)	Loss 0.0514 (0.0560)
2021-10-27 16:46:00,171 Test: [90/200]	Time 0.028 (0.034)	Loss 0.0766 (0.0574)
2021-10-27 16:46:00,483 Test: [100/200]	Time 0.029 (0.034)	Loss 0.0773 (0.0567)
2021-10-27 16:46:00,921 Test: [110/200]	Time 0.040 (0.034)	Loss 0.2024 (0.0578)
2021-10-27 16:46:01,201 Test: [120/200]	Time 0.027 (0.034)	Loss 0.0533 (0.0563)
2021-10-27 16:46:01,574 Test: [130/200]	Time 0.026 (0.034)	Loss 0.0524 (0.0564)
2021-10-27 16:46:01,871 Test: [140/200]	Time 0.027 (0.034)	Loss 0.0498 (0.0559)
2021-10-27 16:46:02,172 Test: [150/200]	Time 0.032 (0.034)	Loss 0.0549 (0.0549)
2021-10-27 16:46:02,599 Test: [160/200]	Time 0.041 (0.034)	Loss 0.0672 (0.0550)
2021-10-27 16:46:02,909 Test: [170/200]	Time 0.026 (0.034)	Loss 0.0903 (0.0549)
2021-10-27 16:46:03,208 Test: [180/200]	Time 0.027 (0.034)	Loss 0.0345 (0.0545)
2021-10-27 16:46:03,508 Test: [190/200]	Time 0.027 (0.034)	Loss 0.0207 (0.0543)
2021-10-27 16:46:04,631 Mean IoU score: 0.873
2021-10-27 16:46:04,632 => saving checkpoint to out
2021-10-27 16:46:05,306 Epoch: [18][0/200]	Time 0.617s (0.617s)	Speed 51.9 samples/s	Data 0.091s (0.091s)	Loss 0.00766 (0.00766)
2021-10-27 16:46:09,165 Epoch: [18][10/200]	Time 0.391s (0.407s)	Speed 81.9 samples/s	Data 0.001s (0.010s)	Loss 0.00555 (0.00726)
2021-10-27 16:46:13,170 Epoch: [18][20/200]	Time 0.391s (0.404s)	Speed 81.9 samples/s	Data 0.002s (0.006s)	Loss 0.00879 (0.00731)
2021-10-27 16:46:17,069 Epoch: [18][30/200]	Time 0.407s (0.399s)	Speed 78.6 samples/s	Data 0.002s (0.005s)	Loss 0.00682 (0.00705)
2021-10-27 16:46:20,936 Epoch: [18][40/200]	Time 0.388s (0.396s)	Speed 82.5 samples/s	Data 0.002s (0.004s)	Loss 0.00848 (0.00697)
2021-10-27 16:46:24,844 Epoch: [18][50/200]	Time 0.388s (0.395s)	Speed 82.5 samples/s	Data 0.002s (0.003s)	Loss 0.00634 (0.00686)
2021-10-27 16:46:28,746 Epoch: [18][60/200]	Time 0.397s (0.394s)	Speed 80.6 samples/s	Data 0.002s (0.003s)	Loss 0.00473 (0.00682)
2021-10-27 16:46:32,639 Epoch: [18][70/200]	Time 0.384s (0.394s)	Speed 83.2 samples/s	Data 0.001s (0.003s)	Loss 0.00728 (0.00677)
2021-10-27 16:46:36,578 Epoch: [18][80/200]	Time 0.397s (0.394s)	Speed 80.6 samples/s	Data 0.002s (0.003s)	Loss 0.00674 (0.00670)
2021-10-27 16:46:40,450 Epoch: [18][90/200]	Time 0.402s (0.393s)	Speed 79.6 samples/s	Data 0.002s (0.003s)	Loss 0.00609 (0.00678)
2021-10-27 16:46:44,467 Epoch: [18][100/200]	Time 0.395s (0.394s)	Speed 81.1 samples/s	Data 0.002s (0.003s)	Loss 0.00819 (0.00676)
2021-10-27 16:46:48,356 Epoch: [18][110/200]	Time 0.386s (0.393s)	Speed 82.8 samples/s	Data 0.001s (0.003s)	Loss 0.00792 (0.00678)
2021-10-27 16:46:52,275 Epoch: [18][120/200]	Time 0.381s (0.393s)	Speed 84.0 samples/s	Data 0.001s (0.002s)	Loss 0.00701 (0.00678)
2021-10-27 16:46:56,159 Epoch: [18][130/200]	Time 0.381s (0.393s)	Speed 83.9 samples/s	Data 0.001s (0.002s)	Loss 0.00848 (0.00679)
2021-10-27 16:46:59,996 Epoch: [18][140/200]	Time 0.372s (0.392s)	Speed 86.1 samples/s	Data 0.001s (0.002s)	Loss 0.00583 (0.00681)
2021-10-27 16:47:04,215 Epoch: [18][150/200]	Time 0.495s (0.394s)	Speed 64.6 samples/s	Data 0.002s (0.002s)	Loss 0.00651 (0.00680)
2021-10-27 16:47:07,969 Epoch: [18][160/200]	Time 0.398s (0.393s)	Speed 80.4 samples/s	Data 0.002s (0.002s)	Loss 0.00534 (0.00682)
2021-10-27 16:47:11,939 Epoch: [18][170/200]	Time 0.392s (0.393s)	Speed 81.7 samples/s	Data 0.002s (0.002s)	Loss 0.00762 (0.00681)
2021-10-27 16:47:15,802 Epoch: [18][180/200]	Time 0.394s (0.393s)	Speed 81.2 samples/s	Data 0.002s (0.002s)	Loss 0.00748 (0.00680)
2021-10-27 16:47:19,702 Epoch: [18][190/200]	Time 0.380s (0.393s)	Speed 84.2 samples/s	Data 0.001s (0.002s)	Loss 0.00674 (0.00679)
2021-10-27 16:47:23,438 Test: [0/200]	Time 0.100 (0.100)	Loss 0.0548 (0.0548)
2021-10-27 16:47:23,748 Test: [10/200]	Time 0.027 (0.037)	Loss 0.0085 (0.0447)
2021-10-27 16:47:24,048 Test: [20/200]	Time 0.027 (0.034)	Loss 0.0299 (0.0489)
2021-10-27 16:47:24,372 Test: [30/200]	Time 0.030 (0.033)	Loss 0.0503 (0.0536)
2021-10-27 16:47:24,685 Test: [40/200]	Time 0.029 (0.033)	Loss 0.0395 (0.0561)
2021-10-27 16:47:24,993 Test: [50/200]	Time 0.029 (0.032)	Loss 0.0759 (0.0553)
2021-10-27 16:47:25,315 Test: [60/200]	Time 0.029 (0.032)	Loss 0.0593 (0.0580)
2021-10-27 16:47:25,631 Test: [70/200]	Time 0.032 (0.032)	Loss 0.0380 (0.0570)
2021-10-27 16:47:25,935 Test: [80/200]	Time 0.028 (0.032)	Loss 0.0457 (0.0553)
2021-10-27 16:47:26,245 Test: [90/200]	Time 0.030 (0.032)	Loss 0.0856 (0.0567)
2021-10-27 16:47:26,588 Test: [100/200]	Time 0.032 (0.032)	Loss 0.0736 (0.0560)
2021-10-27 16:47:26,886 Test: [110/200]	Time 0.028 (0.032)	Loss 0.1987 (0.0570)
2021-10-27 16:47:27,189 Test: [120/200]	Time 0.029 (0.032)	Loss 0.0552 (0.0556)
2021-10-27 16:47:27,634 Test: [130/200]	Time 0.040 (0.033)	Loss 0.0535 (0.0557)
2021-10-27 16:47:27,991 Test: [140/200]	Time 0.025 (0.033)	Loss 0.0505 (0.0553)
2021-10-27 16:47:28,269 Test: [150/200]	Time 0.027 (0.033)	Loss 0.0544 (0.0544)
2021-10-27 16:47:28,573 Test: [160/200]	Time 0.027 (0.033)	Loss 0.0786 (0.0545)
2021-10-27 16:47:28,871 Test: [170/200]	Time 0.027 (0.032)	Loss 0.0942 (0.0544)
2021-10-27 16:47:29,172 Test: [180/200]	Time 0.028 (0.032)	Loss 0.0318 (0.0540)
2021-10-27 16:47:29,476 Test: [190/200]	Time 0.028 (0.032)	Loss 0.0213 (0.0537)
2021-10-27 16:47:30,626 Mean IoU score: 0.874
2021-10-27 16:47:30,627 => saving checkpoint to out
2021-10-27 16:47:31,254 Epoch: [19][0/200]	Time 0.578s (0.578s)	Speed 55.4 samples/s	Data 0.077s (0.077s)	Loss 0.00717 (0.00717)
2021-10-27 16:47:35,198 Epoch: [19][10/200]	Time 0.383s (0.411s)	Speed 83.6 samples/s	Data 0.002s (0.009s)	Loss 0.00712 (0.00624)
2021-10-27 16:47:39,212 Epoch: [19][20/200]	Time 0.392s (0.406s)	Speed 81.7 samples/s	Data 0.001s (0.005s)	Loss 0.00633 (0.00606)
2021-10-27 16:47:43,361 Epoch: [19][30/200]	Time 0.435s (0.409s)	Speed 73.5 samples/s	Data 0.002s (0.004s)	Loss 0.00742 (0.00612)
2021-10-27 16:47:47,316 Epoch: [19][40/200]	Time 0.374s (0.406s)	Speed 85.6 samples/s	Data 0.001s (0.004s)	Loss 0.00503 (0.00610)
2021-10-27 16:47:51,271 Epoch: [19][50/200]	Time 0.379s (0.404s)	Speed 84.4 samples/s	Data 0.002s (0.003s)	Loss 0.00665 (0.00616)
2021-10-27 16:47:55,170 Epoch: [19][60/200]	Time 0.381s (0.402s)	Speed 84.1 samples/s	Data 0.002s (0.003s)	Loss 0.00657 (0.00613)
2021-10-27 16:47:59,100 Epoch: [19][70/200]	Time 0.390s (0.400s)	Speed 82.0 samples/s	Data 0.001s (0.003s)	Loss 0.00527 (0.00610)
2021-10-27 16:48:03,100 Epoch: [19][80/200]	Time 0.402s (0.400s)	Speed 79.5 samples/s	Data 0.002s (0.003s)	Loss 0.00684 (0.00616)
2021-10-27 16:48:07,007 Epoch: [19][90/200]	Time 0.380s (0.399s)	Speed 84.3 samples/s	Data 0.002s (0.003s)	Loss 0.00637 (0.00620)
2021-10-27 16:48:11,071 Epoch: [19][100/200]	Time 0.392s (0.400s)	Speed 81.7 samples/s	Data 0.002s (0.003s)	Loss 0.00770 (0.00622)
2021-10-27 16:48:15,052 Epoch: [19][110/200]	Time 0.402s (0.400s)	Speed 79.5 samples/s	Data 0.002s (0.002s)	Loss 0.00593 (0.00621)
2021-10-27 16:48:19,016 Epoch: [19][120/200]	Time 0.391s (0.400s)	Speed 81.9 samples/s	Data 0.002s (0.002s)	Loss 0.00633 (0.00622)
2021-10-27 16:48:23,020 Epoch: [19][130/200]	Time 0.463s (0.400s)	Speed 69.1 samples/s	Data 0.002s (0.002s)	Loss 0.00640 (0.00623)
2021-10-27 16:48:27,024 Epoch: [19][140/200]	Time 0.349s (0.400s)	Speed 91.6 samples/s	Data 0.001s (0.002s)	Loss 0.00536 (0.00629)
2021-10-27 16:48:30,912 Epoch: [19][150/200]	Time 0.388s (0.399s)	Speed 82.4 samples/s	Data 0.002s (0.002s)	Loss 0.00640 (0.00631)
2021-10-27 16:48:34,841 Epoch: [19][160/200]	Time 0.402s (0.399s)	Speed 79.7 samples/s	Data 0.002s (0.002s)	Loss 0.00793 (0.00634)
2021-10-27 16:48:38,766 Epoch: [19][170/200]	Time 0.400s (0.398s)	Speed 80.0 samples/s	Data 0.002s (0.002s)	Loss 0.00533 (0.00634)
2021-10-27 16:48:42,828 Epoch: [19][180/200]	Time 0.383s (0.399s)	Speed 83.6 samples/s	Data 0.002s (0.002s)	Loss 0.00751 (0.00634)
2021-10-27 16:48:46,765 Epoch: [19][190/200]	Time 0.388s (0.398s)	Speed 82.4 samples/s	Data 0.002s (0.002s)	Loss 0.00744 (0.00637)
2021-10-27 16:48:50,443 Test: [0/200]	Time 0.117 (0.117)	Loss 0.0499 (0.0499)
2021-10-27 16:48:50,765 Test: [10/200]	Time 0.027 (0.040)	Loss 0.0088 (0.0436)
2021-10-27 16:48:51,068 Test: [20/200]	Time 0.028 (0.035)	Loss 0.0279 (0.0487)
2021-10-27 16:48:51,396 Test: [30/200]	Time 0.039 (0.035)	Loss 0.0552 (0.0546)
2021-10-27 16:48:51,732 Test: [40/200]	Time 0.027 (0.034)	Loss 0.0393 (0.0577)
2021-10-27 16:48:52,028 Test: [50/200]	Time 0.028 (0.033)	Loss 0.0859 (0.0568)
2021-10-27 16:48:52,329 Test: [60/200]	Time 0.028 (0.033)	Loss 0.0733 (0.0599)
2021-10-27 16:48:52,672 Test: [70/200]	Time 0.035 (0.033)	Loss 0.0369 (0.0590)
2021-10-27 16:48:53,028 Test: [80/200]	Time 0.027 (0.033)	Loss 0.0576 (0.0575)
2021-10-27 16:48:53,323 Test: [90/200]	Time 0.027 (0.033)	Loss 0.0853 (0.0593)
2021-10-27 16:48:53,733 Test: [100/200]	Time 0.025 (0.034)	Loss 0.0745 (0.0589)
2021-10-27 16:48:54,018 Test: [110/200]	Time 0.027 (0.033)	Loss 0.2088 (0.0598)
2021-10-27 16:48:54,314 Test: [120/200]	Time 0.027 (0.033)	Loss 0.0605 (0.0583)
2021-10-27 16:48:54,657 Test: [130/200]	Time 0.027 (0.033)	Loss 0.0546 (0.0586)
2021-10-27 16:48:54,952 Test: [140/200]	Time 0.027 (0.033)	Loss 0.0447 (0.0579)
2021-10-27 16:48:55,268 Test: [150/200]	Time 0.029 (0.033)	Loss 0.0623 (0.0570)
2021-10-27 16:48:55,584 Test: [160/200]	Time 0.028 (0.033)	Loss 0.0628 (0.0571)
2021-10-27 16:48:55,885 Test: [170/200]	Time 0.028 (0.033)	Loss 0.0962 (0.0569)
2021-10-27 16:48:56,185 Test: [180/200]	Time 0.028 (0.032)	Loss 0.0368 (0.0564)
2021-10-27 16:48:56,497 Test: [190/200]	Time 0.028 (0.032)	Loss 0.0199 (0.0562)
2021-10-27 16:48:57,613 Mean IoU score: 0.870
2021-10-27 16:48:57,615 => saving checkpoint to out
2021-10-27 16:48:57,702 saving final model state to out/final_state.pth.tar
